[2025-08-17 10:18:37] [INFO] [lstm.py:29] - Loading dataset from: dataset\YouTube\processed\extracted_labels_Youtube.csv
[2025-08-17 10:18:37] [INFO] [lstm.py:34] - Using device: cuda
[2025-08-17 10:18:38] [INFO] [lstm.py:71] - ==== LSTM Model Configuration ====
[2025-08-17 10:18:38] [INFO] [lstm.py:72] - Input size   : 34
[2025-08-17 10:18:38] [INFO] [lstm.py:73] - Hidden size  : 128
[2025-08-17 10:18:38] [INFO] [lstm.py:74] - Num layers   : 3
[2025-08-17 10:18:38] [INFO] [lstm.py:75] - Dropout      : 0.6
[2025-08-17 10:18:38] [INFO] [lstm.py:76] - Use Sigmoid  : True
[2025-08-17 10:18:38] [INFO] [lstm.py:77] - Output size  : 1
[2025-08-17 10:18:38] [INFO] [lstm.py:79] - ==== Training Hyperparameters ====
[2025-08-17 10:18:38] [INFO] [lstm.py:80] - Learning rate: 0.0005
[2025-08-17 10:18:38] [INFO] [lstm.py:81] - Optimizer    : AdamW
[2025-08-17 10:18:38] [INFO] [lstm.py:82] - Weight decay : 1e-06
[2025-08-17 10:18:38] [INFO] [lstm.py:83] - Loss function: BCELoss
[2025-08-17 10:18:38] [INFO] [lstm.py:84] - Num epochs   : 500
[2025-08-17 10:18:38] [INFO] [lstm.py:85] - Batch size   : 64
[2025-08-17 10:18:38] [INFO] [lstm.py:110] - [Epoch 1] Loss: 1.1645 | Accuracy: 57.9545%
[2025-08-17 10:18:38] [INFO] [lstm.py:110] - [Epoch 2] Loss: 1.6360 | Accuracy: 34.0909%
[2025-08-17 10:18:38] [INFO] [lstm.py:110] - [Epoch 3] Loss: 1.5855 | Accuracy: 48.8636%
[2025-08-17 10:18:38] [INFO] [lstm.py:110] - [Epoch 4] Loss: 0.9845 | Accuracy: 61.3636%
[2025-08-17 10:18:38] [INFO] [lstm.py:110] - [Epoch 5] Loss: 1.2904 | Accuracy: 39.7727%
[2025-08-17 10:18:38] [INFO] [lstm.py:110] - [Epoch 6] Loss: 1.2662 | Accuracy: 51.1364%
[2025-08-17 10:18:38] [INFO] [lstm.py:110] - [Epoch 7] Loss: 0.9375 | Accuracy: 65.9091%
[2025-08-17 10:18:38] [INFO] [lstm.py:110] - [Epoch 8] Loss: 0.7089 | Accuracy: 68.1818%
[2025-08-17 10:18:38] [INFO] [lstm.py:110] - [Epoch 9] Loss: 0.8409 | Accuracy: 59.0909%
[2025-08-17 10:18:38] [INFO] [lstm.py:110] - [Epoch 10] Loss: 0.7452 | Accuracy: 62.5000%
[2025-08-17 10:18:38] [INFO] [lstm.py:110] - [Epoch 11] Loss: 0.7371 | Accuracy: 64.7727%
[2025-08-17 10:18:38] [INFO] [lstm.py:110] - [Epoch 12] Loss: 1.0338 | Accuracy: 65.9091%
[2025-08-17 10:18:38] [INFO] [lstm.py:110] - [Epoch 13] Loss: 0.7982 | Accuracy: 59.0909%
[2025-08-17 10:18:38] [INFO] [lstm.py:110] - [Epoch 14] Loss: 0.7281 | Accuracy: 72.7273%
[2025-08-17 10:18:38] [INFO] [lstm.py:110] - [Epoch 15] Loss: 0.5394 | Accuracy: 75.0000%
[2025-08-17 10:18:38] [INFO] [lstm.py:110] - [Epoch 16] Loss: 0.5786 | Accuracy: 73.8636%
[2025-08-17 10:18:38] [INFO] [lstm.py:110] - [Epoch 17] Loss: 0.7114 | Accuracy: 69.3182%
[2025-08-17 10:18:38] [INFO] [lstm.py:110] - [Epoch 18] Loss: 0.7242 | Accuracy: 75.0000%
[2025-08-17 10:18:38] [INFO] [lstm.py:110] - [Epoch 19] Loss: 0.4898 | Accuracy: 78.4091%
[2025-08-17 10:18:38] [INFO] [lstm.py:110] - [Epoch 20] Loss: 0.6835 | Accuracy: 73.8636%
[2025-08-17 10:18:38] [INFO] [lstm.py:110] - [Epoch 21] Loss: 0.4927 | Accuracy: 82.9545%
[2025-08-17 10:18:38] [INFO] [lstm.py:110] - [Epoch 22] Loss: 0.5368 | Accuracy: 73.8636%
[2025-08-17 10:18:38] [INFO] [lstm.py:110] - [Epoch 23] Loss: 0.4914 | Accuracy: 82.9545%
[2025-08-17 10:18:38] [INFO] [lstm.py:110] - [Epoch 24] Loss: 0.6007 | Accuracy: 70.4545%
[2025-08-17 10:18:38] [INFO] [lstm.py:110] - [Epoch 25] Loss: 0.4158 | Accuracy: 81.8182%
[2025-08-17 10:18:38] [INFO] [lstm.py:110] - [Epoch 26] Loss: 0.4205 | Accuracy: 82.9545%
[2025-08-17 10:18:38] [INFO] [lstm.py:110] - [Epoch 27] Loss: 0.4329 | Accuracy: 79.5455%
[2025-08-17 10:18:38] [INFO] [lstm.py:110] - [Epoch 28] Loss: 0.5658 | Accuracy: 72.7273%
[2025-08-17 10:18:38] [INFO] [lstm.py:110] - [Epoch 29] Loss: 0.5999 | Accuracy: 75.0000%
[2025-08-17 10:18:38] [INFO] [lstm.py:110] - [Epoch 30] Loss: 0.5615 | Accuracy: 80.6818%
[2025-08-17 10:18:38] [INFO] [lstm.py:110] - [Epoch 31] Loss: 0.5724 | Accuracy: 80.6818%
[2025-08-17 10:18:38] [INFO] [lstm.py:110] - [Epoch 32] Loss: 0.4855 | Accuracy: 82.9545%
[2025-08-17 10:18:38] [INFO] [lstm.py:110] - [Epoch 33] Loss: 0.5421 | Accuracy: 77.2727%
[2025-08-17 10:18:38] [INFO] [lstm.py:110] - [Epoch 34] Loss: 0.4742 | Accuracy: 84.0909%
[2025-08-17 10:18:38] [INFO] [lstm.py:110] - [Epoch 35] Loss: 0.4370 | Accuracy: 79.5455%
[2025-08-17 10:18:38] [INFO] [lstm.py:110] - [Epoch 36] Loss: 0.6373 | Accuracy: 76.1364%
[2025-08-17 10:18:38] [INFO] [lstm.py:110] - [Epoch 37] Loss: 0.5101 | Accuracy: 79.5455%
[2025-08-17 10:18:38] [INFO] [lstm.py:110] - [Epoch 38] Loss: 0.4352 | Accuracy: 86.3636%
[2025-08-17 10:18:38] [INFO] [lstm.py:110] - [Epoch 39] Loss: 0.6158 | Accuracy: 72.7273%
[2025-08-17 10:18:38] [INFO] [lstm.py:110] - [Epoch 40] Loss: 0.4753 | Accuracy: 73.8636%
[2025-08-17 10:18:38] [INFO] [lstm.py:110] - [Epoch 41] Loss: 0.3877 | Accuracy: 84.0909%
[2025-08-17 10:18:38] [INFO] [lstm.py:110] - [Epoch 42] Loss: 0.4332 | Accuracy: 82.9545%
[2025-08-17 10:18:38] [INFO] [lstm.py:110] - [Epoch 43] Loss: 0.6375 | Accuracy: 71.5909%
[2025-08-17 10:18:38] [INFO] [lstm.py:110] - [Epoch 44] Loss: 0.4777 | Accuracy: 78.4091%
[2025-08-17 10:18:38] [INFO] [lstm.py:110] - [Epoch 45] Loss: 0.5299 | Accuracy: 80.6818%
[2025-08-17 10:18:38] [INFO] [lstm.py:110] - [Epoch 46] Loss: 0.4275 | Accuracy: 81.8182%
[2025-08-17 10:18:38] [INFO] [lstm.py:110] - [Epoch 47] Loss: 0.4613 | Accuracy: 81.8182%
[2025-08-17 10:18:38] [INFO] [lstm.py:110] - [Epoch 48] Loss: 0.5216 | Accuracy: 77.2727%
[2025-08-17 10:18:38] [INFO] [lstm.py:110] - [Epoch 49] Loss: 0.3304 | Accuracy: 87.5000%
[2025-08-17 10:18:38] [INFO] [lstm.py:110] - [Epoch 50] Loss: 0.3601 | Accuracy: 84.0909%
[2025-08-17 10:18:38] [INFO] [lstm.py:110] - [Epoch 51] Loss: 0.2747 | Accuracy: 88.6364%
[2025-08-17 10:18:38] [INFO] [lstm.py:110] - [Epoch 52] Loss: 0.4379 | Accuracy: 80.6818%
[2025-08-17 10:18:38] [INFO] [lstm.py:110] - [Epoch 53] Loss: 0.4728 | Accuracy: 84.0909%
[2025-08-17 10:18:38] [INFO] [lstm.py:110] - [Epoch 54] Loss: 0.3370 | Accuracy: 81.8182%
[2025-08-17 10:18:38] [INFO] [lstm.py:110] - [Epoch 55] Loss: 0.4542 | Accuracy: 84.0909%
[2025-08-17 10:18:38] [INFO] [lstm.py:110] - [Epoch 56] Loss: 0.2940 | Accuracy: 87.5000%
[2025-08-17 10:18:38] [INFO] [lstm.py:110] - [Epoch 57] Loss: 0.4879 | Accuracy: 76.1364%
[2025-08-17 10:18:38] [INFO] [lstm.py:110] - [Epoch 58] Loss: 0.3875 | Accuracy: 85.2273%
[2025-08-17 10:18:38] [INFO] [lstm.py:110] - [Epoch 59] Loss: 0.5759 | Accuracy: 82.9545%
[2025-08-17 10:18:38] [INFO] [lstm.py:110] - [Epoch 60] Loss: 0.4585 | Accuracy: 86.3636%
[2025-08-17 10:18:38] [INFO] [lstm.py:110] - [Epoch 61] Loss: 0.4585 | Accuracy: 87.5000%
[2025-08-17 10:18:38] [INFO] [lstm.py:110] - [Epoch 62] Loss: 0.4019 | Accuracy: 85.2273%
[2025-08-17 10:18:38] [INFO] [lstm.py:110] - [Epoch 63] Loss: 0.4068 | Accuracy: 84.0909%
[2025-08-17 10:18:38] [INFO] [lstm.py:110] - [Epoch 64] Loss: 0.3262 | Accuracy: 90.9091%
[2025-08-17 10:18:38] [INFO] [lstm.py:110] - [Epoch 65] Loss: 0.3859 | Accuracy: 90.9091%
[2025-08-17 10:18:38] [INFO] [lstm.py:110] - [Epoch 66] Loss: 0.4456 | Accuracy: 85.2273%
[2025-08-17 10:18:38] [INFO] [lstm.py:110] - [Epoch 67] Loss: 0.3744 | Accuracy: 81.8182%
[2025-08-17 10:18:38] [INFO] [lstm.py:110] - [Epoch 68] Loss: 0.4327 | Accuracy: 81.8182%
[2025-08-17 10:18:38] [INFO] [lstm.py:110] - [Epoch 69] Loss: 0.2972 | Accuracy: 87.5000%
[2025-08-17 10:18:38] [INFO] [lstm.py:110] - [Epoch 70] Loss: 0.3630 | Accuracy: 85.2273%
[2025-08-17 10:18:38] [INFO] [lstm.py:110] - [Epoch 71] Loss: 0.4193 | Accuracy: 84.0909%
[2025-08-17 10:18:38] [INFO] [lstm.py:110] - [Epoch 72] Loss: 0.3438 | Accuracy: 85.2273%
[2025-08-17 10:18:38] [INFO] [lstm.py:110] - [Epoch 73] Loss: 0.3151 | Accuracy: 88.6364%
[2025-08-17 10:18:38] [INFO] [lstm.py:110] - [Epoch 74] Loss: 0.3613 | Accuracy: 87.5000%
[2025-08-17 10:18:38] [INFO] [lstm.py:110] - [Epoch 75] Loss: 0.3030 | Accuracy: 85.2273%
[2025-08-17 10:18:38] [INFO] [lstm.py:110] - [Epoch 76] Loss: 0.2727 | Accuracy: 89.7727%
[2025-08-17 10:18:38] [INFO] [lstm.py:110] - [Epoch 77] Loss: 0.3450 | Accuracy: 84.0909%
[2025-08-17 10:18:38] [INFO] [lstm.py:110] - [Epoch 78] Loss: 0.4041 | Accuracy: 88.6364%
[2025-08-17 10:18:38] [INFO] [lstm.py:110] - [Epoch 79] Loss: 0.4568 | Accuracy: 87.5000%
[2025-08-17 10:18:38] [INFO] [lstm.py:110] - [Epoch 80] Loss: 0.3074 | Accuracy: 89.7727%
[2025-08-17 10:18:38] [INFO] [lstm.py:110] - [Epoch 81] Loss: 0.4040 | Accuracy: 81.8182%
[2025-08-17 10:18:38] [INFO] [lstm.py:110] - [Epoch 82] Loss: 0.4185 | Accuracy: 84.0909%
[2025-08-17 10:18:38] [INFO] [lstm.py:110] - [Epoch 83] Loss: 0.2877 | Accuracy: 90.9091%
[2025-08-17 10:18:38] [INFO] [lstm.py:110] - [Epoch 84] Loss: 0.3909 | Accuracy: 86.3636%
[2025-08-17 10:18:38] [INFO] [lstm.py:110] - [Epoch 85] Loss: 0.3394 | Accuracy: 86.3636%
[2025-08-17 10:18:38] [INFO] [lstm.py:110] - [Epoch 86] Loss: 0.3251 | Accuracy: 86.3636%
[2025-08-17 10:18:38] [INFO] [lstm.py:110] - [Epoch 87] Loss: 0.3911 | Accuracy: 90.9091%
[2025-08-17 10:18:38] [INFO] [lstm.py:110] - [Epoch 88] Loss: 0.3458 | Accuracy: 90.9091%
[2025-08-17 10:18:38] [INFO] [lstm.py:110] - [Epoch 89] Loss: 0.3570 | Accuracy: 88.6364%
[2025-08-17 10:18:38] [INFO] [lstm.py:110] - [Epoch 90] Loss: 0.3559 | Accuracy: 89.7727%
[2025-08-17 10:18:38] [INFO] [lstm.py:110] - [Epoch 91] Loss: 0.3238 | Accuracy: 89.7727%
[2025-08-17 10:18:38] [INFO] [lstm.py:110] - [Epoch 92] Loss: 0.2998 | Accuracy: 88.6364%
[2025-08-17 10:18:38] [INFO] [lstm.py:110] - [Epoch 93] Loss: 0.3676 | Accuracy: 85.2273%
[2025-08-17 10:18:38] [INFO] [lstm.py:110] - [Epoch 94] Loss: 0.2995 | Accuracy: 88.6364%
[2025-08-17 10:18:38] [INFO] [lstm.py:110] - [Epoch 95] Loss: 0.3984 | Accuracy: 81.8182%
[2025-08-17 10:18:38] [INFO] [lstm.py:110] - [Epoch 96] Loss: 0.4158 | Accuracy: 86.3636%
[2025-08-17 10:18:38] [INFO] [lstm.py:110] - [Epoch 97] Loss: 0.3769 | Accuracy: 81.8182%
[2025-08-17 10:18:38] [INFO] [lstm.py:110] - [Epoch 98] Loss: 0.2772 | Accuracy: 88.6364%
[2025-08-17 10:18:38] [INFO] [lstm.py:110] - [Epoch 99] Loss: 0.3998 | Accuracy: 87.5000%
[2025-08-17 10:18:38] [INFO] [lstm.py:110] - [Epoch 100] Loss: 0.2873 | Accuracy: 87.5000%
[2025-08-17 10:18:38] [INFO] [lstm.py:110] - [Epoch 101] Loss: 0.3956 | Accuracy: 84.0909%
[2025-08-17 10:18:38] [INFO] [lstm.py:110] - [Epoch 102] Loss: 0.3788 | Accuracy: 86.3636%
[2025-08-17 10:18:38] [INFO] [lstm.py:110] - [Epoch 103] Loss: 0.3351 | Accuracy: 89.7727%
[2025-08-17 10:18:38] [INFO] [lstm.py:110] - [Epoch 104] Loss: 0.2861 | Accuracy: 88.6364%
[2025-08-17 10:18:38] [INFO] [lstm.py:110] - [Epoch 105] Loss: 0.3794 | Accuracy: 92.0455%
[2025-08-17 10:18:39] [INFO] [lstm.py:110] - [Epoch 106] Loss: 0.3046 | Accuracy: 89.7727%
[2025-08-17 10:18:39] [INFO] [lstm.py:110] - [Epoch 107] Loss: 0.3377 | Accuracy: 88.6364%
[2025-08-17 10:18:39] [INFO] [lstm.py:110] - [Epoch 108] Loss: 0.3461 | Accuracy: 82.9545%
[2025-08-17 10:18:39] [INFO] [lstm.py:110] - [Epoch 109] Loss: 0.3417 | Accuracy: 85.2273%
[2025-08-17 10:18:39] [INFO] [lstm.py:110] - [Epoch 110] Loss: 0.3289 | Accuracy: 93.1818%
[2025-08-17 10:18:39] [INFO] [lstm.py:110] - [Epoch 111] Loss: 0.3015 | Accuracy: 89.7727%
[2025-08-17 10:18:39] [INFO] [lstm.py:110] - [Epoch 112] Loss: 1.3886 | Accuracy: 89.7727%
[2025-08-17 10:18:39] [INFO] [lstm.py:110] - [Epoch 113] Loss: 0.3036 | Accuracy: 90.9091%
[2025-08-17 10:18:39] [INFO] [lstm.py:110] - [Epoch 114] Loss: 0.2851 | Accuracy: 81.8182%
[2025-08-17 10:18:39] [INFO] [lstm.py:110] - [Epoch 115] Loss: 0.3087 | Accuracy: 85.2273%
[2025-08-17 10:18:39] [INFO] [lstm.py:110] - [Epoch 116] Loss: 0.3604 | Accuracy: 87.5000%
[2025-08-17 10:18:39] [INFO] [lstm.py:110] - [Epoch 117] Loss: 0.3171 | Accuracy: 92.0455%
[2025-08-17 10:18:39] [INFO] [lstm.py:110] - [Epoch 118] Loss: 0.2825 | Accuracy: 85.2273%
[2025-08-17 10:18:39] [INFO] [lstm.py:110] - [Epoch 119] Loss: 0.3255 | Accuracy: 88.6364%
[2025-08-17 10:18:39] [INFO] [lstm.py:110] - [Epoch 120] Loss: 0.3320 | Accuracy: 85.2273%
[2025-08-17 10:18:39] [INFO] [lstm.py:110] - [Epoch 121] Loss: 0.2938 | Accuracy: 87.5000%
[2025-08-17 10:18:39] [INFO] [lstm.py:110] - [Epoch 122] Loss: 0.3265 | Accuracy: 86.3636%
[2025-08-17 10:18:39] [INFO] [lstm.py:110] - [Epoch 123] Loss: 0.2151 | Accuracy: 88.6364%
[2025-08-17 10:18:39] [INFO] [lstm.py:110] - [Epoch 124] Loss: 0.3025 | Accuracy: 87.5000%
[2025-08-17 10:18:39] [INFO] [lstm.py:110] - [Epoch 125] Loss: 0.2759 | Accuracy: 86.3636%
[2025-08-17 10:18:39] [INFO] [lstm.py:110] - [Epoch 126] Loss: 0.2562 | Accuracy: 89.7727%
[2025-08-17 10:18:39] [INFO] [lstm.py:110] - [Epoch 127] Loss: 0.3789 | Accuracy: 88.6364%
[2025-08-17 10:18:39] [INFO] [lstm.py:110] - [Epoch 128] Loss: 0.3441 | Accuracy: 86.3636%
[2025-08-17 10:18:39] [INFO] [lstm.py:110] - [Epoch 129] Loss: 0.2554 | Accuracy: 93.1818%
[2025-08-17 10:18:39] [INFO] [lstm.py:110] - [Epoch 130] Loss: 0.3034 | Accuracy: 86.3636%
[2025-08-17 10:18:39] [INFO] [lstm.py:110] - [Epoch 131] Loss: 0.3864 | Accuracy: 89.7727%
[2025-08-17 10:18:39] [INFO] [lstm.py:110] - [Epoch 132] Loss: 0.3571 | Accuracy: 90.9091%
[2025-08-17 10:18:39] [INFO] [lstm.py:110] - [Epoch 133] Loss: 0.3722 | Accuracy: 89.7727%
[2025-08-17 10:18:39] [INFO] [lstm.py:110] - [Epoch 134] Loss: 0.2725 | Accuracy: 92.0455%
[2025-08-17 10:18:39] [INFO] [lstm.py:110] - [Epoch 135] Loss: 0.2584 | Accuracy: 90.9091%
[2025-08-17 10:18:39] [INFO] [lstm.py:110] - [Epoch 136] Loss: 0.3239 | Accuracy: 88.6364%
[2025-08-17 10:18:39] [INFO] [lstm.py:110] - [Epoch 137] Loss: 0.2426 | Accuracy: 85.2273%
[2025-08-17 10:18:39] [INFO] [lstm.py:110] - [Epoch 138] Loss: 0.2471 | Accuracy: 92.0455%
[2025-08-17 10:18:39] [INFO] [lstm.py:110] - [Epoch 139] Loss: 0.3012 | Accuracy: 90.9091%
[2025-08-17 10:18:39] [INFO] [lstm.py:110] - [Epoch 140] Loss: 0.2939 | Accuracy: 88.6364%
[2025-08-17 10:18:39] [INFO] [lstm.py:110] - [Epoch 141] Loss: 0.2507 | Accuracy: 93.1818%
[2025-08-17 10:18:39] [INFO] [lstm.py:110] - [Epoch 142] Loss: 0.2244 | Accuracy: 88.6364%
[2025-08-17 10:18:39] [INFO] [lstm.py:110] - [Epoch 143] Loss: 0.2627 | Accuracy: 93.1818%
[2025-08-17 10:18:39] [INFO] [lstm.py:110] - [Epoch 144] Loss: 0.3233 | Accuracy: 84.0909%
[2025-08-17 10:18:39] [INFO] [lstm.py:110] - [Epoch 145] Loss: 0.4339 | Accuracy: 89.7727%
[2025-08-17 10:18:39] [INFO] [lstm.py:110] - [Epoch 146] Loss: 0.2460 | Accuracy: 90.9091%
[2025-08-17 10:18:39] [INFO] [lstm.py:110] - [Epoch 147] Loss: 0.2688 | Accuracy: 93.1818%
[2025-08-17 10:18:39] [INFO] [lstm.py:110] - [Epoch 148] Loss: 0.3128 | Accuracy: 90.9091%
[2025-08-17 10:18:39] [INFO] [lstm.py:110] - [Epoch 149] Loss: 1.4177 | Accuracy: 87.5000%
[2025-08-17 10:18:39] [INFO] [lstm.py:110] - [Epoch 150] Loss: 0.3453 | Accuracy: 86.3636%
[2025-08-17 10:18:39] [INFO] [lstm.py:110] - [Epoch 151] Loss: 0.3123 | Accuracy: 86.3636%
[2025-08-17 10:18:39] [INFO] [lstm.py:110] - [Epoch 152] Loss: 0.3041 | Accuracy: 89.7727%
[2025-08-17 10:18:39] [INFO] [lstm.py:110] - [Epoch 153] Loss: 0.2081 | Accuracy: 93.1818%
[2025-08-17 10:18:39] [INFO] [lstm.py:110] - [Epoch 154] Loss: 0.2236 | Accuracy: 89.7727%
[2025-08-17 10:18:39] [INFO] [lstm.py:110] - [Epoch 155] Loss: 0.2738 | Accuracy: 92.0455%
[2025-08-17 10:18:39] [INFO] [lstm.py:110] - [Epoch 156] Loss: 0.2256 | Accuracy: 89.7727%
[2025-08-17 10:18:39] [INFO] [lstm.py:110] - [Epoch 157] Loss: 0.2120 | Accuracy: 88.6364%
[2025-08-17 10:18:39] [INFO] [lstm.py:110] - [Epoch 158] Loss: 0.2678 | Accuracy: 86.3636%
[2025-08-17 10:18:39] [INFO] [lstm.py:110] - [Epoch 159] Loss: 0.3547 | Accuracy: 86.3636%
[2025-08-17 10:18:39] [INFO] [lstm.py:110] - [Epoch 160] Loss: 0.2673 | Accuracy: 89.7727%
[2025-08-17 10:18:39] [INFO] [lstm.py:110] - [Epoch 161] Loss: 0.3162 | Accuracy: 88.6364%
[2025-08-17 10:18:39] [INFO] [lstm.py:110] - [Epoch 162] Loss: 0.2465 | Accuracy: 89.7727%
[2025-08-17 10:18:39] [INFO] [lstm.py:110] - [Epoch 163] Loss: 0.2595 | Accuracy: 89.7727%
[2025-08-17 10:18:39] [INFO] [lstm.py:110] - [Epoch 164] Loss: 0.2542 | Accuracy: 86.3636%
[2025-08-17 10:18:39] [INFO] [lstm.py:110] - [Epoch 165] Loss: 0.2537 | Accuracy: 87.5000%
[2025-08-17 10:18:39] [INFO] [lstm.py:110] - [Epoch 166] Loss: 0.2969 | Accuracy: 89.7727%
[2025-08-17 10:18:39] [INFO] [lstm.py:110] - [Epoch 167] Loss: 0.1800 | Accuracy: 93.1818%
[2025-08-17 10:18:39] [INFO] [lstm.py:110] - [Epoch 168] Loss: 0.2353 | Accuracy: 92.0455%
[2025-08-17 10:18:39] [INFO] [lstm.py:110] - [Epoch 169] Loss: 0.2218 | Accuracy: 90.9091%
[2025-08-17 10:18:39] [INFO] [lstm.py:110] - [Epoch 170] Loss: 0.1824 | Accuracy: 92.0455%
[2025-08-17 10:18:39] [INFO] [lstm.py:110] - [Epoch 171] Loss: 0.2507 | Accuracy: 90.9091%
[2025-08-17 10:18:39] [INFO] [lstm.py:110] - [Epoch 172] Loss: 0.1890 | Accuracy: 93.1818%
[2025-08-17 10:18:39] [INFO] [lstm.py:110] - [Epoch 173] Loss: 0.2834 | Accuracy: 89.7727%
[2025-08-17 10:18:39] [INFO] [lstm.py:110] - [Epoch 174] Loss: 0.2672 | Accuracy: 89.7727%
[2025-08-17 10:18:39] [INFO] [lstm.py:110] - [Epoch 175] Loss: 0.2363 | Accuracy: 89.7727%
[2025-08-17 10:18:39] [INFO] [lstm.py:110] - [Epoch 176] Loss: 0.2212 | Accuracy: 93.1818%
[2025-08-17 10:18:39] [INFO] [lstm.py:110] - [Epoch 177] Loss: 0.2614 | Accuracy: 90.9091%
[2025-08-17 10:18:39] [INFO] [lstm.py:110] - [Epoch 178] Loss: 0.2642 | Accuracy: 90.9091%
[2025-08-17 10:18:39] [INFO] [lstm.py:110] - [Epoch 179] Loss: 0.2529 | Accuracy: 88.6364%
[2025-08-17 10:18:39] [INFO] [lstm.py:110] - [Epoch 180] Loss: 0.2143 | Accuracy: 88.6364%
[2025-08-17 10:18:39] [INFO] [lstm.py:110] - [Epoch 181] Loss: 0.2861 | Accuracy: 89.7727%
[2025-08-17 10:18:39] [INFO] [lstm.py:110] - [Epoch 182] Loss: 0.2409 | Accuracy: 90.9091%
[2025-08-17 10:18:39] [INFO] [lstm.py:110] - [Epoch 183] Loss: 0.2165 | Accuracy: 90.9091%
[2025-08-17 10:18:39] [INFO] [lstm.py:110] - [Epoch 184] Loss: 0.2254 | Accuracy: 90.9091%
[2025-08-17 10:18:39] [INFO] [lstm.py:110] - [Epoch 185] Loss: 0.2106 | Accuracy: 88.6364%
[2025-08-17 10:18:39] [INFO] [lstm.py:110] - [Epoch 186] Loss: 0.2671 | Accuracy: 87.5000%
[2025-08-17 10:18:39] [INFO] [lstm.py:110] - [Epoch 187] Loss: 0.2147 | Accuracy: 90.9091%
[2025-08-17 10:18:39] [INFO] [lstm.py:110] - [Epoch 188] Loss: 0.1945 | Accuracy: 92.0455%
[2025-08-17 10:18:39] [INFO] [lstm.py:110] - [Epoch 189] Loss: 0.2109 | Accuracy: 93.1818%
[2025-08-17 10:18:39] [INFO] [lstm.py:110] - [Epoch 190] Loss: 0.2940 | Accuracy: 88.6364%
[2025-08-17 10:18:39] [INFO] [lstm.py:110] - [Epoch 191] Loss: 0.1953 | Accuracy: 90.9091%
[2025-08-17 10:18:39] [INFO] [lstm.py:110] - [Epoch 192] Loss: 0.1798 | Accuracy: 90.9091%
[2025-08-17 10:18:39] [INFO] [lstm.py:110] - [Epoch 193] Loss: 0.2705 | Accuracy: 90.9091%
[2025-08-17 10:18:39] [INFO] [lstm.py:110] - [Epoch 194] Loss: 0.2955 | Accuracy: 89.7727%
[2025-08-17 10:18:39] [INFO] [lstm.py:110] - [Epoch 195] Loss: 0.2434 | Accuracy: 89.7727%
[2025-08-17 10:18:39] [INFO] [lstm.py:110] - [Epoch 196] Loss: 0.2089 | Accuracy: 92.0455%
[2025-08-17 10:18:39] [INFO] [lstm.py:110] - [Epoch 197] Loss: 0.2774 | Accuracy: 92.0455%
[2025-08-17 10:18:39] [INFO] [lstm.py:110] - [Epoch 198] Loss: 0.2368 | Accuracy: 90.9091%
[2025-08-17 10:18:39] [INFO] [lstm.py:110] - [Epoch 199] Loss: 0.2369 | Accuracy: 93.1818%
[2025-08-17 10:18:39] [INFO] [lstm.py:110] - [Epoch 200] Loss: 0.2205 | Accuracy: 89.7727%
[2025-08-17 10:18:39] [INFO] [lstm.py:110] - [Epoch 201] Loss: 0.2405 | Accuracy: 90.9091%
[2025-08-17 10:18:39] [INFO] [lstm.py:110] - [Epoch 202] Loss: 0.1917 | Accuracy: 93.1818%
[2025-08-17 10:18:39] [INFO] [lstm.py:110] - [Epoch 203] Loss: 0.1937 | Accuracy: 92.0455%
[2025-08-17 10:18:39] [INFO] [lstm.py:110] - [Epoch 204] Loss: 0.1998 | Accuracy: 93.1818%
[2025-08-17 10:18:39] [INFO] [lstm.py:110] - [Epoch 205] Loss: 0.1796 | Accuracy: 92.0455%
[2025-08-17 10:18:39] [INFO] [lstm.py:110] - [Epoch 206] Loss: 0.2080 | Accuracy: 90.9091%
[2025-08-17 10:18:39] [INFO] [lstm.py:110] - [Epoch 207] Loss: 0.2101 | Accuracy: 95.4545%
[2025-08-17 10:18:39] [INFO] [lstm.py:110] - [Epoch 208] Loss: 0.2577 | Accuracy: 92.0455%
[2025-08-17 10:18:39] [INFO] [lstm.py:110] - [Epoch 209] Loss: 0.3026 | Accuracy: 90.9091%
[2025-08-17 10:18:39] [INFO] [lstm.py:110] - [Epoch 210] Loss: 0.2115 | Accuracy: 88.6364%
[2025-08-17 10:18:39] [INFO] [lstm.py:110] - [Epoch 211] Loss: 0.1701 | Accuracy: 93.1818%
[2025-08-17 10:18:39] [INFO] [lstm.py:110] - [Epoch 212] Loss: 0.1571 | Accuracy: 93.1818%
[2025-08-17 10:18:39] [INFO] [lstm.py:110] - [Epoch 213] Loss: 0.2197 | Accuracy: 90.9091%
[2025-08-17 10:18:39] [INFO] [lstm.py:110] - [Epoch 214] Loss: 0.2409 | Accuracy: 88.6364%
[2025-08-17 10:18:39] [INFO] [lstm.py:110] - [Epoch 215] Loss: 0.2061 | Accuracy: 93.1818%
[2025-08-17 10:18:39] [INFO] [lstm.py:110] - [Epoch 216] Loss: 0.1893 | Accuracy: 90.9091%
[2025-08-17 10:18:39] [INFO] [lstm.py:110] - [Epoch 217] Loss: 0.2866 | Accuracy: 89.7727%
[2025-08-17 10:18:39] [INFO] [lstm.py:110] - [Epoch 218] Loss: 0.2461 | Accuracy: 93.1818%
[2025-08-17 10:18:39] [INFO] [lstm.py:110] - [Epoch 219] Loss: 0.2312 | Accuracy: 92.0455%
[2025-08-17 10:18:39] [INFO] [lstm.py:110] - [Epoch 220] Loss: 0.1518 | Accuracy: 96.5909%
[2025-08-17 10:18:39] [INFO] [lstm.py:110] - [Epoch 221] Loss: 0.1666 | Accuracy: 94.3182%
[2025-08-17 10:18:39] [INFO] [lstm.py:110] - [Epoch 222] Loss: 0.1776 | Accuracy: 93.1818%
[2025-08-17 10:18:39] [INFO] [lstm.py:110] - [Epoch 223] Loss: 0.2346 | Accuracy: 90.9091%
[2025-08-17 10:18:39] [INFO] [lstm.py:110] - [Epoch 224] Loss: 0.3080 | Accuracy: 90.9091%
[2025-08-17 10:18:39] [INFO] [lstm.py:110] - [Epoch 225] Loss: 0.1469 | Accuracy: 90.9091%
[2025-08-17 10:18:39] [INFO] [lstm.py:110] - [Epoch 226] Loss: 0.2422 | Accuracy: 92.0455%
[2025-08-17 10:18:39] [INFO] [lstm.py:110] - [Epoch 227] Loss: 0.1850 | Accuracy: 93.1818%
[2025-08-17 10:18:39] [INFO] [lstm.py:110] - [Epoch 228] Loss: 0.1695 | Accuracy: 93.1818%
[2025-08-17 10:18:39] [INFO] [lstm.py:110] - [Epoch 229] Loss: 0.1926 | Accuracy: 90.9091%
[2025-08-17 10:18:39] [INFO] [lstm.py:110] - [Epoch 230] Loss: 0.1992 | Accuracy: 92.0455%
[2025-08-17 10:18:39] [INFO] [lstm.py:110] - [Epoch 231] Loss: 0.1454 | Accuracy: 95.4545%
[2025-08-17 10:18:39] [INFO] [lstm.py:110] - [Epoch 232] Loss: 0.2618 | Accuracy: 92.0455%
[2025-08-17 10:18:39] [INFO] [lstm.py:110] - [Epoch 233] Loss: 0.1659 | Accuracy: 93.1818%
[2025-08-17 10:18:39] [INFO] [lstm.py:110] - [Epoch 234] Loss: 0.1675 | Accuracy: 93.1818%
[2025-08-17 10:18:39] [INFO] [lstm.py:110] - [Epoch 235] Loss: 0.1726 | Accuracy: 93.1818%
[2025-08-17 10:18:39] [INFO] [lstm.py:110] - [Epoch 236] Loss: 0.1747 | Accuracy: 92.0455%
[2025-08-17 10:18:39] [INFO] [lstm.py:110] - [Epoch 237] Loss: 0.1595 | Accuracy: 94.3182%
[2025-08-17 10:18:39] [INFO] [lstm.py:110] - [Epoch 238] Loss: 0.1629 | Accuracy: 92.0455%
[2025-08-17 10:18:39] [INFO] [lstm.py:110] - [Epoch 239] Loss: 0.2304 | Accuracy: 89.7727%
[2025-08-17 10:18:39] [INFO] [lstm.py:110] - [Epoch 240] Loss: 0.1830 | Accuracy: 93.1818%
[2025-08-17 10:18:39] [INFO] [lstm.py:110] - [Epoch 241] Loss: 0.1568 | Accuracy: 93.1818%
[2025-08-17 10:18:39] [INFO] [lstm.py:110] - [Epoch 242] Loss: 0.2296 | Accuracy: 94.3182%
[2025-08-17 10:18:39] [INFO] [lstm.py:110] - [Epoch 243] Loss: 0.1892 | Accuracy: 93.1818%
[2025-08-17 10:18:40] [INFO] [lstm.py:110] - [Epoch 244] Loss: 0.1639 | Accuracy: 90.9091%
[2025-08-17 10:18:40] [INFO] [lstm.py:110] - [Epoch 245] Loss: 0.1605 | Accuracy: 92.0455%
[2025-08-17 10:18:40] [INFO] [lstm.py:110] - [Epoch 246] Loss: 0.2112 | Accuracy: 92.0455%
[2025-08-17 10:18:40] [INFO] [lstm.py:110] - [Epoch 247] Loss: 0.1459 | Accuracy: 93.1818%
[2025-08-17 10:18:40] [INFO] [lstm.py:110] - [Epoch 248] Loss: 0.1603 | Accuracy: 95.4545%
[2025-08-17 10:18:40] [INFO] [lstm.py:110] - [Epoch 249] Loss: 0.1598 | Accuracy: 92.0455%
[2025-08-17 10:18:40] [INFO] [lstm.py:110] - [Epoch 250] Loss: 0.1837 | Accuracy: 94.3182%
[2025-08-17 10:18:40] [INFO] [lstm.py:110] - [Epoch 251] Loss: 0.1902 | Accuracy: 93.1818%
[2025-08-17 10:18:40] [INFO] [lstm.py:110] - [Epoch 252] Loss: 0.2237 | Accuracy: 87.5000%
[2025-08-17 10:18:40] [INFO] [lstm.py:110] - [Epoch 253] Loss: 0.1828 | Accuracy: 94.3182%
[2025-08-17 10:18:40] [INFO] [lstm.py:110] - [Epoch 254] Loss: 0.1433 | Accuracy: 92.0455%
[2025-08-17 10:18:40] [INFO] [lstm.py:110] - [Epoch 255] Loss: 0.2052 | Accuracy: 94.3182%
[2025-08-17 10:18:40] [INFO] [lstm.py:110] - [Epoch 256] Loss: 0.1636 | Accuracy: 92.0455%
[2025-08-17 10:18:40] [INFO] [lstm.py:110] - [Epoch 257] Loss: 0.2021 | Accuracy: 93.1818%
[2025-08-17 10:18:40] [INFO] [lstm.py:110] - [Epoch 258] Loss: 0.1474 | Accuracy: 95.4545%
[2025-08-17 10:18:40] [INFO] [lstm.py:110] - [Epoch 259] Loss: 0.1286 | Accuracy: 96.5909%
[2025-08-17 10:18:40] [INFO] [lstm.py:110] - [Epoch 260] Loss: 0.1652 | Accuracy: 94.3182%
[2025-08-17 10:18:40] [INFO] [lstm.py:110] - [Epoch 261] Loss: 0.0988 | Accuracy: 96.5909%
[2025-08-17 10:18:40] [INFO] [lstm.py:110] - [Epoch 262] Loss: 0.0967 | Accuracy: 98.8636%
[2025-08-17 10:18:40] [INFO] [lstm.py:110] - [Epoch 263] Loss: 0.1637 | Accuracy: 95.4545%
[2025-08-17 10:18:40] [INFO] [lstm.py:110] - [Epoch 264] Loss: 0.1434 | Accuracy: 96.5909%
[2025-08-17 10:18:40] [INFO] [lstm.py:110] - [Epoch 265] Loss: 0.1265 | Accuracy: 95.4545%
[2025-08-17 10:18:40] [INFO] [lstm.py:110] - [Epoch 266] Loss: 0.1269 | Accuracy: 94.3182%
[2025-08-17 10:18:40] [INFO] [lstm.py:110] - [Epoch 267] Loss: 0.1110 | Accuracy: 97.7273%
[2025-08-17 10:18:40] [INFO] [lstm.py:110] - [Epoch 268] Loss: 0.1192 | Accuracy: 93.1818%
[2025-08-17 10:18:40] [INFO] [lstm.py:110] - [Epoch 269] Loss: 0.1235 | Accuracy: 93.1818%
[2025-08-17 10:18:40] [INFO] [lstm.py:110] - [Epoch 270] Loss: 0.1274 | Accuracy: 95.4545%
[2025-08-17 10:18:40] [INFO] [lstm.py:110] - [Epoch 271] Loss: 0.1162 | Accuracy: 95.4545%
[2025-08-17 10:18:40] [INFO] [lstm.py:110] - [Epoch 272] Loss: 0.1283 | Accuracy: 98.8636%
[2025-08-17 10:18:40] [INFO] [lstm.py:110] - [Epoch 273] Loss: 0.1406 | Accuracy: 95.4545%
[2025-08-17 10:18:40] [INFO] [lstm.py:110] - [Epoch 274] Loss: 0.1140 | Accuracy: 95.4545%
[2025-08-17 10:18:40] [INFO] [lstm.py:110] - [Epoch 275] Loss: 0.1216 | Accuracy: 94.3182%
[2025-08-17 10:18:40] [INFO] [lstm.py:110] - [Epoch 276] Loss: 0.1551 | Accuracy: 92.0455%
[2025-08-17 10:18:40] [INFO] [lstm.py:110] - [Epoch 277] Loss: 0.1833 | Accuracy: 93.1818%
[2025-08-17 10:18:40] [INFO] [lstm.py:110] - [Epoch 278] Loss: 0.1301 | Accuracy: 93.1818%
[2025-08-17 10:18:40] [INFO] [lstm.py:110] - [Epoch 279] Loss: 0.2191 | Accuracy: 93.1818%
[2025-08-17 10:18:40] [INFO] [lstm.py:110] - [Epoch 280] Loss: 0.1327 | Accuracy: 95.4545%
[2025-08-17 10:18:40] [INFO] [lstm.py:110] - [Epoch 281] Loss: 0.1280 | Accuracy: 94.3182%
[2025-08-17 10:18:40] [INFO] [lstm.py:110] - [Epoch 282] Loss: 0.1279 | Accuracy: 94.3182%
[2025-08-17 10:18:40] [INFO] [lstm.py:110] - [Epoch 283] Loss: 0.1419 | Accuracy: 94.3182%
[2025-08-17 10:18:40] [INFO] [lstm.py:110] - [Epoch 284] Loss: 0.1292 | Accuracy: 94.3182%
[2025-08-17 10:18:40] [INFO] [lstm.py:110] - [Epoch 285] Loss: 0.1302 | Accuracy: 93.1818%
[2025-08-17 10:18:40] [INFO] [lstm.py:110] - [Epoch 286] Loss: 0.1107 | Accuracy: 97.7273%
[2025-08-17 10:18:40] [INFO] [lstm.py:110] - [Epoch 287] Loss: 0.1127 | Accuracy: 97.7273%
[2025-08-17 10:18:40] [INFO] [lstm.py:110] - [Epoch 288] Loss: 0.1844 | Accuracy: 93.1818%
[2025-08-17 10:18:40] [INFO] [lstm.py:110] - [Epoch 289] Loss: 0.1558 | Accuracy: 93.1818%
[2025-08-17 10:18:40] [INFO] [lstm.py:110] - [Epoch 290] Loss: 0.1276 | Accuracy: 93.1818%
[2025-08-17 10:18:40] [INFO] [lstm.py:110] - [Epoch 291] Loss: 0.0888 | Accuracy: 96.5909%
[2025-08-17 10:18:40] [INFO] [lstm.py:110] - [Epoch 292] Loss: 0.1136 | Accuracy: 96.5909%
[2025-08-17 10:18:40] [INFO] [lstm.py:110] - [Epoch 293] Loss: 0.1127 | Accuracy: 95.4545%
[2025-08-17 10:18:40] [INFO] [lstm.py:110] - [Epoch 294] Loss: 0.1151 | Accuracy: 97.7273%
[2025-08-17 10:18:40] [INFO] [lstm.py:110] - [Epoch 295] Loss: 0.1398 | Accuracy: 92.0455%
[2025-08-17 10:18:40] [INFO] [lstm.py:110] - [Epoch 296] Loss: 0.0798 | Accuracy: 98.8636%
[2025-08-17 10:18:40] [INFO] [lstm.py:110] - [Epoch 297] Loss: 0.1372 | Accuracy: 94.3182%
[2025-08-17 10:18:40] [INFO] [lstm.py:110] - [Epoch 298] Loss: 0.0738 | Accuracy: 97.7273%
[2025-08-17 10:18:40] [INFO] [lstm.py:110] - [Epoch 299] Loss: 0.1025 | Accuracy: 94.3182%
[2025-08-17 10:18:40] [INFO] [lstm.py:110] - [Epoch 300] Loss: 0.1046 | Accuracy: 94.3182%
[2025-08-17 10:18:40] [INFO] [lstm.py:110] - [Epoch 301] Loss: 0.0974 | Accuracy: 96.5909%
[2025-08-17 10:18:40] [INFO] [lstm.py:110] - [Epoch 302] Loss: 0.0718 | Accuracy: 95.4545%
[2025-08-17 10:18:40] [INFO] [lstm.py:110] - [Epoch 303] Loss: 0.0860 | Accuracy: 95.4545%
[2025-08-17 10:18:40] [INFO] [lstm.py:110] - [Epoch 304] Loss: 0.0974 | Accuracy: 94.3182%
[2025-08-17 10:18:40] [INFO] [lstm.py:110] - [Epoch 305] Loss: 0.1123 | Accuracy: 96.5909%
[2025-08-17 10:18:40] [INFO] [lstm.py:110] - [Epoch 306] Loss: 0.0969 | Accuracy: 96.5909%
[2025-08-17 10:18:40] [INFO] [lstm.py:110] - [Epoch 307] Loss: 0.1057 | Accuracy: 96.5909%
[2025-08-17 10:18:40] [INFO] [lstm.py:110] - [Epoch 308] Loss: 0.0863 | Accuracy: 96.5909%
[2025-08-17 10:18:40] [INFO] [lstm.py:110] - [Epoch 309] Loss: 0.0941 | Accuracy: 96.5909%
[2025-08-17 10:18:40] [INFO] [lstm.py:110] - [Epoch 310] Loss: 0.1167 | Accuracy: 95.4545%
[2025-08-17 10:18:40] [INFO] [lstm.py:110] - [Epoch 311] Loss: 0.1848 | Accuracy: 94.3182%
[2025-08-17 10:18:40] [INFO] [lstm.py:110] - [Epoch 312] Loss: 0.0798 | Accuracy: 96.5909%
[2025-08-17 10:18:40] [INFO] [lstm.py:110] - [Epoch 313] Loss: 0.1113 | Accuracy: 97.7273%
[2025-08-17 10:18:40] [INFO] [lstm.py:110] - [Epoch 314] Loss: 0.1075 | Accuracy: 95.4545%
[2025-08-17 10:18:40] [INFO] [lstm.py:110] - [Epoch 315] Loss: 0.2254 | Accuracy: 95.4545%
[2025-08-17 10:18:40] [INFO] [lstm.py:110] - [Epoch 316] Loss: 0.1597 | Accuracy: 97.7273%
[2025-08-17 10:18:40] [INFO] [lstm.py:110] - [Epoch 317] Loss: 0.0923 | Accuracy: 95.4545%
[2025-08-17 10:18:40] [INFO] [lstm.py:110] - [Epoch 318] Loss: 0.0832 | Accuracy: 95.4545%
[2025-08-17 10:18:40] [INFO] [lstm.py:110] - [Epoch 319] Loss: 0.1751 | Accuracy: 93.1818%
[2025-08-17 10:18:40] [INFO] [lstm.py:110] - [Epoch 320] Loss: 0.0854 | Accuracy: 97.7273%
[2025-08-17 10:18:40] [INFO] [lstm.py:110] - [Epoch 321] Loss: 0.0894 | Accuracy: 96.5909%
[2025-08-17 10:18:40] [INFO] [lstm.py:110] - [Epoch 322] Loss: 0.0986 | Accuracy: 96.5909%
[2025-08-17 10:18:40] [INFO] [lstm.py:110] - [Epoch 323] Loss: 0.1289 | Accuracy: 93.1818%
[2025-08-17 10:18:40] [INFO] [lstm.py:110] - [Epoch 324] Loss: 0.1135 | Accuracy: 95.4545%
[2025-08-17 10:18:40] [INFO] [lstm.py:110] - [Epoch 325] Loss: 0.0726 | Accuracy: 96.5909%
[2025-08-17 10:18:40] [INFO] [lstm.py:110] - [Epoch 326] Loss: 0.0770 | Accuracy: 96.5909%
[2025-08-17 10:18:40] [INFO] [lstm.py:110] - [Epoch 327] Loss: 0.0971 | Accuracy: 93.1818%
[2025-08-17 10:18:40] [INFO] [lstm.py:110] - [Epoch 328] Loss: 0.0975 | Accuracy: 95.4545%
[2025-08-17 10:18:40] [INFO] [lstm.py:110] - [Epoch 329] Loss: 0.0814 | Accuracy: 96.5909%
[2025-08-17 10:18:40] [INFO] [lstm.py:110] - [Epoch 330] Loss: 0.0951 | Accuracy: 94.3182%
[2025-08-17 10:18:40] [INFO] [lstm.py:110] - [Epoch 331] Loss: 0.0745 | Accuracy: 96.5909%
[2025-08-17 10:18:40] [INFO] [lstm.py:110] - [Epoch 332] Loss: 0.1634 | Accuracy: 94.3182%
[2025-08-17 10:18:40] [INFO] [lstm.py:110] - [Epoch 333] Loss: 0.1060 | Accuracy: 97.7273%
[2025-08-17 10:18:40] [INFO] [lstm.py:110] - [Epoch 334] Loss: 0.0938 | Accuracy: 97.7273%
[2025-08-17 10:18:40] [INFO] [lstm.py:110] - [Epoch 335] Loss: 0.0970 | Accuracy: 96.5909%
[2025-08-17 10:18:40] [INFO] [lstm.py:110] - [Epoch 336] Loss: 0.0840 | Accuracy: 97.7273%
[2025-08-17 10:18:40] [INFO] [lstm.py:110] - [Epoch 337] Loss: 0.0928 | Accuracy: 95.4545%
[2025-08-17 10:18:40] [INFO] [lstm.py:110] - [Epoch 338] Loss: 0.1505 | Accuracy: 95.4545%
[2025-08-17 10:18:40] [INFO] [lstm.py:110] - [Epoch 339] Loss: 0.1233 | Accuracy: 97.7273%
[2025-08-17 10:18:40] [INFO] [lstm.py:110] - [Epoch 340] Loss: 0.1136 | Accuracy: 95.4545%
[2025-08-17 10:18:40] [INFO] [lstm.py:110] - [Epoch 341] Loss: 0.0778 | Accuracy: 97.7273%
[2025-08-17 10:18:40] [INFO] [lstm.py:110] - [Epoch 342] Loss: 0.1407 | Accuracy: 94.3182%
[2025-08-17 10:18:40] [INFO] [lstm.py:110] - [Epoch 343] Loss: 0.1579 | Accuracy: 92.0455%
[2025-08-17 10:18:40] [INFO] [lstm.py:110] - [Epoch 344] Loss: 0.1161 | Accuracy: 95.4545%
[2025-08-17 10:18:40] [INFO] [lstm.py:110] - [Epoch 345] Loss: 0.1350 | Accuracy: 95.4545%
[2025-08-17 10:18:40] [INFO] [lstm.py:110] - [Epoch 346] Loss: 0.0610 | Accuracy: 97.7273%
[2025-08-17 10:18:40] [INFO] [lstm.py:110] - [Epoch 347] Loss: 0.0790 | Accuracy: 98.8636%
[2025-08-17 10:18:40] [INFO] [lstm.py:110] - [Epoch 348] Loss: 0.1023 | Accuracy: 95.4545%
[2025-08-17 10:18:40] [INFO] [lstm.py:110] - [Epoch 349] Loss: 0.1388 | Accuracy: 97.7273%
[2025-08-17 10:18:40] [INFO] [lstm.py:110] - [Epoch 350] Loss: 0.0781 | Accuracy: 97.7273%
[2025-08-17 10:18:40] [INFO] [lstm.py:110] - [Epoch 351] Loss: 0.0623 | Accuracy: 97.7273%
[2025-08-17 10:18:40] [INFO] [lstm.py:110] - [Epoch 352] Loss: 0.0740 | Accuracy: 96.5909%
[2025-08-17 10:18:40] [INFO] [lstm.py:110] - [Epoch 353] Loss: 0.0813 | Accuracy: 97.7273%
[2025-08-17 10:18:40] [INFO] [lstm.py:110] - [Epoch 354] Loss: 0.1077 | Accuracy: 96.5909%
[2025-08-17 10:18:40] [INFO] [lstm.py:110] - [Epoch 355] Loss: 0.0844 | Accuracy: 97.7273%
[2025-08-17 10:18:40] [INFO] [lstm.py:110] - [Epoch 356] Loss: 0.1274 | Accuracy: 95.4545%
[2025-08-17 10:18:40] [INFO] [lstm.py:110] - [Epoch 357] Loss: 0.0872 | Accuracy: 96.5909%
[2025-08-17 10:18:40] [INFO] [lstm.py:110] - [Epoch 358] Loss: 0.0739 | Accuracy: 96.5909%
[2025-08-17 10:18:40] [INFO] [lstm.py:110] - [Epoch 359] Loss: 0.1064 | Accuracy: 97.7273%
[2025-08-17 10:18:40] [INFO] [lstm.py:110] - [Epoch 360] Loss: 0.0815 | Accuracy: 97.7273%
[2025-08-17 10:18:40] [INFO] [lstm.py:110] - [Epoch 361] Loss: 0.1162 | Accuracy: 93.1818%
[2025-08-17 10:18:40] [INFO] [lstm.py:110] - [Epoch 362] Loss: 0.0738 | Accuracy: 96.5909%
[2025-08-17 10:18:40] [INFO] [lstm.py:110] - [Epoch 363] Loss: 0.0690 | Accuracy: 96.5909%
[2025-08-17 10:18:40] [INFO] [lstm.py:110] - [Epoch 364] Loss: 0.0476 | Accuracy: 98.8636%
[2025-08-17 10:18:40] [INFO] [lstm.py:110] - [Epoch 365] Loss: 0.0531 | Accuracy: 98.8636%
[2025-08-17 10:18:40] [INFO] [lstm.py:110] - [Epoch 366] Loss: 0.0662 | Accuracy: 96.5909%
[2025-08-17 10:18:40] [INFO] [lstm.py:110] - [Epoch 367] Loss: 0.0727 | Accuracy: 96.5909%
[2025-08-17 10:18:40] [INFO] [lstm.py:110] - [Epoch 368] Loss: 0.1129 | Accuracy: 96.5909%
[2025-08-17 10:18:40] [INFO] [lstm.py:110] - [Epoch 369] Loss: 0.0795 | Accuracy: 96.5909%
[2025-08-17 10:18:40] [INFO] [lstm.py:110] - [Epoch 370] Loss: 0.0736 | Accuracy: 97.7273%
[2025-08-17 10:18:40] [INFO] [lstm.py:110] - [Epoch 371] Loss: 0.0738 | Accuracy: 96.5909%
[2025-08-17 10:18:40] [INFO] [lstm.py:110] - [Epoch 372] Loss: 0.0707 | Accuracy: 96.5909%
[2025-08-17 10:18:40] [INFO] [lstm.py:110] - [Epoch 373] Loss: 0.0676 | Accuracy: 95.4545%
[2025-08-17 10:18:40] [INFO] [lstm.py:110] - [Epoch 374] Loss: 0.1489 | Accuracy: 94.3182%
[2025-08-17 10:18:40] [INFO] [lstm.py:110] - [Epoch 375] Loss: 0.0581 | Accuracy: 97.7273%
[2025-08-17 10:18:40] [INFO] [lstm.py:110] - [Epoch 376] Loss: 0.0879 | Accuracy: 96.5909%
[2025-08-17 10:18:40] [INFO] [lstm.py:110] - [Epoch 377] Loss: 0.1143 | Accuracy: 95.4545%
[2025-08-17 10:18:40] [INFO] [lstm.py:110] - [Epoch 378] Loss: 0.0733 | Accuracy: 96.5909%
[2025-08-17 10:18:40] [INFO] [lstm.py:110] - [Epoch 379] Loss: 0.1492 | Accuracy: 96.5909%
[2025-08-17 10:18:40] [INFO] [lstm.py:110] - [Epoch 380] Loss: 0.0608 | Accuracy: 96.5909%
[2025-08-17 10:18:40] [INFO] [lstm.py:110] - [Epoch 381] Loss: 0.1313 | Accuracy: 96.5909%
[2025-08-17 10:18:40] [INFO] [lstm.py:110] - [Epoch 382] Loss: 0.1022 | Accuracy: 97.7273%
[2025-08-17 10:18:40] [INFO] [lstm.py:110] - [Epoch 383] Loss: 0.0916 | Accuracy: 96.5909%
[2025-08-17 10:18:40] [INFO] [lstm.py:110] - [Epoch 384] Loss: 0.0768 | Accuracy: 96.5909%
[2025-08-17 10:18:40] [INFO] [lstm.py:110] - [Epoch 385] Loss: 0.0803 | Accuracy: 96.5909%
[2025-08-17 10:18:40] [INFO] [lstm.py:110] - [Epoch 386] Loss: 0.1101 | Accuracy: 95.4545%
[2025-08-17 10:18:40] [INFO] [lstm.py:110] - [Epoch 387] Loss: 0.0751 | Accuracy: 97.7273%
[2025-08-17 10:18:40] [INFO] [lstm.py:110] - [Epoch 388] Loss: 0.0526 | Accuracy: 97.7273%
[2025-08-17 10:18:40] [INFO] [lstm.py:110] - [Epoch 389] Loss: 0.0801 | Accuracy: 94.3182%
[2025-08-17 10:18:40] [INFO] [lstm.py:110] - [Epoch 390] Loss: 0.0673 | Accuracy: 97.7273%
[2025-08-17 10:18:40] [INFO] [lstm.py:110] - [Epoch 391] Loss: 0.0574 | Accuracy: 97.7273%
[2025-08-17 10:18:40] [INFO] [lstm.py:110] - [Epoch 392] Loss: 0.1298 | Accuracy: 95.4545%
[2025-08-17 10:18:40] [INFO] [lstm.py:110] - [Epoch 393] Loss: 0.0980 | Accuracy: 93.1818%
[2025-08-17 10:18:40] [INFO] [lstm.py:110] - [Epoch 394] Loss: 0.0709 | Accuracy: 96.5909%
[2025-08-17 10:18:41] [INFO] [lstm.py:110] - [Epoch 395] Loss: 0.1585 | Accuracy: 94.3182%
[2025-08-17 10:18:41] [INFO] [lstm.py:110] - [Epoch 396] Loss: 0.0428 | Accuracy: 100.0000%
[2025-08-17 10:18:41] [INFO] [lstm.py:110] - [Epoch 397] Loss: 0.1389 | Accuracy: 95.4545%
[2025-08-17 10:18:41] [INFO] [lstm.py:110] - [Epoch 398] Loss: 0.1658 | Accuracy: 96.5909%
[2025-08-17 10:18:41] [INFO] [lstm.py:110] - [Epoch 399] Loss: 0.0908 | Accuracy: 95.4545%
[2025-08-17 10:18:41] [INFO] [lstm.py:110] - [Epoch 400] Loss: 0.0914 | Accuracy: 95.4545%
[2025-08-17 10:18:41] [INFO] [lstm.py:110] - [Epoch 401] Loss: 0.1207 | Accuracy: 94.3182%
[2025-08-17 10:18:41] [INFO] [lstm.py:110] - [Epoch 402] Loss: 0.1189 | Accuracy: 94.3182%
[2025-08-17 10:18:41] [INFO] [lstm.py:110] - [Epoch 403] Loss: 0.0625 | Accuracy: 100.0000%
[2025-08-17 10:18:41] [INFO] [lstm.py:110] - [Epoch 404] Loss: 0.0744 | Accuracy: 96.5909%
[2025-08-17 10:18:41] [INFO] [lstm.py:110] - [Epoch 405] Loss: 0.0575 | Accuracy: 97.7273%
[2025-08-17 10:18:41] [INFO] [lstm.py:110] - [Epoch 406] Loss: 0.0951 | Accuracy: 95.4545%
[2025-08-17 10:18:41] [INFO] [lstm.py:110] - [Epoch 407] Loss: 0.0767 | Accuracy: 95.4545%
[2025-08-17 10:18:41] [INFO] [lstm.py:110] - [Epoch 408] Loss: 0.0607 | Accuracy: 97.7273%
[2025-08-17 10:18:41] [INFO] [lstm.py:110] - [Epoch 409] Loss: 0.0572 | Accuracy: 98.8636%
[2025-08-17 10:18:41] [INFO] [lstm.py:110] - [Epoch 410] Loss: 0.0697 | Accuracy: 98.8636%
[2025-08-17 10:18:41] [INFO] [lstm.py:110] - [Epoch 411] Loss: 0.0733 | Accuracy: 96.5909%
[2025-08-17 10:18:41] [INFO] [lstm.py:110] - [Epoch 412] Loss: 0.0747 | Accuracy: 97.7273%
[2025-08-17 10:18:41] [INFO] [lstm.py:110] - [Epoch 413] Loss: 0.0748 | Accuracy: 97.7273%
[2025-08-17 10:18:41] [INFO] [lstm.py:110] - [Epoch 414] Loss: 0.0592 | Accuracy: 97.7273%
[2025-08-17 10:18:41] [INFO] [lstm.py:110] - [Epoch 415] Loss: 0.0680 | Accuracy: 97.7273%
[2025-08-17 10:18:41] [INFO] [lstm.py:110] - [Epoch 416] Loss: 0.1220 | Accuracy: 93.1818%
[2025-08-17 10:18:41] [INFO] [lstm.py:110] - [Epoch 417] Loss: 0.0911 | Accuracy: 96.5909%
[2025-08-17 10:18:41] [INFO] [lstm.py:110] - [Epoch 418] Loss: 0.0448 | Accuracy: 98.8636%
[2025-08-17 10:18:41] [INFO] [lstm.py:110] - [Epoch 419] Loss: 0.0420 | Accuracy: 98.8636%
[2025-08-17 10:18:41] [INFO] [lstm.py:110] - [Epoch 420] Loss: 0.1062 | Accuracy: 95.4545%
[2025-08-17 10:18:41] [INFO] [lstm.py:110] - [Epoch 421] Loss: 0.0760 | Accuracy: 97.7273%
[2025-08-17 10:18:41] [INFO] [lstm.py:110] - [Epoch 422] Loss: 0.0616 | Accuracy: 96.5909%
[2025-08-17 10:18:41] [INFO] [lstm.py:110] - [Epoch 423] Loss: 0.0561 | Accuracy: 96.5909%
[2025-08-17 10:18:41] [INFO] [lstm.py:110] - [Epoch 424] Loss: 0.0633 | Accuracy: 96.5909%
[2025-08-17 10:18:41] [INFO] [lstm.py:110] - [Epoch 425] Loss: 0.0538 | Accuracy: 96.5909%
[2025-08-17 10:18:41] [INFO] [lstm.py:110] - [Epoch 426] Loss: 0.0769 | Accuracy: 96.5909%
[2025-08-17 10:18:41] [INFO] [lstm.py:110] - [Epoch 427] Loss: 0.0463 | Accuracy: 96.5909%
[2025-08-17 10:18:41] [INFO] [lstm.py:110] - [Epoch 428] Loss: 0.0371 | Accuracy: 97.7273%
[2025-08-17 10:18:41] [INFO] [lstm.py:110] - [Epoch 429] Loss: 0.0537 | Accuracy: 96.5909%
[2025-08-17 10:18:41] [INFO] [lstm.py:110] - [Epoch 430] Loss: 0.0361 | Accuracy: 98.8636%
[2025-08-17 10:18:41] [INFO] [lstm.py:110] - [Epoch 431] Loss: 0.0408 | Accuracy: 96.5909%
[2025-08-17 10:18:41] [INFO] [lstm.py:110] - [Epoch 432] Loss: 0.0527 | Accuracy: 96.5909%
[2025-08-17 10:18:41] [INFO] [lstm.py:110] - [Epoch 433] Loss: 0.0702 | Accuracy: 95.4545%
[2025-08-17 10:18:41] [INFO] [lstm.py:110] - [Epoch 434] Loss: 0.0539 | Accuracy: 97.7273%
[2025-08-17 10:18:41] [INFO] [lstm.py:110] - [Epoch 435] Loss: 0.1114 | Accuracy: 98.8636%
[2025-08-17 10:18:41] [INFO] [lstm.py:110] - [Epoch 436] Loss: 0.0606 | Accuracy: 96.5909%
[2025-08-17 10:18:41] [INFO] [lstm.py:110] - [Epoch 437] Loss: 0.0476 | Accuracy: 97.7273%
[2025-08-17 10:18:41] [INFO] [lstm.py:110] - [Epoch 438] Loss: 0.0660 | Accuracy: 96.5909%
[2025-08-17 10:18:41] [INFO] [lstm.py:110] - [Epoch 439] Loss: 0.0533 | Accuracy: 96.5909%
[2025-08-17 10:18:41] [INFO] [lstm.py:110] - [Epoch 440] Loss: 0.0566 | Accuracy: 96.5909%
[2025-08-17 10:18:41] [INFO] [lstm.py:110] - [Epoch 441] Loss: 0.0684 | Accuracy: 96.5909%
[2025-08-17 10:18:41] [INFO] [lstm.py:110] - [Epoch 442] Loss: 0.0596 | Accuracy: 97.7273%
[2025-08-17 10:18:41] [INFO] [lstm.py:110] - [Epoch 443] Loss: 0.0683 | Accuracy: 96.5909%
[2025-08-17 10:18:41] [INFO] [lstm.py:110] - [Epoch 444] Loss: 0.0982 | Accuracy: 96.5909%
[2025-08-17 10:18:41] [INFO] [lstm.py:110] - [Epoch 445] Loss: 0.0461 | Accuracy: 97.7273%
[2025-08-17 10:18:41] [INFO] [lstm.py:110] - [Epoch 446] Loss: 0.0764 | Accuracy: 95.4545%
[2025-08-17 10:18:41] [INFO] [lstm.py:110] - [Epoch 447] Loss: 0.0322 | Accuracy: 97.7273%
[2025-08-17 10:18:41] [INFO] [lstm.py:110] - [Epoch 448] Loss: 0.1040 | Accuracy: 95.4545%
[2025-08-17 10:18:41] [INFO] [lstm.py:110] - [Epoch 449] Loss: 0.0446 | Accuracy: 98.8636%
[2025-08-17 10:18:41] [INFO] [lstm.py:110] - [Epoch 450] Loss: 0.0488 | Accuracy: 98.8636%
[2025-08-17 10:18:41] [INFO] [lstm.py:110] - [Epoch 451] Loss: 0.0707 | Accuracy: 97.7273%
[2025-08-17 10:18:41] [INFO] [lstm.py:110] - [Epoch 452] Loss: 0.0681 | Accuracy: 98.8636%
[2025-08-17 10:18:41] [INFO] [lstm.py:110] - [Epoch 453] Loss: 0.0473 | Accuracy: 100.0000%
[2025-08-17 10:18:41] [INFO] [lstm.py:110] - [Epoch 454] Loss: 0.0725 | Accuracy: 96.5909%
[2025-08-17 10:18:41] [INFO] [lstm.py:110] - [Epoch 455] Loss: 0.2590 | Accuracy: 95.4545%
[2025-08-17 10:18:41] [INFO] [lstm.py:110] - [Epoch 456] Loss: 0.0293 | Accuracy: 98.8636%
[2025-08-17 10:18:41] [INFO] [lstm.py:110] - [Epoch 457] Loss: 0.1147 | Accuracy: 96.5909%
[2025-08-17 10:18:41] [INFO] [lstm.py:110] - [Epoch 458] Loss: 0.2101 | Accuracy: 93.1818%
[2025-08-17 10:18:41] [INFO] [lstm.py:110] - [Epoch 459] Loss: 0.1345 | Accuracy: 93.1818%
[2025-08-17 10:18:41] [INFO] [lstm.py:110] - [Epoch 460] Loss: 0.1150 | Accuracy: 94.3182%
[2025-08-17 10:18:41] [INFO] [lstm.py:110] - [Epoch 461] Loss: 0.0736 | Accuracy: 96.5909%
[2025-08-17 10:18:41] [INFO] [lstm.py:110] - [Epoch 462] Loss: 0.0790 | Accuracy: 95.4545%
[2025-08-17 10:18:41] [INFO] [lstm.py:110] - [Epoch 463] Loss: 0.0480 | Accuracy: 97.7273%
[2025-08-17 10:18:41] [INFO] [lstm.py:110] - [Epoch 464] Loss: 0.0480 | Accuracy: 96.5909%
[2025-08-17 10:18:41] [INFO] [lstm.py:110] - [Epoch 465] Loss: 0.0757 | Accuracy: 95.4545%
[2025-08-17 10:18:41] [INFO] [lstm.py:110] - [Epoch 466] Loss: 0.0742 | Accuracy: 96.5909%
[2025-08-17 10:18:41] [INFO] [lstm.py:110] - [Epoch 467] Loss: 0.0379 | Accuracy: 98.8636%
[2025-08-17 10:18:41] [INFO] [lstm.py:110] - [Epoch 468] Loss: 0.1284 | Accuracy: 97.7273%
[2025-08-17 10:18:41] [INFO] [lstm.py:110] - [Epoch 469] Loss: 0.0652 | Accuracy: 96.5909%
[2025-08-17 10:18:41] [INFO] [lstm.py:110] - [Epoch 470] Loss: 0.0526 | Accuracy: 98.8636%
[2025-08-17 10:18:41] [INFO] [lstm.py:110] - [Epoch 471] Loss: 0.0966 | Accuracy: 98.8636%
[2025-08-17 10:18:41] [INFO] [lstm.py:110] - [Epoch 472] Loss: 0.1590 | Accuracy: 95.4545%
[2025-08-17 10:18:41] [INFO] [lstm.py:110] - [Epoch 473] Loss: 0.0823 | Accuracy: 95.4545%
[2025-08-17 10:18:41] [INFO] [lstm.py:110] - [Epoch 474] Loss: 0.0817 | Accuracy: 93.1818%
[2025-08-17 10:18:41] [INFO] [lstm.py:110] - [Epoch 475] Loss: 0.0446 | Accuracy: 98.8636%
[2025-08-17 10:18:41] [INFO] [lstm.py:110] - [Epoch 476] Loss: 0.0851 | Accuracy: 97.7273%
[2025-08-17 10:18:41] [INFO] [lstm.py:110] - [Epoch 477] Loss: 0.0737 | Accuracy: 96.5909%
[2025-08-17 10:18:41] [INFO] [lstm.py:110] - [Epoch 478] Loss: 0.0472 | Accuracy: 97.7273%
[2025-08-17 10:18:41] [INFO] [lstm.py:110] - [Epoch 479] Loss: 0.1079 | Accuracy: 98.8636%
[2025-08-17 10:18:41] [INFO] [lstm.py:110] - [Epoch 480] Loss: 0.0590 | Accuracy: 98.8636%
[2025-08-17 10:18:41] [INFO] [lstm.py:110] - [Epoch 481] Loss: 0.0462 | Accuracy: 98.8636%
[2025-08-17 10:18:41] [INFO] [lstm.py:110] - [Epoch 482] Loss: 0.0623 | Accuracy: 97.7273%
[2025-08-17 10:18:41] [INFO] [lstm.py:110] - [Epoch 483] Loss: 0.1044 | Accuracy: 96.5909%
[2025-08-17 10:18:41] [INFO] [lstm.py:110] - [Epoch 484] Loss: 0.0754 | Accuracy: 95.4545%
[2025-08-17 10:18:41] [INFO] [lstm.py:110] - [Epoch 485] Loss: 0.0666 | Accuracy: 96.5909%
[2025-08-17 10:18:41] [INFO] [lstm.py:110] - [Epoch 486] Loss: 0.0693 | Accuracy: 98.8636%
[2025-08-17 10:18:41] [INFO] [lstm.py:110] - [Epoch 487] Loss: 0.0709 | Accuracy: 95.4545%
[2025-08-17 10:18:41] [INFO] [lstm.py:110] - [Epoch 488] Loss: 0.0656 | Accuracy: 97.7273%
[2025-08-17 10:18:41] [INFO] [lstm.py:110] - [Epoch 489] Loss: 0.0761 | Accuracy: 97.7273%
[2025-08-17 10:18:41] [INFO] [lstm.py:110] - [Epoch 490] Loss: 0.0783 | Accuracy: 95.4545%
[2025-08-17 10:18:41] [INFO] [lstm.py:110] - [Epoch 491] Loss: 0.0559 | Accuracy: 97.7273%
[2025-08-17 10:18:41] [INFO] [lstm.py:110] - [Epoch 492] Loss: 0.0363 | Accuracy: 98.8636%
[2025-08-17 10:18:41] [INFO] [lstm.py:110] - [Epoch 493] Loss: 0.0305 | Accuracy: 100.0000%
[2025-08-17 10:18:41] [INFO] [lstm.py:110] - [Epoch 494] Loss: 0.0466 | Accuracy: 98.8636%
[2025-08-17 10:18:41] [INFO] [lstm.py:110] - [Epoch 495] Loss: 0.0379 | Accuracy: 98.8636%
[2025-08-17 10:18:41] [INFO] [lstm.py:110] - [Epoch 496] Loss: 0.0346 | Accuracy: 98.8636%
[2025-08-17 10:18:41] [INFO] [lstm.py:110] - [Epoch 497] Loss: 0.0406 | Accuracy: 100.0000%
[2025-08-17 10:18:41] [INFO] [lstm.py:110] - [Epoch 498] Loss: 0.0591 | Accuracy: 98.8636%
[2025-08-17 10:18:41] [INFO] [lstm.py:110] - [Epoch 499] Loss: 0.1053 | Accuracy: 94.3182%
[2025-08-17 10:18:41] [INFO] [lstm.py:110] - [Epoch 500] Loss: 0.0477 | Accuracy: 95.4545%
[2025-08-17 10:18:41] [INFO] [lstm.py:115] - ==== Test Evaluation Results ====
[2025-08-17 10:18:41] [INFO] [lstm.py:116] - Confusion Matrix:
[2025-08-17 10:18:41] [INFO] [lstm.py:117] -   TP: 8, TN: 14, FP: 0, FN: 1
[2025-08-17 10:18:41] [INFO] [lstm.py:118] - Precision : 1.0000
[2025-08-17 10:18:41] [INFO] [lstm.py:119] - Recall    : 0.8889
[2025-08-17 10:18:41] [INFO] [lstm.py:120] - F1 Score  : 0.9412
[2025-08-17 10:18:41] [INFO] [lstm.py:121] - Accuracy  : 95.65%
