[2025-08-17 15:39:13] [INFO] [lstm.py:29] - Loading dataset from: dataset\YouTube\processed\extracted_labels_Youtube.csv
[2025-08-17 15:39:13] [INFO] [lstm.py:34] - Using device: cuda
[2025-08-17 15:39:13] [INFO] [lstm.py:71] - ==== LSTM Model Configuration ====
[2025-08-17 15:39:13] [INFO] [lstm.py:72] - Input size   : 34
[2025-08-17 15:39:13] [INFO] [lstm.py:73] - Hidden size  : 128
[2025-08-17 15:39:13] [INFO] [lstm.py:74] - Num layers   : 3
[2025-08-17 15:39:13] [INFO] [lstm.py:75] - Dropout      : 0.6
[2025-08-17 15:39:13] [INFO] [lstm.py:76] - Use Sigmoid  : True
[2025-08-17 15:39:13] [INFO] [lstm.py:77] - Output size  : 1
[2025-08-17 15:39:13] [INFO] [lstm.py:79] - ==== Training Hyperparameters ====
[2025-08-17 15:39:13] [INFO] [lstm.py:80] - Learning rate: 0.0005
[2025-08-17 15:39:13] [INFO] [lstm.py:81] - Optimizer    : AdamW
[2025-08-17 15:39:13] [INFO] [lstm.py:82] - Weight decay : 1e-06
[2025-08-17 15:39:13] [INFO] [lstm.py:83] - Loss function: BCELoss
[2025-08-17 15:39:13] [INFO] [lstm.py:84] - Num epochs   : 500
[2025-08-17 15:39:13] [INFO] [lstm.py:85] - Batch size   : 64
[2025-08-17 15:39:13] [INFO] [lstm.py:110] - [Epoch 1] Loss: 1.6431 | Accuracy: 50.0000%
[2025-08-17 15:39:13] [INFO] [lstm.py:110] - [Epoch 2] Loss: 1.3321 | Accuracy: 51.1364%
[2025-08-17 15:39:13] [INFO] [lstm.py:110] - [Epoch 3] Loss: 1.2265 | Accuracy: 46.5909%
[2025-08-17 15:39:13] [INFO] [lstm.py:110] - [Epoch 4] Loss: 1.2095 | Accuracy: 60.2273%
[2025-08-17 15:39:13] [INFO] [lstm.py:110] - [Epoch 5] Loss: 1.1416 | Accuracy: 53.4091%
[2025-08-17 15:39:13] [INFO] [lstm.py:110] - [Epoch 6] Loss: 1.3544 | Accuracy: 48.8636%
[2025-08-17 15:39:13] [INFO] [lstm.py:110] - [Epoch 7] Loss: 1.1743 | Accuracy: 51.1364%
[2025-08-17 15:39:13] [INFO] [lstm.py:110] - [Epoch 8] Loss: 0.7882 | Accuracy: 60.2273%
[2025-08-17 15:39:13] [INFO] [lstm.py:110] - [Epoch 9] Loss: 0.7433 | Accuracy: 62.5000%
[2025-08-17 15:39:13] [INFO] [lstm.py:110] - [Epoch 10] Loss: 0.8610 | Accuracy: 61.3636%
[2025-08-17 15:39:13] [INFO] [lstm.py:110] - [Epoch 11] Loss: 0.9353 | Accuracy: 55.6818%
[2025-08-17 15:39:13] [INFO] [lstm.py:110] - [Epoch 12] Loss: 1.0134 | Accuracy: 63.6364%
[2025-08-17 15:39:13] [INFO] [lstm.py:110] - [Epoch 13] Loss: 0.7801 | Accuracy: 60.2273%
[2025-08-17 15:39:13] [INFO] [lstm.py:110] - [Epoch 14] Loss: 1.0427 | Accuracy: 51.1364%
[2025-08-17 15:39:13] [INFO] [lstm.py:110] - [Epoch 15] Loss: 1.0800 | Accuracy: 57.9545%
[2025-08-17 15:39:13] [INFO] [lstm.py:110] - [Epoch 16] Loss: 0.9370 | Accuracy: 61.3636%
[2025-08-17 15:39:13] [INFO] [lstm.py:110] - [Epoch 17] Loss: 0.6362 | Accuracy: 67.0455%
[2025-08-17 15:39:13] [INFO] [lstm.py:110] - [Epoch 18] Loss: 0.6077 | Accuracy: 76.1364%
[2025-08-17 15:39:13] [INFO] [lstm.py:110] - [Epoch 19] Loss: 0.7493 | Accuracy: 70.4545%
[2025-08-17 15:39:13] [INFO] [lstm.py:110] - [Epoch 20] Loss: 0.8285 | Accuracy: 61.3636%
[2025-08-17 15:39:13] [INFO] [lstm.py:110] - [Epoch 21] Loss: 0.5850 | Accuracy: 71.5909%
[2025-08-17 15:39:13] [INFO] [lstm.py:110] - [Epoch 22] Loss: 0.6189 | Accuracy: 68.1818%
[2025-08-17 15:39:13] [INFO] [lstm.py:110] - [Epoch 23] Loss: 0.7793 | Accuracy: 65.9091%
[2025-08-17 15:39:13] [INFO] [lstm.py:110] - [Epoch 24] Loss: 0.6263 | Accuracy: 69.3182%
[2025-08-17 15:39:13] [INFO] [lstm.py:110] - [Epoch 25] Loss: 0.7862 | Accuracy: 67.0455%
[2025-08-17 15:39:13] [INFO] [lstm.py:110] - [Epoch 26] Loss: 0.5935 | Accuracy: 73.8636%
[2025-08-17 15:39:13] [INFO] [lstm.py:110] - [Epoch 27] Loss: 0.5887 | Accuracy: 68.1818%
[2025-08-17 15:39:13] [INFO] [lstm.py:110] - [Epoch 28] Loss: 0.5105 | Accuracy: 75.0000%
[2025-08-17 15:39:13] [INFO] [lstm.py:110] - [Epoch 29] Loss: 0.7673 | Accuracy: 70.4545%
[2025-08-17 15:39:13] [INFO] [lstm.py:110] - [Epoch 30] Loss: 0.6527 | Accuracy: 70.4545%
[2025-08-17 15:39:13] [INFO] [lstm.py:110] - [Epoch 31] Loss: 0.6275 | Accuracy: 70.4545%
[2025-08-17 15:39:13] [INFO] [lstm.py:110] - [Epoch 32] Loss: 0.5472 | Accuracy: 76.1364%
[2025-08-17 15:39:13] [INFO] [lstm.py:110] - [Epoch 33] Loss: 0.5148 | Accuracy: 72.7273%
[2025-08-17 15:39:13] [INFO] [lstm.py:110] - [Epoch 34] Loss: 0.5742 | Accuracy: 75.0000%
[2025-08-17 15:39:13] [INFO] [lstm.py:110] - [Epoch 35] Loss: 0.6110 | Accuracy: 80.6818%
[2025-08-17 15:39:13] [INFO] [lstm.py:110] - [Epoch 36] Loss: 0.6428 | Accuracy: 68.1818%
[2025-08-17 15:39:13] [INFO] [lstm.py:110] - [Epoch 37] Loss: 0.5560 | Accuracy: 70.4545%
[2025-08-17 15:39:13] [INFO] [lstm.py:110] - [Epoch 38] Loss: 0.5103 | Accuracy: 69.3182%
[2025-08-17 15:39:13] [INFO] [lstm.py:110] - [Epoch 39] Loss: 0.4861 | Accuracy: 75.0000%
[2025-08-17 15:39:13] [INFO] [lstm.py:110] - [Epoch 40] Loss: 0.4885 | Accuracy: 78.4091%
[2025-08-17 15:39:13] [INFO] [lstm.py:110] - [Epoch 41] Loss: 0.5571 | Accuracy: 75.0000%
[2025-08-17 15:39:13] [INFO] [lstm.py:110] - [Epoch 42] Loss: 0.6305 | Accuracy: 77.2727%
[2025-08-17 15:39:13] [INFO] [lstm.py:110] - [Epoch 43] Loss: 0.5848 | Accuracy: 75.0000%
[2025-08-17 15:39:13] [INFO] [lstm.py:110] - [Epoch 44] Loss: 0.5130 | Accuracy: 79.5455%
[2025-08-17 15:39:13] [INFO] [lstm.py:110] - [Epoch 45] Loss: 0.5153 | Accuracy: 72.7273%
[2025-08-17 15:39:13] [INFO] [lstm.py:110] - [Epoch 46] Loss: 0.4866 | Accuracy: 78.4091%
[2025-08-17 15:39:13] [INFO] [lstm.py:110] - [Epoch 47] Loss: 0.5122 | Accuracy: 73.8636%
[2025-08-17 15:39:13] [INFO] [lstm.py:110] - [Epoch 48] Loss: 0.4343 | Accuracy: 81.8182%
[2025-08-17 15:39:13] [INFO] [lstm.py:110] - [Epoch 49] Loss: 0.5955 | Accuracy: 75.0000%
[2025-08-17 15:39:13] [INFO] [lstm.py:110] - [Epoch 50] Loss: 0.5720 | Accuracy: 77.2727%
[2025-08-17 15:39:13] [INFO] [lstm.py:110] - [Epoch 51] Loss: 0.5223 | Accuracy: 73.8636%
[2025-08-17 15:39:13] [INFO] [lstm.py:110] - [Epoch 52] Loss: 0.4984 | Accuracy: 82.9545%
[2025-08-17 15:39:13] [INFO] [lstm.py:110] - [Epoch 53] Loss: 0.4077 | Accuracy: 76.1364%
[2025-08-17 15:39:13] [INFO] [lstm.py:110] - [Epoch 54] Loss: 0.4858 | Accuracy: 79.5455%
[2025-08-17 15:39:14] [INFO] [lstm.py:110] - [Epoch 55] Loss: 0.4765 | Accuracy: 79.5455%
[2025-08-17 15:39:14] [INFO] [lstm.py:110] - [Epoch 56] Loss: 0.4573 | Accuracy: 77.2727%
[2025-08-17 15:39:14] [INFO] [lstm.py:110] - [Epoch 57] Loss: 0.5029 | Accuracy: 76.1364%
[2025-08-17 15:39:14] [INFO] [lstm.py:110] - [Epoch 58] Loss: 0.4980 | Accuracy: 73.8636%
[2025-08-17 15:39:14] [INFO] [lstm.py:110] - [Epoch 59] Loss: 0.4774 | Accuracy: 77.2727%
[2025-08-17 15:39:14] [INFO] [lstm.py:110] - [Epoch 60] Loss: 0.5747 | Accuracy: 73.8636%
[2025-08-17 15:39:14] [INFO] [lstm.py:110] - [Epoch 61] Loss: 0.4114 | Accuracy: 76.1364%
[2025-08-17 15:39:14] [INFO] [lstm.py:110] - [Epoch 62] Loss: 0.3913 | Accuracy: 82.9545%
[2025-08-17 15:39:14] [INFO] [lstm.py:110] - [Epoch 63] Loss: 0.3610 | Accuracy: 85.2273%
[2025-08-17 15:39:14] [INFO] [lstm.py:110] - [Epoch 64] Loss: 0.5038 | Accuracy: 80.6818%
[2025-08-17 15:39:14] [INFO] [lstm.py:110] - [Epoch 65] Loss: 0.4505 | Accuracy: 78.4091%
[2025-08-17 15:39:14] [INFO] [lstm.py:110] - [Epoch 66] Loss: 0.3601 | Accuracy: 81.8182%
[2025-08-17 15:39:14] [INFO] [lstm.py:110] - [Epoch 67] Loss: 0.5444 | Accuracy: 77.2727%
[2025-08-17 15:39:14] [INFO] [lstm.py:110] - [Epoch 68] Loss: 0.4174 | Accuracy: 81.8182%
[2025-08-17 15:39:14] [INFO] [lstm.py:110] - [Epoch 69] Loss: 0.2500 | Accuracy: 86.3636%
[2025-08-17 15:39:14] [INFO] [lstm.py:110] - [Epoch 70] Loss: 0.4460 | Accuracy: 80.6818%
[2025-08-17 15:39:14] [INFO] [lstm.py:110] - [Epoch 71] Loss: 0.4971 | Accuracy: 82.9545%
[2025-08-17 15:39:14] [INFO] [lstm.py:110] - [Epoch 72] Loss: 0.3887 | Accuracy: 79.5455%
[2025-08-17 15:39:14] [INFO] [lstm.py:110] - [Epoch 73] Loss: 0.4623 | Accuracy: 80.6818%
[2025-08-17 15:39:14] [INFO] [lstm.py:110] - [Epoch 74] Loss: 0.3583 | Accuracy: 82.9545%
[2025-08-17 15:39:14] [INFO] [lstm.py:110] - [Epoch 75] Loss: 0.4768 | Accuracy: 81.8182%
[2025-08-17 15:39:14] [INFO] [lstm.py:110] - [Epoch 76] Loss: 0.4005 | Accuracy: 84.0909%
[2025-08-17 15:39:14] [INFO] [lstm.py:110] - [Epoch 77] Loss: 0.4861 | Accuracy: 79.5455%
[2025-08-17 15:39:14] [INFO] [lstm.py:110] - [Epoch 78] Loss: 0.5321 | Accuracy: 79.5455%
[2025-08-17 15:39:14] [INFO] [lstm.py:110] - [Epoch 79] Loss: 0.4438 | Accuracy: 80.6818%
[2025-08-17 15:39:14] [INFO] [lstm.py:110] - [Epoch 80] Loss: 0.3968 | Accuracy: 82.9545%
[2025-08-17 15:39:14] [INFO] [lstm.py:110] - [Epoch 81] Loss: 0.3901 | Accuracy: 82.9545%
[2025-08-17 15:39:14] [INFO] [lstm.py:110] - [Epoch 82] Loss: 0.3995 | Accuracy: 82.9545%
[2025-08-17 15:39:14] [INFO] [lstm.py:110] - [Epoch 83] Loss: 0.5313 | Accuracy: 85.2273%
[2025-08-17 15:39:14] [INFO] [lstm.py:110] - [Epoch 84] Loss: 0.3461 | Accuracy: 87.5000%
[2025-08-17 15:39:14] [INFO] [lstm.py:110] - [Epoch 85] Loss: 0.3517 | Accuracy: 86.3636%
[2025-08-17 15:39:14] [INFO] [lstm.py:110] - [Epoch 86] Loss: 0.4808 | Accuracy: 84.0909%
[2025-08-17 15:39:14] [INFO] [lstm.py:110] - [Epoch 87] Loss: 0.3261 | Accuracy: 86.3636%
[2025-08-17 15:39:14] [INFO] [lstm.py:110] - [Epoch 88] Loss: 0.3594 | Accuracy: 84.0909%
[2025-08-17 15:39:14] [INFO] [lstm.py:110] - [Epoch 89] Loss: 0.4620 | Accuracy: 84.0909%
[2025-08-17 15:39:14] [INFO] [lstm.py:110] - [Epoch 90] Loss: 0.2915 | Accuracy: 88.6364%
[2025-08-17 15:39:14] [INFO] [lstm.py:110] - [Epoch 91] Loss: 0.3101 | Accuracy: 85.2273%
[2025-08-17 15:39:14] [INFO] [lstm.py:110] - [Epoch 92] Loss: 0.4541 | Accuracy: 82.9545%
[2025-08-17 15:39:14] [INFO] [lstm.py:110] - [Epoch 93] Loss: 0.3549 | Accuracy: 82.9545%
[2025-08-17 15:39:14] [INFO] [lstm.py:110] - [Epoch 94] Loss: 0.3101 | Accuracy: 84.0909%
[2025-08-17 15:39:14] [INFO] [lstm.py:110] - [Epoch 95] Loss: 0.2754 | Accuracy: 87.5000%
[2025-08-17 15:39:14] [INFO] [lstm.py:110] - [Epoch 96] Loss: 0.3153 | Accuracy: 89.7727%
[2025-08-17 15:39:14] [INFO] [lstm.py:110] - [Epoch 97] Loss: 0.3914 | Accuracy: 86.3636%
[2025-08-17 15:39:14] [INFO] [lstm.py:110] - [Epoch 98] Loss: 0.2561 | Accuracy: 87.5000%
[2025-08-17 15:39:14] [INFO] [lstm.py:110] - [Epoch 99] Loss: 0.4302 | Accuracy: 85.2273%
[2025-08-17 15:39:14] [INFO] [lstm.py:110] - [Epoch 100] Loss: 0.3336 | Accuracy: 90.9091%
[2025-08-17 15:39:14] [INFO] [lstm.py:110] - [Epoch 101] Loss: 0.3923 | Accuracy: 85.2273%
[2025-08-17 15:39:14] [INFO] [lstm.py:110] - [Epoch 102] Loss: 0.4148 | Accuracy: 88.6364%
[2025-08-17 15:39:14] [INFO] [lstm.py:110] - [Epoch 103] Loss: 0.3489 | Accuracy: 85.2273%
[2025-08-17 15:39:14] [INFO] [lstm.py:110] - [Epoch 104] Loss: 0.3894 | Accuracy: 81.8182%
[2025-08-17 15:39:14] [INFO] [lstm.py:110] - [Epoch 105] Loss: 0.5067 | Accuracy: 79.5455%
[2025-08-17 15:39:14] [INFO] [lstm.py:110] - [Epoch 106] Loss: 0.3454 | Accuracy: 86.3636%
[2025-08-17 15:39:14] [INFO] [lstm.py:110] - [Epoch 107] Loss: 0.4092 | Accuracy: 86.3636%
[2025-08-17 15:39:14] [INFO] [lstm.py:110] - [Epoch 108] Loss: 0.2474 | Accuracy: 87.5000%
[2025-08-17 15:39:14] [INFO] [lstm.py:110] - [Epoch 109] Loss: 0.4687 | Accuracy: 84.0909%
[2025-08-17 15:39:14] [INFO] [lstm.py:110] - [Epoch 110] Loss: 0.4076 | Accuracy: 85.2273%
[2025-08-17 15:39:14] [INFO] [lstm.py:110] - [Epoch 111] Loss: 0.3284 | Accuracy: 86.3636%
[2025-08-17 15:39:14] [INFO] [lstm.py:110] - [Epoch 112] Loss: 0.2693 | Accuracy: 89.7727%
[2025-08-17 15:39:14] [INFO] [lstm.py:110] - [Epoch 113] Loss: 0.3136 | Accuracy: 88.6364%
[2025-08-17 15:39:14] [INFO] [lstm.py:110] - [Epoch 114] Loss: 0.4054 | Accuracy: 81.8182%
[2025-08-17 15:39:14] [INFO] [lstm.py:110] - [Epoch 115] Loss: 0.3720 | Accuracy: 85.2273%
[2025-08-17 15:39:14] [INFO] [lstm.py:110] - [Epoch 116] Loss: 0.3333 | Accuracy: 86.3636%
[2025-08-17 15:39:14] [INFO] [lstm.py:110] - [Epoch 117] Loss: 0.3821 | Accuracy: 88.6364%
[2025-08-17 15:39:14] [INFO] [lstm.py:110] - [Epoch 118] Loss: 0.2790 | Accuracy: 88.6364%
[2025-08-17 15:39:14] [INFO] [lstm.py:110] - [Epoch 119] Loss: 0.2448 | Accuracy: 94.3182%
[2025-08-17 15:39:14] [INFO] [lstm.py:110] - [Epoch 120] Loss: 0.3353 | Accuracy: 93.1818%
[2025-08-17 15:39:14] [INFO] [lstm.py:110] - [Epoch 121] Loss: 0.3747 | Accuracy: 86.3636%
[2025-08-17 15:39:14] [INFO] [lstm.py:110] - [Epoch 122] Loss: 0.2787 | Accuracy: 88.6364%
[2025-08-17 15:39:14] [INFO] [lstm.py:110] - [Epoch 123] Loss: 0.3597 | Accuracy: 85.2273%
[2025-08-17 15:39:14] [INFO] [lstm.py:110] - [Epoch 124] Loss: 0.3920 | Accuracy: 86.3636%
[2025-08-17 15:39:14] [INFO] [lstm.py:110] - [Epoch 125] Loss: 0.2730 | Accuracy: 87.5000%
[2025-08-17 15:39:14] [INFO] [lstm.py:110] - [Epoch 126] Loss: 0.3129 | Accuracy: 84.0909%
[2025-08-17 15:39:14] [INFO] [lstm.py:110] - [Epoch 127] Loss: 0.3623 | Accuracy: 87.5000%
[2025-08-17 15:39:14] [INFO] [lstm.py:110] - [Epoch 128] Loss: 0.4351 | Accuracy: 85.2273%
[2025-08-17 15:39:14] [INFO] [lstm.py:110] - [Epoch 129] Loss: 0.3181 | Accuracy: 90.9091%
[2025-08-17 15:39:14] [INFO] [lstm.py:110] - [Epoch 130] Loss: 0.3297 | Accuracy: 84.0909%
[2025-08-17 15:39:14] [INFO] [lstm.py:110] - [Epoch 131] Loss: 0.4772 | Accuracy: 81.8182%
[2025-08-17 15:39:14] [INFO] [lstm.py:110] - [Epoch 132] Loss: 0.3608 | Accuracy: 81.8182%
[2025-08-17 15:39:14] [INFO] [lstm.py:110] - [Epoch 133] Loss: 0.2934 | Accuracy: 92.0455%
[2025-08-17 15:39:14] [INFO] [lstm.py:110] - [Epoch 134] Loss: 0.2099 | Accuracy: 92.0455%
[2025-08-17 15:39:14] [INFO] [lstm.py:110] - [Epoch 135] Loss: 0.3112 | Accuracy: 88.6364%
[2025-08-17 15:39:14] [INFO] [lstm.py:110] - [Epoch 136] Loss: 0.3346 | Accuracy: 86.3636%
[2025-08-17 15:39:14] [INFO] [lstm.py:110] - [Epoch 137] Loss: 0.2131 | Accuracy: 90.9091%
[2025-08-17 15:39:14] [INFO] [lstm.py:110] - [Epoch 138] Loss: 0.3380 | Accuracy: 85.2273%
[2025-08-17 15:39:14] [INFO] [lstm.py:110] - [Epoch 139] Loss: 0.4025 | Accuracy: 86.3636%
[2025-08-17 15:39:14] [INFO] [lstm.py:110] - [Epoch 140] Loss: 0.3183 | Accuracy: 85.2273%
[2025-08-17 15:39:14] [INFO] [lstm.py:110] - [Epoch 141] Loss: 0.4094 | Accuracy: 82.9545%
[2025-08-17 15:39:14] [INFO] [lstm.py:110] - [Epoch 142] Loss: 0.2739 | Accuracy: 86.3636%
[2025-08-17 15:39:14] [INFO] [lstm.py:110] - [Epoch 143] Loss: 0.2228 | Accuracy: 89.7727%
[2025-08-17 15:39:14] [INFO] [lstm.py:110] - [Epoch 144] Loss: 0.2614 | Accuracy: 90.9091%
[2025-08-17 15:39:14] [INFO] [lstm.py:110] - [Epoch 145] Loss: 0.4134 | Accuracy: 86.3636%
[2025-08-17 15:39:14] [INFO] [lstm.py:110] - [Epoch 146] Loss: 0.2894 | Accuracy: 90.9091%
[2025-08-17 15:39:14] [INFO] [lstm.py:110] - [Epoch 147] Loss: 0.2554 | Accuracy: 89.7727%
[2025-08-17 15:39:14] [INFO] [lstm.py:110] - [Epoch 148] Loss: 0.2955 | Accuracy: 87.5000%
[2025-08-17 15:39:14] [INFO] [lstm.py:110] - [Epoch 149] Loss: 0.3128 | Accuracy: 88.6364%
[2025-08-17 15:39:14] [INFO] [lstm.py:110] - [Epoch 150] Loss: 0.2581 | Accuracy: 93.1818%
[2025-08-17 15:39:14] [INFO] [lstm.py:110] - [Epoch 151] Loss: 0.4619 | Accuracy: 82.9545%
[2025-08-17 15:39:14] [INFO] [lstm.py:110] - [Epoch 152] Loss: 0.2648 | Accuracy: 90.9091%
[2025-08-17 15:39:14] [INFO] [lstm.py:110] - [Epoch 153] Loss: 0.2542 | Accuracy: 90.9091%
[2025-08-17 15:39:14] [INFO] [lstm.py:110] - [Epoch 154] Loss: 0.2408 | Accuracy: 89.7727%
[2025-08-17 15:39:14] [INFO] [lstm.py:110] - [Epoch 155] Loss: 0.2910 | Accuracy: 86.3636%
[2025-08-17 15:39:14] [INFO] [lstm.py:110] - [Epoch 156] Loss: 0.3677 | Accuracy: 85.2273%
[2025-08-17 15:39:14] [INFO] [lstm.py:110] - [Epoch 157] Loss: 0.3525 | Accuracy: 87.5000%
[2025-08-17 15:39:14] [INFO] [lstm.py:110] - [Epoch 158] Loss: 0.2379 | Accuracy: 89.7727%
[2025-08-17 15:39:14] [INFO] [lstm.py:110] - [Epoch 159] Loss: 0.2422 | Accuracy: 90.9091%
[2025-08-17 15:39:15] [INFO] [lstm.py:110] - [Epoch 160] Loss: 0.2324 | Accuracy: 92.0455%
[2025-08-17 15:39:15] [INFO] [lstm.py:110] - [Epoch 161] Loss: 0.2432 | Accuracy: 90.9091%
[2025-08-17 15:39:15] [INFO] [lstm.py:110] - [Epoch 162] Loss: 0.3157 | Accuracy: 88.6364%
[2025-08-17 15:39:15] [INFO] [lstm.py:110] - [Epoch 163] Loss: 0.2331 | Accuracy: 90.9091%
[2025-08-17 15:39:15] [INFO] [lstm.py:110] - [Epoch 164] Loss: 0.3505 | Accuracy: 87.5000%
[2025-08-17 15:39:15] [INFO] [lstm.py:110] - [Epoch 165] Loss: 0.2928 | Accuracy: 87.5000%
[2025-08-17 15:39:15] [INFO] [lstm.py:110] - [Epoch 166] Loss: 0.2795 | Accuracy: 86.3636%
[2025-08-17 15:39:15] [INFO] [lstm.py:110] - [Epoch 167] Loss: 0.2905 | Accuracy: 87.5000%
[2025-08-17 15:39:15] [INFO] [lstm.py:110] - [Epoch 168] Loss: 0.2935 | Accuracy: 90.9091%
[2025-08-17 15:39:15] [INFO] [lstm.py:110] - [Epoch 169] Loss: 0.2391 | Accuracy: 89.7727%
[2025-08-17 15:39:15] [INFO] [lstm.py:110] - [Epoch 170] Loss: 0.3427 | Accuracy: 88.6364%
[2025-08-17 15:39:15] [INFO] [lstm.py:110] - [Epoch 171] Loss: 0.2293 | Accuracy: 90.9091%
[2025-08-17 15:39:15] [INFO] [lstm.py:110] - [Epoch 172] Loss: 0.3734 | Accuracy: 82.9545%
[2025-08-17 15:39:15] [INFO] [lstm.py:110] - [Epoch 173] Loss: 0.3069 | Accuracy: 88.6364%
[2025-08-17 15:39:15] [INFO] [lstm.py:110] - [Epoch 174] Loss: 0.2803 | Accuracy: 87.5000%
[2025-08-17 15:39:15] [INFO] [lstm.py:110] - [Epoch 175] Loss: 0.2991 | Accuracy: 86.3636%
[2025-08-17 15:39:15] [INFO] [lstm.py:110] - [Epoch 176] Loss: 0.2182 | Accuracy: 88.6364%
[2025-08-17 15:39:15] [INFO] [lstm.py:110] - [Epoch 177] Loss: 0.1911 | Accuracy: 93.1818%
[2025-08-17 15:39:15] [INFO] [lstm.py:110] - [Epoch 178] Loss: 0.2540 | Accuracy: 92.0455%
[2025-08-17 15:39:15] [INFO] [lstm.py:110] - [Epoch 179] Loss: 0.1790 | Accuracy: 90.9091%
[2025-08-17 15:39:15] [INFO] [lstm.py:110] - [Epoch 180] Loss: 0.2455 | Accuracy: 89.7727%
[2025-08-17 15:39:15] [INFO] [lstm.py:110] - [Epoch 181] Loss: 0.2379 | Accuracy: 90.9091%
[2025-08-17 15:39:15] [INFO] [lstm.py:110] - [Epoch 182] Loss: 0.3468 | Accuracy: 92.0455%
[2025-08-17 15:39:15] [INFO] [lstm.py:110] - [Epoch 183] Loss: 0.1934 | Accuracy: 92.0455%
[2025-08-17 15:39:15] [INFO] [lstm.py:110] - [Epoch 184] Loss: 0.2275 | Accuracy: 92.0455%
[2025-08-17 15:39:15] [INFO] [lstm.py:110] - [Epoch 185] Loss: 0.3083 | Accuracy: 93.1818%
[2025-08-17 15:39:15] [INFO] [lstm.py:110] - [Epoch 186] Loss: 0.2435 | Accuracy: 92.0455%
[2025-08-17 15:39:15] [INFO] [lstm.py:110] - [Epoch 187] Loss: 0.1838 | Accuracy: 89.7727%
[2025-08-17 15:39:15] [INFO] [lstm.py:110] - [Epoch 188] Loss: 0.3087 | Accuracy: 93.1818%
[2025-08-17 15:39:15] [INFO] [lstm.py:110] - [Epoch 189] Loss: 0.2874 | Accuracy: 90.9091%
[2025-08-17 15:39:15] [INFO] [lstm.py:110] - [Epoch 190] Loss: 0.1876 | Accuracy: 94.3182%
[2025-08-17 15:39:15] [INFO] [lstm.py:110] - [Epoch 191] Loss: 0.2828 | Accuracy: 89.7727%
[2025-08-17 15:39:15] [INFO] [lstm.py:110] - [Epoch 192] Loss: 0.2655 | Accuracy: 88.6364%
[2025-08-17 15:39:15] [INFO] [lstm.py:110] - [Epoch 193] Loss: 0.3120 | Accuracy: 90.9091%
[2025-08-17 15:39:15] [INFO] [lstm.py:110] - [Epoch 194] Loss: 0.3439 | Accuracy: 87.5000%
[2025-08-17 15:39:15] [INFO] [lstm.py:110] - [Epoch 195] Loss: 0.3514 | Accuracy: 87.5000%
[2025-08-17 15:39:15] [INFO] [lstm.py:110] - [Epoch 196] Loss: 0.2827 | Accuracy: 89.7727%
[2025-08-17 15:39:15] [INFO] [lstm.py:110] - [Epoch 197] Loss: 0.2781 | Accuracy: 92.0455%
[2025-08-17 15:39:15] [INFO] [lstm.py:110] - [Epoch 198] Loss: 0.3498 | Accuracy: 86.3636%
[2025-08-17 15:39:15] [INFO] [lstm.py:110] - [Epoch 199] Loss: 0.2358 | Accuracy: 89.7727%
[2025-08-17 15:39:15] [INFO] [lstm.py:110] - [Epoch 200] Loss: 0.2233 | Accuracy: 94.3182%
[2025-08-17 15:39:15] [INFO] [lstm.py:110] - [Epoch 201] Loss: 0.3072 | Accuracy: 88.6364%
[2025-08-17 15:39:15] [INFO] [lstm.py:110] - [Epoch 202] Loss: 0.2451 | Accuracy: 88.6364%
[2025-08-17 15:39:15] [INFO] [lstm.py:110] - [Epoch 203] Loss: 0.2243 | Accuracy: 94.3182%
[2025-08-17 15:39:15] [INFO] [lstm.py:110] - [Epoch 204] Loss: 0.2245 | Accuracy: 92.0455%
[2025-08-17 15:39:15] [INFO] [lstm.py:110] - [Epoch 205] Loss: 0.2684 | Accuracy: 89.7727%
[2025-08-17 15:39:15] [INFO] [lstm.py:110] - [Epoch 206] Loss: 0.2873 | Accuracy: 88.6364%
[2025-08-17 15:39:15] [INFO] [lstm.py:110] - [Epoch 207] Loss: 0.2362 | Accuracy: 89.7727%
[2025-08-17 15:39:15] [INFO] [lstm.py:110] - [Epoch 208] Loss: 0.2457 | Accuracy: 92.0455%
[2025-08-17 15:39:15] [INFO] [lstm.py:110] - [Epoch 209] Loss: 0.2755 | Accuracy: 92.0455%
[2025-08-17 15:39:15] [INFO] [lstm.py:110] - [Epoch 210] Loss: 0.2404 | Accuracy: 93.1818%
[2025-08-17 15:39:15] [INFO] [lstm.py:110] - [Epoch 211] Loss: 0.2728 | Accuracy: 88.6364%
[2025-08-17 15:39:15] [INFO] [lstm.py:110] - [Epoch 212] Loss: 0.2205 | Accuracy: 94.3182%
[2025-08-17 15:39:15] [INFO] [lstm.py:110] - [Epoch 213] Loss: 0.2656 | Accuracy: 88.6364%
[2025-08-17 15:39:15] [INFO] [lstm.py:110] - [Epoch 214] Loss: 0.2488 | Accuracy: 89.7727%
[2025-08-17 15:39:15] [INFO] [lstm.py:110] - [Epoch 215] Loss: 0.2317 | Accuracy: 93.1818%
[2025-08-17 15:39:15] [INFO] [lstm.py:110] - [Epoch 216] Loss: 0.2327 | Accuracy: 89.7727%
[2025-08-17 15:39:15] [INFO] [lstm.py:110] - [Epoch 217] Loss: 0.2600 | Accuracy: 89.7727%
[2025-08-17 15:39:15] [INFO] [lstm.py:110] - [Epoch 218] Loss: 0.1825 | Accuracy: 90.9091%
[2025-08-17 15:39:15] [INFO] [lstm.py:110] - [Epoch 219] Loss: 0.2446 | Accuracy: 90.9091%
[2025-08-17 15:39:15] [INFO] [lstm.py:110] - [Epoch 220] Loss: 0.2161 | Accuracy: 90.9091%
[2025-08-17 15:39:15] [INFO] [lstm.py:110] - [Epoch 221] Loss: 0.2595 | Accuracy: 92.0455%
[2025-08-17 15:39:15] [INFO] [lstm.py:110] - [Epoch 222] Loss: 0.2388 | Accuracy: 90.9091%
[2025-08-17 15:39:15] [INFO] [lstm.py:110] - [Epoch 223] Loss: 0.1950 | Accuracy: 92.0455%
[2025-08-17 15:39:15] [INFO] [lstm.py:110] - [Epoch 224] Loss: 0.2167 | Accuracy: 94.3182%
[2025-08-17 15:39:15] [INFO] [lstm.py:110] - [Epoch 225] Loss: 0.1618 | Accuracy: 95.4545%
[2025-08-17 15:39:15] [INFO] [lstm.py:110] - [Epoch 226] Loss: 0.1885 | Accuracy: 92.0455%
[2025-08-17 15:39:15] [INFO] [lstm.py:110] - [Epoch 227] Loss: 0.2226 | Accuracy: 93.1818%
[2025-08-17 15:39:15] [INFO] [lstm.py:110] - [Epoch 228] Loss: 0.1708 | Accuracy: 92.0455%
[2025-08-17 15:39:15] [INFO] [lstm.py:110] - [Epoch 229] Loss: 0.2484 | Accuracy: 92.0455%
[2025-08-17 15:39:15] [INFO] [lstm.py:110] - [Epoch 230] Loss: 0.2887 | Accuracy: 86.3636%
[2025-08-17 15:39:15] [INFO] [lstm.py:110] - [Epoch 231] Loss: 0.2085 | Accuracy: 90.9091%
[2025-08-17 15:39:15] [INFO] [lstm.py:110] - [Epoch 232] Loss: 0.2416 | Accuracy: 93.1818%
[2025-08-17 15:39:15] [INFO] [lstm.py:110] - [Epoch 233] Loss: 0.1996 | Accuracy: 90.9091%
[2025-08-17 15:39:15] [INFO] [lstm.py:110] - [Epoch 234] Loss: 0.2886 | Accuracy: 89.7727%
[2025-08-17 15:39:15] [INFO] [lstm.py:110] - [Epoch 235] Loss: 0.2478 | Accuracy: 90.9091%
[2025-08-17 15:39:15] [INFO] [lstm.py:110] - [Epoch 236] Loss: 0.2420 | Accuracy: 89.7727%
[2025-08-17 15:39:15] [INFO] [lstm.py:110] - [Epoch 237] Loss: 0.2402 | Accuracy: 89.7727%
[2025-08-17 15:39:15] [INFO] [lstm.py:110] - [Epoch 238] Loss: 0.2118 | Accuracy: 90.9091%
[2025-08-17 15:39:15] [INFO] [lstm.py:110] - [Epoch 239] Loss: 0.2245 | Accuracy: 89.7727%
[2025-08-17 15:39:15] [INFO] [lstm.py:110] - [Epoch 240] Loss: 0.2117 | Accuracy: 89.7727%
[2025-08-17 15:39:15] [INFO] [lstm.py:110] - [Epoch 241] Loss: 0.1890 | Accuracy: 90.9091%
[2025-08-17 15:39:15] [INFO] [lstm.py:110] - [Epoch 242] Loss: 0.3146 | Accuracy: 90.9091%
[2025-08-17 15:39:15] [INFO] [lstm.py:110] - [Epoch 243] Loss: 0.2541 | Accuracy: 88.6364%
[2025-08-17 15:39:15] [INFO] [lstm.py:110] - [Epoch 244] Loss: 0.2640 | Accuracy: 89.7727%
[2025-08-17 15:39:15] [INFO] [lstm.py:110] - [Epoch 245] Loss: 0.3099 | Accuracy: 92.0455%
[2025-08-17 15:39:15] [INFO] [lstm.py:110] - [Epoch 246] Loss: 0.2210 | Accuracy: 93.1818%
[2025-08-17 15:39:15] [INFO] [lstm.py:110] - [Epoch 247] Loss: 0.2210 | Accuracy: 89.7727%
[2025-08-17 15:39:15] [INFO] [lstm.py:110] - [Epoch 248] Loss: 0.2775 | Accuracy: 89.7727%
[2025-08-17 15:39:15] [INFO] [lstm.py:110] - [Epoch 249] Loss: 0.1850 | Accuracy: 92.0455%
[2025-08-17 15:39:15] [INFO] [lstm.py:110] - [Epoch 250] Loss: 0.2363 | Accuracy: 89.7727%
[2025-08-17 15:39:15] [INFO] [lstm.py:110] - [Epoch 251] Loss: 0.2008 | Accuracy: 93.1818%
[2025-08-17 15:39:15] [INFO] [lstm.py:110] - [Epoch 252] Loss: 0.1883 | Accuracy: 92.0455%
[2025-08-17 15:39:15] [INFO] [lstm.py:110] - [Epoch 253] Loss: 0.2303 | Accuracy: 90.9091%
[2025-08-17 15:39:15] [INFO] [lstm.py:110] - [Epoch 254] Loss: 0.1919 | Accuracy: 93.1818%
[2025-08-17 15:39:15] [INFO] [lstm.py:110] - [Epoch 255] Loss: 0.3003 | Accuracy: 88.6364%
[2025-08-17 15:39:15] [INFO] [lstm.py:110] - [Epoch 256] Loss: 0.1749 | Accuracy: 90.9091%
[2025-08-17 15:39:15] [INFO] [lstm.py:110] - [Epoch 257] Loss: 0.2282 | Accuracy: 88.6364%
[2025-08-17 15:39:15] [INFO] [lstm.py:110] - [Epoch 258] Loss: 0.1476 | Accuracy: 94.3182%
[2025-08-17 15:39:15] [INFO] [lstm.py:110] - [Epoch 259] Loss: 0.1886 | Accuracy: 88.6364%
[2025-08-17 15:39:16] [INFO] [lstm.py:110] - [Epoch 260] Loss: 0.1750 | Accuracy: 94.3182%
[2025-08-17 15:39:16] [INFO] [lstm.py:110] - [Epoch 261] Loss: 0.1937 | Accuracy: 90.9091%
[2025-08-17 15:39:16] [INFO] [lstm.py:110] - [Epoch 262] Loss: 0.1563 | Accuracy: 94.3182%
[2025-08-17 15:39:16] [INFO] [lstm.py:110] - [Epoch 263] Loss: 0.2072 | Accuracy: 92.0455%
[2025-08-17 15:39:16] [INFO] [lstm.py:110] - [Epoch 264] Loss: 0.1809 | Accuracy: 94.3182%
[2025-08-17 15:39:16] [INFO] [lstm.py:110] - [Epoch 265] Loss: 0.2024 | Accuracy: 93.1818%
[2025-08-17 15:39:16] [INFO] [lstm.py:110] - [Epoch 266] Loss: 0.1435 | Accuracy: 95.4545%
[2025-08-17 15:39:16] [INFO] [lstm.py:110] - [Epoch 267] Loss: 0.1914 | Accuracy: 89.7727%
[2025-08-17 15:39:16] [INFO] [lstm.py:110] - [Epoch 268] Loss: 0.1711 | Accuracy: 94.3182%
[2025-08-17 15:39:16] [INFO] [lstm.py:110] - [Epoch 269] Loss: 0.1602 | Accuracy: 94.3182%
[2025-08-17 15:39:17] [INFO] [lstm.py:110] - [Epoch 270] Loss: 0.1956 | Accuracy: 94.3182%
[2025-08-17 15:39:17] [INFO] [lstm.py:110] - [Epoch 271] Loss: 0.1772 | Accuracy: 93.1818%
[2025-08-17 15:39:17] [INFO] [lstm.py:110] - [Epoch 272] Loss: 0.2031 | Accuracy: 92.0455%
[2025-08-17 15:39:17] [INFO] [lstm.py:110] - [Epoch 273] Loss: 0.1789 | Accuracy: 92.0455%
[2025-08-17 15:39:17] [INFO] [lstm.py:110] - [Epoch 274] Loss: 0.2124 | Accuracy: 94.3182%
[2025-08-17 15:39:17] [INFO] [lstm.py:110] - [Epoch 275] Loss: 0.1606 | Accuracy: 93.1818%
[2025-08-17 15:39:17] [INFO] [lstm.py:110] - [Epoch 276] Loss: 0.2597 | Accuracy: 93.1818%
[2025-08-17 15:39:17] [INFO] [lstm.py:110] - [Epoch 277] Loss: 0.2113 | Accuracy: 90.9091%
[2025-08-17 15:39:17] [INFO] [lstm.py:110] - [Epoch 278] Loss: 0.2019 | Accuracy: 92.0455%
[2025-08-17 15:39:17] [INFO] [lstm.py:110] - [Epoch 279] Loss: 0.1850 | Accuracy: 92.0455%
[2025-08-17 15:39:17] [INFO] [lstm.py:110] - [Epoch 280] Loss: 0.1640 | Accuracy: 94.3182%
[2025-08-17 15:39:17] [INFO] [lstm.py:110] - [Epoch 281] Loss: 0.2497 | Accuracy: 88.6364%
[2025-08-17 15:39:17] [INFO] [lstm.py:110] - [Epoch 282] Loss: 0.2493 | Accuracy: 88.6364%
[2025-08-17 15:39:17] [INFO] [lstm.py:110] - [Epoch 283] Loss: 0.2602 | Accuracy: 92.0455%
[2025-08-17 15:39:17] [INFO] [lstm.py:110] - [Epoch 284] Loss: 0.1431 | Accuracy: 94.3182%
[2025-08-17 15:39:17] [INFO] [lstm.py:110] - [Epoch 285] Loss: 0.2154 | Accuracy: 90.9091%
[2025-08-17 15:39:17] [INFO] [lstm.py:110] - [Epoch 286] Loss: 0.2577 | Accuracy: 88.6364%
[2025-08-17 15:39:17] [INFO] [lstm.py:110] - [Epoch 287] Loss: 0.2393 | Accuracy: 87.5000%
[2025-08-17 15:39:17] [INFO] [lstm.py:110] - [Epoch 288] Loss: 0.4206 | Accuracy: 87.5000%
[2025-08-17 15:39:17] [INFO] [lstm.py:110] - [Epoch 289] Loss: 0.2306 | Accuracy: 89.7727%
[2025-08-17 15:39:17] [INFO] [lstm.py:110] - [Epoch 290] Loss: 0.2050 | Accuracy: 92.0455%
[2025-08-17 15:39:17] [INFO] [lstm.py:110] - [Epoch 291] Loss: 0.2440 | Accuracy: 93.1818%
[2025-08-17 15:39:17] [INFO] [lstm.py:110] - [Epoch 292] Loss: 0.2049 | Accuracy: 88.6364%
[2025-08-17 15:39:17] [INFO] [lstm.py:110] - [Epoch 293] Loss: 0.1544 | Accuracy: 94.3182%
[2025-08-17 15:39:17] [INFO] [lstm.py:110] - [Epoch 294] Loss: 0.2394 | Accuracy: 92.0455%
[2025-08-17 15:39:17] [INFO] [lstm.py:110] - [Epoch 295] Loss: 0.2485 | Accuracy: 90.9091%
[2025-08-17 15:39:17] [INFO] [lstm.py:110] - [Epoch 296] Loss: 0.2388 | Accuracy: 93.1818%
[2025-08-17 15:39:17] [INFO] [lstm.py:110] - [Epoch 297] Loss: 0.2359 | Accuracy: 90.9091%
[2025-08-17 15:39:17] [INFO] [lstm.py:110] - [Epoch 298] Loss: 0.2309 | Accuracy: 90.9091%
[2025-08-17 15:39:17] [INFO] [lstm.py:110] - [Epoch 299] Loss: 0.1894 | Accuracy: 90.9091%
[2025-08-17 15:39:17] [INFO] [lstm.py:110] - [Epoch 300] Loss: 0.1531 | Accuracy: 94.3182%
[2025-08-17 15:39:17] [INFO] [lstm.py:110] - [Epoch 301] Loss: 0.2348 | Accuracy: 90.9091%
[2025-08-17 15:39:17] [INFO] [lstm.py:110] - [Epoch 302] Loss: 0.1983 | Accuracy: 93.1818%
[2025-08-17 15:39:17] [INFO] [lstm.py:110] - [Epoch 303] Loss: 0.2107 | Accuracy: 94.3182%
[2025-08-17 15:39:17] [INFO] [lstm.py:110] - [Epoch 304] Loss: 0.1648 | Accuracy: 94.3182%
[2025-08-17 15:39:17] [INFO] [lstm.py:110] - [Epoch 305] Loss: 0.1917 | Accuracy: 92.0455%
[2025-08-17 15:39:17] [INFO] [lstm.py:110] - [Epoch 306] Loss: 0.1841 | Accuracy: 95.4545%
[2025-08-17 15:39:17] [INFO] [lstm.py:110] - [Epoch 307] Loss: 0.1682 | Accuracy: 93.1818%
[2025-08-17 15:39:17] [INFO] [lstm.py:110] - [Epoch 308] Loss: 0.1690 | Accuracy: 92.0455%
[2025-08-17 15:39:17] [INFO] [lstm.py:110] - [Epoch 309] Loss: 0.1695 | Accuracy: 95.4545%
[2025-08-17 15:39:17] [INFO] [lstm.py:110] - [Epoch 310] Loss: 0.1579 | Accuracy: 93.1818%
[2025-08-17 15:39:17] [INFO] [lstm.py:110] - [Epoch 311] Loss: 0.2004 | Accuracy: 87.5000%
[2025-08-17 15:39:17] [INFO] [lstm.py:110] - [Epoch 312] Loss: 0.1939 | Accuracy: 93.1818%
[2025-08-17 15:39:17] [INFO] [lstm.py:110] - [Epoch 313] Loss: 0.1753 | Accuracy: 93.1818%
[2025-08-17 15:39:17] [INFO] [lstm.py:110] - [Epoch 314] Loss: 0.1653 | Accuracy: 93.1818%
[2025-08-17 15:39:17] [INFO] [lstm.py:110] - [Epoch 315] Loss: 0.1644 | Accuracy: 93.1818%
[2025-08-17 15:39:17] [INFO] [lstm.py:110] - [Epoch 316] Loss: 0.1777 | Accuracy: 90.9091%
[2025-08-17 15:39:17] [INFO] [lstm.py:110] - [Epoch 317] Loss: 0.2158 | Accuracy: 90.9091%
[2025-08-17 15:39:17] [INFO] [lstm.py:110] - [Epoch 318] Loss: 0.1721 | Accuracy: 95.4545%
[2025-08-17 15:39:17] [INFO] [lstm.py:110] - [Epoch 319] Loss: 0.1599 | Accuracy: 89.7727%
[2025-08-17 15:39:17] [INFO] [lstm.py:110] - [Epoch 320] Loss: 0.1544 | Accuracy: 94.3182%
[2025-08-17 15:39:17] [INFO] [lstm.py:110] - [Epoch 321] Loss: 0.1715 | Accuracy: 94.3182%
[2025-08-17 15:39:17] [INFO] [lstm.py:110] - [Epoch 322] Loss: 0.1824 | Accuracy: 92.0455%
[2025-08-17 15:39:17] [INFO] [lstm.py:110] - [Epoch 323] Loss: 0.2383 | Accuracy: 89.7727%
[2025-08-17 15:39:17] [INFO] [lstm.py:110] - [Epoch 324] Loss: 0.1709 | Accuracy: 94.3182%
[2025-08-17 15:39:17] [INFO] [lstm.py:110] - [Epoch 325] Loss: 0.1385 | Accuracy: 93.1818%
[2025-08-17 15:39:18] [INFO] [lstm.py:110] - [Epoch 326] Loss: 0.1413 | Accuracy: 94.3182%
[2025-08-17 15:39:18] [INFO] [lstm.py:110] - [Epoch 327] Loss: 0.1937 | Accuracy: 93.1818%
[2025-08-17 15:39:18] [INFO] [lstm.py:110] - [Epoch 328] Loss: 0.1981 | Accuracy: 87.5000%
[2025-08-17 15:39:18] [INFO] [lstm.py:110] - [Epoch 329] Loss: 0.2024 | Accuracy: 93.1818%
[2025-08-17 15:39:18] [INFO] [lstm.py:110] - [Epoch 330] Loss: 0.1612 | Accuracy: 94.3182%
[2025-08-17 15:39:18] [INFO] [lstm.py:110] - [Epoch 331] Loss: 0.1358 | Accuracy: 94.3182%
[2025-08-17 15:39:18] [INFO] [lstm.py:110] - [Epoch 332] Loss: 0.1419 | Accuracy: 90.9091%
[2025-08-17 15:39:18] [INFO] [lstm.py:110] - [Epoch 333] Loss: 0.1538 | Accuracy: 92.0455%
[2025-08-17 15:39:18] [INFO] [lstm.py:110] - [Epoch 334] Loss: 0.1605 | Accuracy: 94.3182%
[2025-08-17 15:39:18] [INFO] [lstm.py:110] - [Epoch 335] Loss: 0.1347 | Accuracy: 94.3182%
[2025-08-17 15:39:18] [INFO] [lstm.py:110] - [Epoch 336] Loss: 0.1847 | Accuracy: 89.7727%
[2025-08-17 15:39:18] [INFO] [lstm.py:110] - [Epoch 337] Loss: 0.1596 | Accuracy: 93.1818%
[2025-08-17 15:39:18] [INFO] [lstm.py:110] - [Epoch 338] Loss: 0.1328 | Accuracy: 95.4545%
[2025-08-17 15:39:18] [INFO] [lstm.py:110] - [Epoch 339] Loss: 0.1856 | Accuracy: 92.0455%
[2025-08-17 15:39:18] [INFO] [lstm.py:110] - [Epoch 340] Loss: 0.2184 | Accuracy: 89.7727%
[2025-08-17 15:39:18] [INFO] [lstm.py:110] - [Epoch 341] Loss: 0.1378 | Accuracy: 93.1818%
[2025-08-17 15:39:18] [INFO] [lstm.py:110] - [Epoch 342] Loss: 0.1623 | Accuracy: 94.3182%
[2025-08-17 15:39:18] [INFO] [lstm.py:110] - [Epoch 343] Loss: 0.2421 | Accuracy: 89.7727%
[2025-08-17 15:39:18] [INFO] [lstm.py:110] - [Epoch 344] Loss: 0.1547 | Accuracy: 93.1818%
[2025-08-17 15:39:19] [INFO] [lstm.py:110] - [Epoch 345] Loss: 0.1384 | Accuracy: 92.0455%
[2025-08-17 15:39:19] [INFO] [lstm.py:110] - [Epoch 346] Loss: 0.1474 | Accuracy: 92.0455%
[2025-08-17 15:39:19] [INFO] [lstm.py:110] - [Epoch 347] Loss: 0.1287 | Accuracy: 94.3182%
[2025-08-17 15:39:19] [INFO] [lstm.py:110] - [Epoch 348] Loss: 0.1531 | Accuracy: 89.7727%
[2025-08-17 15:39:19] [INFO] [lstm.py:110] - [Epoch 349] Loss: 0.1261 | Accuracy: 95.4545%
[2025-08-17 15:39:19] [INFO] [lstm.py:110] - [Epoch 350] Loss: 0.1954 | Accuracy: 93.1818%
[2025-08-17 15:39:19] [INFO] [lstm.py:110] - [Epoch 351] Loss: 0.2115 | Accuracy: 92.0455%
[2025-08-17 15:39:19] [INFO] [lstm.py:110] - [Epoch 352] Loss: 0.1268 | Accuracy: 93.1818%
[2025-08-17 15:39:19] [INFO] [lstm.py:110] - [Epoch 353] Loss: 0.1243 | Accuracy: 94.3182%
[2025-08-17 15:39:19] [INFO] [lstm.py:110] - [Epoch 354] Loss: 0.1286 | Accuracy: 93.1818%
[2025-08-17 15:39:19] [INFO] [lstm.py:110] - [Epoch 355] Loss: 0.1793 | Accuracy: 93.1818%
[2025-08-17 15:39:19] [INFO] [lstm.py:110] - [Epoch 356] Loss: 0.1685 | Accuracy: 92.0455%
[2025-08-17 15:39:19] [INFO] [lstm.py:110] - [Epoch 357] Loss: 0.1395 | Accuracy: 92.0455%
[2025-08-17 15:39:19] [INFO] [lstm.py:110] - [Epoch 358] Loss: 0.1309 | Accuracy: 95.4545%
[2025-08-17 15:39:19] [INFO] [lstm.py:110] - [Epoch 359] Loss: 0.1346 | Accuracy: 95.4545%
[2025-08-17 15:39:19] [INFO] [lstm.py:110] - [Epoch 360] Loss: 0.1385 | Accuracy: 93.1818%
[2025-08-17 15:39:19] [INFO] [lstm.py:110] - [Epoch 361] Loss: 0.1191 | Accuracy: 96.5909%
[2025-08-17 15:39:19] [INFO] [lstm.py:110] - [Epoch 362] Loss: 0.1843 | Accuracy: 96.5909%
[2025-08-17 15:39:19] [INFO] [lstm.py:110] - [Epoch 363] Loss: 0.2071 | Accuracy: 92.0455%
[2025-08-17 15:39:19] [INFO] [lstm.py:110] - [Epoch 364] Loss: 0.1419 | Accuracy: 95.4545%
[2025-08-17 15:39:19] [INFO] [lstm.py:110] - [Epoch 365] Loss: 0.1229 | Accuracy: 92.0455%
[2025-08-17 15:39:19] [INFO] [lstm.py:110] - [Epoch 366] Loss: 0.1424 | Accuracy: 94.3182%
[2025-08-17 15:39:19] [INFO] [lstm.py:110] - [Epoch 367] Loss: 0.1148 | Accuracy: 94.3182%
[2025-08-17 15:39:19] [INFO] [lstm.py:110] - [Epoch 368] Loss: 0.1832 | Accuracy: 94.3182%
[2025-08-17 15:39:19] [INFO] [lstm.py:110] - [Epoch 369] Loss: 0.1347 | Accuracy: 93.1818%
[2025-08-17 15:39:19] [INFO] [lstm.py:110] - [Epoch 370] Loss: 0.1140 | Accuracy: 94.3182%
[2025-08-17 15:39:19] [INFO] [lstm.py:110] - [Epoch 371] Loss: 0.1413 | Accuracy: 93.1818%
[2025-08-17 15:39:19] [INFO] [lstm.py:110] - [Epoch 372] Loss: 0.1337 | Accuracy: 94.3182%
[2025-08-17 15:39:19] [INFO] [lstm.py:110] - [Epoch 373] Loss: 0.1419 | Accuracy: 92.0455%
[2025-08-17 15:39:19] [INFO] [lstm.py:110] - [Epoch 374] Loss: 0.1306 | Accuracy: 95.4545%
[2025-08-17 15:39:19] [INFO] [lstm.py:110] - [Epoch 375] Loss: 0.1040 | Accuracy: 94.3182%
[2025-08-17 15:39:19] [INFO] [lstm.py:110] - [Epoch 376] Loss: 0.2162 | Accuracy: 90.9091%
[2025-08-17 15:39:19] [INFO] [lstm.py:110] - [Epoch 377] Loss: 0.1621 | Accuracy: 95.4545%
[2025-08-17 15:39:19] [INFO] [lstm.py:110] - [Epoch 378] Loss: 0.1027 | Accuracy: 94.3182%
[2025-08-17 15:39:19] [INFO] [lstm.py:110] - [Epoch 379] Loss: 0.2004 | Accuracy: 95.4545%
[2025-08-17 15:39:19] [INFO] [lstm.py:110] - [Epoch 380] Loss: 0.1429 | Accuracy: 94.3182%
[2025-08-17 15:39:19] [INFO] [lstm.py:110] - [Epoch 381] Loss: 0.1222 | Accuracy: 94.3182%
[2025-08-17 15:39:19] [INFO] [lstm.py:110] - [Epoch 382] Loss: 0.1555 | Accuracy: 94.3182%
[2025-08-17 15:39:19] [INFO] [lstm.py:110] - [Epoch 383] Loss: 0.1577 | Accuracy: 94.3182%
[2025-08-17 15:39:19] [INFO] [lstm.py:110] - [Epoch 384] Loss: 0.1684 | Accuracy: 93.1818%
[2025-08-17 15:39:19] [INFO] [lstm.py:110] - [Epoch 385] Loss: 0.1797 | Accuracy: 94.3182%
[2025-08-17 15:39:19] [INFO] [lstm.py:110] - [Epoch 386] Loss: 0.2410 | Accuracy: 95.4545%
[2025-08-17 15:39:19] [INFO] [lstm.py:110] - [Epoch 387] Loss: 0.1212 | Accuracy: 95.4545%
[2025-08-17 15:39:19] [INFO] [lstm.py:110] - [Epoch 388] Loss: 0.1442 | Accuracy: 90.9091%
[2025-08-17 15:39:19] [INFO] [lstm.py:110] - [Epoch 389] Loss: 0.1548 | Accuracy: 93.1818%
[2025-08-17 15:39:19] [INFO] [lstm.py:110] - [Epoch 390] Loss: 0.1152 | Accuracy: 97.7273%
[2025-08-17 15:39:19] [INFO] [lstm.py:110] - [Epoch 391] Loss: 0.2098 | Accuracy: 93.1818%
[2025-08-17 15:39:19] [INFO] [lstm.py:110] - [Epoch 392] Loss: 0.1599 | Accuracy: 92.0455%
[2025-08-17 15:39:19] [INFO] [lstm.py:110] - [Epoch 393] Loss: 0.1395 | Accuracy: 94.3182%
[2025-08-17 15:39:19] [INFO] [lstm.py:110] - [Epoch 394] Loss: 0.1048 | Accuracy: 94.3182%
[2025-08-17 15:39:19] [INFO] [lstm.py:110] - [Epoch 395] Loss: 0.1502 | Accuracy: 93.1818%
[2025-08-17 15:39:19] [INFO] [lstm.py:110] - [Epoch 396] Loss: 0.1246 | Accuracy: 94.3182%
[2025-08-17 15:39:19] [INFO] [lstm.py:110] - [Epoch 397] Loss: 0.1088 | Accuracy: 96.5909%
[2025-08-17 15:39:19] [INFO] [lstm.py:110] - [Epoch 398] Loss: 0.1662 | Accuracy: 92.0455%
[2025-08-17 15:39:19] [INFO] [lstm.py:110] - [Epoch 399] Loss: 0.2215 | Accuracy: 92.0455%
[2025-08-17 15:39:19] [INFO] [lstm.py:110] - [Epoch 400] Loss: 0.1602 | Accuracy: 94.3182%
[2025-08-17 15:39:19] [INFO] [lstm.py:110] - [Epoch 401] Loss: 0.1408 | Accuracy: 93.1818%
[2025-08-17 15:39:19] [INFO] [lstm.py:110] - [Epoch 402] Loss: 0.1970 | Accuracy: 90.9091%
[2025-08-17 15:39:19] [INFO] [lstm.py:110] - [Epoch 403] Loss: 0.1434 | Accuracy: 93.1818%
[2025-08-17 15:39:19] [INFO] [lstm.py:110] - [Epoch 404] Loss: 0.2133 | Accuracy: 93.1818%
[2025-08-17 15:39:19] [INFO] [lstm.py:110] - [Epoch 405] Loss: 0.1366 | Accuracy: 93.1818%
[2025-08-17 15:39:19] [INFO] [lstm.py:110] - [Epoch 406] Loss: 0.1552 | Accuracy: 92.0455%
[2025-08-17 15:39:19] [INFO] [lstm.py:110] - [Epoch 407] Loss: 0.1064 | Accuracy: 96.5909%
[2025-08-17 15:39:19] [INFO] [lstm.py:110] - [Epoch 408] Loss: 0.1487 | Accuracy: 96.5909%
[2025-08-17 15:39:19] [INFO] [lstm.py:110] - [Epoch 409] Loss: 0.1489 | Accuracy: 93.1818%
[2025-08-17 15:39:19] [INFO] [lstm.py:110] - [Epoch 410] Loss: 0.1487 | Accuracy: 95.4545%
[2025-08-17 15:39:19] [INFO] [lstm.py:110] - [Epoch 411] Loss: 0.1776 | Accuracy: 94.3182%
[2025-08-17 15:39:19] [INFO] [lstm.py:110] - [Epoch 412] Loss: 0.1518 | Accuracy: 93.1818%
[2025-08-17 15:39:19] [INFO] [lstm.py:110] - [Epoch 413] Loss: 0.1208 | Accuracy: 96.5909%
[2025-08-17 15:39:19] [INFO] [lstm.py:110] - [Epoch 414] Loss: 0.1511 | Accuracy: 94.3182%
[2025-08-17 15:39:19] [INFO] [lstm.py:110] - [Epoch 415] Loss: 0.1179 | Accuracy: 96.5909%
[2025-08-17 15:39:19] [INFO] [lstm.py:110] - [Epoch 416] Loss: 0.1385 | Accuracy: 94.3182%
[2025-08-17 15:39:20] [INFO] [lstm.py:110] - [Epoch 417] Loss: 0.1241 | Accuracy: 93.1818%
[2025-08-17 15:39:20] [INFO] [lstm.py:110] - [Epoch 418] Loss: 0.1208 | Accuracy: 95.4545%
[2025-08-17 15:39:20] [INFO] [lstm.py:110] - [Epoch 419] Loss: 0.1458 | Accuracy: 93.1818%
[2025-08-17 15:39:20] [INFO] [lstm.py:110] - [Epoch 420] Loss: 0.1094 | Accuracy: 96.5909%
[2025-08-17 15:39:20] [INFO] [lstm.py:110] - [Epoch 421] Loss: 0.1676 | Accuracy: 93.1818%
[2025-08-17 15:39:20] [INFO] [lstm.py:110] - [Epoch 422] Loss: 0.1134 | Accuracy: 96.5909%
[2025-08-17 15:39:20] [INFO] [lstm.py:110] - [Epoch 423] Loss: 0.1177 | Accuracy: 95.4545%
[2025-08-17 15:39:20] [INFO] [lstm.py:110] - [Epoch 424] Loss: 0.1535 | Accuracy: 95.4545%
[2025-08-17 15:39:20] [INFO] [lstm.py:110] - [Epoch 425] Loss: 0.1024 | Accuracy: 95.4545%
[2025-08-17 15:39:20] [INFO] [lstm.py:110] - [Epoch 426] Loss: 0.1651 | Accuracy: 95.4545%
[2025-08-17 15:39:20] [INFO] [lstm.py:110] - [Epoch 427] Loss: 0.1076 | Accuracy: 94.3182%
[2025-08-17 15:39:20] [INFO] [lstm.py:110] - [Epoch 428] Loss: 0.1398 | Accuracy: 94.3182%
[2025-08-17 15:39:20] [INFO] [lstm.py:110] - [Epoch 429] Loss: 0.1039 | Accuracy: 96.5909%
[2025-08-17 15:39:20] [INFO] [lstm.py:110] - [Epoch 430] Loss: 0.1016 | Accuracy: 95.4545%
[2025-08-17 15:39:20] [INFO] [lstm.py:110] - [Epoch 431] Loss: 0.1113 | Accuracy: 96.5909%
[2025-08-17 15:39:20] [INFO] [lstm.py:110] - [Epoch 432] Loss: 0.1127 | Accuracy: 94.3182%
[2025-08-17 15:39:20] [INFO] [lstm.py:110] - [Epoch 433] Loss: 0.1095 | Accuracy: 92.0455%
[2025-08-17 15:39:20] [INFO] [lstm.py:110] - [Epoch 434] Loss: 0.1462 | Accuracy: 92.0455%
[2025-08-17 15:39:20] [INFO] [lstm.py:110] - [Epoch 435] Loss: 0.1433 | Accuracy: 94.3182%
[2025-08-17 15:39:20] [INFO] [lstm.py:110] - [Epoch 436] Loss: 0.0997 | Accuracy: 94.3182%
[2025-08-17 15:39:20] [INFO] [lstm.py:110] - [Epoch 437] Loss: 0.0836 | Accuracy: 95.4545%
[2025-08-17 15:39:20] [INFO] [lstm.py:110] - [Epoch 438] Loss: 0.1118 | Accuracy: 94.3182%
[2025-08-17 15:39:20] [INFO] [lstm.py:110] - [Epoch 439] Loss: 0.1472 | Accuracy: 94.3182%
[2025-08-17 15:39:20] [INFO] [lstm.py:110] - [Epoch 440] Loss: 0.0795 | Accuracy: 94.3182%
[2025-08-17 15:39:20] [INFO] [lstm.py:110] - [Epoch 441] Loss: 0.1098 | Accuracy: 96.5909%
[2025-08-17 15:39:20] [INFO] [lstm.py:110] - [Epoch 442] Loss: 0.0809 | Accuracy: 95.4545%
[2025-08-17 15:39:20] [INFO] [lstm.py:110] - [Epoch 443] Loss: 0.0917 | Accuracy: 94.3182%
[2025-08-17 15:39:20] [INFO] [lstm.py:110] - [Epoch 444] Loss: 0.1286 | Accuracy: 95.4545%
[2025-08-17 15:39:20] [INFO] [lstm.py:110] - [Epoch 445] Loss: 0.1319 | Accuracy: 96.5909%
[2025-08-17 15:39:20] [INFO] [lstm.py:110] - [Epoch 446] Loss: 0.1281 | Accuracy: 93.1818%
[2025-08-17 15:39:20] [INFO] [lstm.py:110] - [Epoch 447] Loss: 0.0910 | Accuracy: 96.5909%
[2025-08-17 15:39:20] [INFO] [lstm.py:110] - [Epoch 448] Loss: 0.1113 | Accuracy: 94.3182%
[2025-08-17 15:39:20] [INFO] [lstm.py:110] - [Epoch 449] Loss: 0.0797 | Accuracy: 96.5909%
[2025-08-17 15:39:20] [INFO] [lstm.py:110] - [Epoch 450] Loss: 0.0880 | Accuracy: 95.4545%
[2025-08-17 15:39:20] [INFO] [lstm.py:110] - [Epoch 451] Loss: 0.1015 | Accuracy: 94.3182%
[2025-08-17 15:39:20] [INFO] [lstm.py:110] - [Epoch 452] Loss: 0.1875 | Accuracy: 96.5909%
[2025-08-17 15:39:20] [INFO] [lstm.py:110] - [Epoch 453] Loss: 0.0686 | Accuracy: 96.5909%
[2025-08-17 15:39:20] [INFO] [lstm.py:110] - [Epoch 454] Loss: 0.2120 | Accuracy: 94.3182%
[2025-08-17 15:39:20] [INFO] [lstm.py:110] - [Epoch 455] Loss: 0.1821 | Accuracy: 90.9091%
[2025-08-17 15:39:20] [INFO] [lstm.py:110] - [Epoch 456] Loss: 0.0801 | Accuracy: 95.4545%
[2025-08-17 15:39:20] [INFO] [lstm.py:110] - [Epoch 457] Loss: 0.1060 | Accuracy: 95.4545%
[2025-08-17 15:39:20] [INFO] [lstm.py:110] - [Epoch 458] Loss: 0.1930 | Accuracy: 92.0455%
[2025-08-17 15:39:20] [INFO] [lstm.py:110] - [Epoch 459] Loss: 0.2322 | Accuracy: 93.1818%
[2025-08-17 15:39:20] [INFO] [lstm.py:110] - [Epoch 460] Loss: 0.0910 | Accuracy: 96.5909%
[2025-08-17 15:39:20] [INFO] [lstm.py:110] - [Epoch 461] Loss: 0.1247 | Accuracy: 96.5909%
[2025-08-17 15:39:20] [INFO] [lstm.py:110] - [Epoch 462] Loss: 0.1381 | Accuracy: 96.5909%
[2025-08-17 15:39:20] [INFO] [lstm.py:110] - [Epoch 463] Loss: 0.1732 | Accuracy: 93.1818%
[2025-08-17 15:39:20] [INFO] [lstm.py:110] - [Epoch 464] Loss: 0.1097 | Accuracy: 94.3182%
[2025-08-17 15:39:20] [INFO] [lstm.py:110] - [Epoch 465] Loss: 0.1656 | Accuracy: 94.3182%
[2025-08-17 15:39:20] [INFO] [lstm.py:110] - [Epoch 466] Loss: 0.1184 | Accuracy: 96.5909%
[2025-08-17 15:39:20] [INFO] [lstm.py:110] - [Epoch 467] Loss: 0.1672 | Accuracy: 92.0455%
[2025-08-17 15:39:20] [INFO] [lstm.py:110] - [Epoch 468] Loss: 0.1137 | Accuracy: 94.3182%
[2025-08-17 15:39:20] [INFO] [lstm.py:110] - [Epoch 469] Loss: 0.1241 | Accuracy: 95.4545%
[2025-08-17 15:39:20] [INFO] [lstm.py:110] - [Epoch 470] Loss: 0.1360 | Accuracy: 93.1818%
[2025-08-17 15:39:20] [INFO] [lstm.py:110] - [Epoch 471] Loss: 0.1006 | Accuracy: 96.5909%
[2025-08-17 15:39:20] [INFO] [lstm.py:110] - [Epoch 472] Loss: 0.1163 | Accuracy: 95.4545%
[2025-08-17 15:39:20] [INFO] [lstm.py:110] - [Epoch 473] Loss: 0.1130 | Accuracy: 97.7273%
[2025-08-17 15:39:20] [INFO] [lstm.py:110] - [Epoch 474] Loss: 0.1460 | Accuracy: 94.3182%
[2025-08-17 15:39:20] [INFO] [lstm.py:110] - [Epoch 475] Loss: 0.1609 | Accuracy: 94.3182%
[2025-08-17 15:39:20] [INFO] [lstm.py:110] - [Epoch 476] Loss: 0.1114 | Accuracy: 95.4545%
[2025-08-17 15:39:20] [INFO] [lstm.py:110] - [Epoch 477] Loss: 0.0963 | Accuracy: 97.7273%
[2025-08-17 15:39:20] [INFO] [lstm.py:110] - [Epoch 478] Loss: 0.1546 | Accuracy: 94.3182%
[2025-08-17 15:39:20] [INFO] [lstm.py:110] - [Epoch 479] Loss: 0.0965 | Accuracy: 96.5909%
[2025-08-17 15:39:20] [INFO] [lstm.py:110] - [Epoch 480] Loss: 0.1505 | Accuracy: 95.4545%
[2025-08-17 15:39:20] [INFO] [lstm.py:110] - [Epoch 481] Loss: 0.0863 | Accuracy: 97.7273%
[2025-08-17 15:39:20] [INFO] [lstm.py:110] - [Epoch 482] Loss: 0.1376 | Accuracy: 93.1818%
[2025-08-17 15:39:20] [INFO] [lstm.py:110] - [Epoch 483] Loss: 0.1027 | Accuracy: 97.7273%
[2025-08-17 15:39:20] [INFO] [lstm.py:110] - [Epoch 484] Loss: 0.1410 | Accuracy: 96.5909%
[2025-08-17 15:39:20] [INFO] [lstm.py:110] - [Epoch 485] Loss: 0.0692 | Accuracy: 98.8636%
[2025-08-17 15:39:20] [INFO] [lstm.py:110] - [Epoch 486] Loss: 0.1006 | Accuracy: 95.4545%
[2025-08-17 15:39:20] [INFO] [lstm.py:110] - [Epoch 487] Loss: 0.0715 | Accuracy: 96.5909%
[2025-08-17 15:39:20] [INFO] [lstm.py:110] - [Epoch 488] Loss: 0.0552 | Accuracy: 96.5909%
[2025-08-17 15:39:20] [INFO] [lstm.py:110] - [Epoch 489] Loss: 0.1155 | Accuracy: 95.4545%
[2025-08-17 15:39:20] [INFO] [lstm.py:110] - [Epoch 490] Loss: 0.1353 | Accuracy: 93.1818%
[2025-08-17 15:39:20] [INFO] [lstm.py:110] - [Epoch 491] Loss: 0.0730 | Accuracy: 95.4545%
[2025-08-17 15:39:20] [INFO] [lstm.py:110] - [Epoch 492] Loss: 0.0896 | Accuracy: 96.5909%
[2025-08-17 15:39:20] [INFO] [lstm.py:110] - [Epoch 493] Loss: 0.0840 | Accuracy: 95.4545%
[2025-08-17 15:39:20] [INFO] [lstm.py:110] - [Epoch 494] Loss: 0.0811 | Accuracy: 96.5909%
[2025-08-17 15:39:20] [INFO] [lstm.py:110] - [Epoch 495] Loss: 0.0948 | Accuracy: 96.5909%
[2025-08-17 15:39:20] [INFO] [lstm.py:110] - [Epoch 496] Loss: 0.0815 | Accuracy: 95.4545%
[2025-08-17 15:39:20] [INFO] [lstm.py:110] - [Epoch 497] Loss: 0.0806 | Accuracy: 95.4545%
[2025-08-17 15:39:20] [INFO] [lstm.py:110] - [Epoch 498] Loss: 0.0807 | Accuracy: 97.7273%
[2025-08-17 15:39:20] [INFO] [lstm.py:110] - [Epoch 499] Loss: 0.0886 | Accuracy: 97.7273%
[2025-08-17 15:39:20] [INFO] [lstm.py:110] - [Epoch 500] Loss: 0.0698 | Accuracy: 98.8636%
[2025-08-17 15:39:20] [INFO] [lstm.py:115] - ==== Test Evaluation Results ====
[2025-08-17 15:39:20] [INFO] [lstm.py:116] - Confusion Matrix:
[2025-08-17 15:39:20] [INFO] [lstm.py:117] -   TP: 7, TN: 12, FP: 2, FN: 2
[2025-08-17 15:39:20] [INFO] [lstm.py:118] - Precision : 0.7778
[2025-08-17 15:39:20] [INFO] [lstm.py:119] - Recall    : 0.7778
[2025-08-17 15:39:20] [INFO] [lstm.py:120] - F1 Score  : 0.7778
[2025-08-17 15:39:20] [INFO] [lstm.py:121] - Accuracy  : 82.61%
