[2025-08-17 20:36:42] [INFO] [lstm_with_conf.py:29] - Loading dataset from: dataset\YouTube\processed_with_conf\extracted_labels_Youtube.csv
[2025-08-17 20:36:42] [INFO] [lstm_with_conf.py:34] - Using device: cuda
[2025-08-17 20:36:42] [INFO] [lstm_with_conf.py:71] - ==== LSTM Model Configuration ====
[2025-08-17 20:36:42] [INFO] [lstm_with_conf.py:72] - Input size   : 51
[2025-08-17 20:36:42] [INFO] [lstm_with_conf.py:73] - Hidden size  : 128
[2025-08-17 20:36:42] [INFO] [lstm_with_conf.py:74] - Num layers   : 3
[2025-08-17 20:36:42] [INFO] [lstm_with_conf.py:75] - Dropout      : 0.6
[2025-08-17 20:36:42] [INFO] [lstm_with_conf.py:76] - Use Sigmoid  : True
[2025-08-17 20:36:42] [INFO] [lstm_with_conf.py:77] - Output size  : 1
[2025-08-17 20:36:42] [INFO] [lstm_with_conf.py:79] - ==== Training Hyperparameters ====
[2025-08-17 20:36:42] [INFO] [lstm_with_conf.py:80] - Learning rate: 0.0005
[2025-08-17 20:36:42] [INFO] [lstm_with_conf.py:81] - Optimizer    : AdamW
[2025-08-17 20:36:42] [INFO] [lstm_with_conf.py:82] - Weight decay : 1e-06
[2025-08-17 20:36:42] [INFO] [lstm_with_conf.py:83] - Loss function: BCELoss
[2025-08-17 20:36:42] [INFO] [lstm_with_conf.py:84] - Num epochs   : 500
[2025-08-17 20:36:42] [INFO] [lstm_with_conf.py:85] - Batch size   : 64
[2025-08-17 20:36:42] [INFO] [lstm_with_conf.py:110] - [Epoch 1] Loss: 1.0466 | Accuracy: 60.2273%
[2025-08-17 20:36:42] [INFO] [lstm_with_conf.py:110] - [Epoch 2] Loss: 1.4083 | Accuracy: 40.9091%
[2025-08-17 20:36:42] [INFO] [lstm_with_conf.py:110] - [Epoch 3] Loss: 1.2207 | Accuracy: 48.8636%
[2025-08-17 20:36:42] [INFO] [lstm_with_conf.py:110] - [Epoch 4] Loss: 1.1158 | Accuracy: 55.6818%
[2025-08-17 20:36:42] [INFO] [lstm_with_conf.py:110] - [Epoch 5] Loss: 1.1261 | Accuracy: 54.5455%
[2025-08-17 20:36:42] [INFO] [lstm_with_conf.py:110] - [Epoch 6] Loss: 1.1397 | Accuracy: 54.5455%
[2025-08-17 20:36:42] [INFO] [lstm_with_conf.py:110] - [Epoch 7] Loss: 0.9105 | Accuracy: 68.1818%
[2025-08-17 20:36:42] [INFO] [lstm_with_conf.py:110] - [Epoch 8] Loss: 0.9844 | Accuracy: 65.9091%
[2025-08-17 20:36:42] [INFO] [lstm_with_conf.py:110] - [Epoch 9] Loss: 1.0194 | Accuracy: 60.2273%
[2025-08-17 20:36:42] [INFO] [lstm_with_conf.py:110] - [Epoch 10] Loss: 0.9717 | Accuracy: 61.3636%
[2025-08-17 20:36:42] [INFO] [lstm_with_conf.py:110] - [Epoch 11] Loss: 0.7834 | Accuracy: 64.7727%
[2025-08-17 20:36:42] [INFO] [lstm_with_conf.py:110] - [Epoch 12] Loss: 1.0331 | Accuracy: 63.6364%
[2025-08-17 20:36:42] [INFO] [lstm_with_conf.py:110] - [Epoch 13] Loss: 0.9433 | Accuracy: 61.3636%
[2025-08-17 20:36:42] [INFO] [lstm_with_conf.py:110] - [Epoch 14] Loss: 0.9402 | Accuracy: 64.7727%
[2025-08-17 20:36:42] [INFO] [lstm_with_conf.py:110] - [Epoch 15] Loss: 0.9346 | Accuracy: 60.2273%
[2025-08-17 20:36:42] [INFO] [lstm_with_conf.py:110] - [Epoch 16] Loss: 0.8294 | Accuracy: 64.7727%
[2025-08-17 20:36:42] [INFO] [lstm_with_conf.py:110] - [Epoch 17] Loss: 0.8065 | Accuracy: 69.3182%
[2025-08-17 20:36:42] [INFO] [lstm_with_conf.py:110] - [Epoch 18] Loss: 0.8431 | Accuracy: 60.2273%
[2025-08-17 20:36:42] [INFO] [lstm_with_conf.py:110] - [Epoch 19] Loss: 0.6117 | Accuracy: 70.4545%
[2025-08-17 20:36:42] [INFO] [lstm_with_conf.py:110] - [Epoch 20] Loss: 0.7268 | Accuracy: 65.9091%
[2025-08-17 20:36:42] [INFO] [lstm_with_conf.py:110] - [Epoch 21] Loss: 0.7435 | Accuracy: 68.1818%
[2025-08-17 20:36:42] [INFO] [lstm_with_conf.py:110] - [Epoch 22] Loss: 0.8237 | Accuracy: 69.3182%
[2025-08-17 20:36:42] [INFO] [lstm_with_conf.py:110] - [Epoch 23] Loss: 0.7149 | Accuracy: 70.4545%
[2025-08-17 20:36:42] [INFO] [lstm_with_conf.py:110] - [Epoch 24] Loss: 0.6648 | Accuracy: 76.1364%
[2025-08-17 20:36:42] [INFO] [lstm_with_conf.py:110] - [Epoch 25] Loss: 0.5505 | Accuracy: 71.5909%
[2025-08-17 20:36:42] [INFO] [lstm_with_conf.py:110] - [Epoch 26] Loss: 0.6214 | Accuracy: 77.2727%
[2025-08-17 20:36:42] [INFO] [lstm_with_conf.py:110] - [Epoch 27] Loss: 0.5407 | Accuracy: 76.1364%
[2025-08-17 20:36:42] [INFO] [lstm_with_conf.py:110] - [Epoch 28] Loss: 0.5426 | Accuracy: 79.5455%
[2025-08-17 20:36:42] [INFO] [lstm_with_conf.py:110] - [Epoch 29] Loss: 0.6615 | Accuracy: 75.0000%
[2025-08-17 20:36:42] [INFO] [lstm_with_conf.py:110] - [Epoch 30] Loss: 0.7233 | Accuracy: 68.1818%
[2025-08-17 20:36:42] [INFO] [lstm_with_conf.py:110] - [Epoch 31] Loss: 0.3885 | Accuracy: 75.0000%
[2025-08-17 20:36:42] [INFO] [lstm_with_conf.py:110] - [Epoch 32] Loss: 0.4065 | Accuracy: 81.8182%
[2025-08-17 20:36:42] [INFO] [lstm_with_conf.py:110] - [Epoch 33] Loss: 0.5193 | Accuracy: 77.2727%
[2025-08-17 20:36:42] [INFO] [lstm_with_conf.py:110] - [Epoch 34] Loss: 0.6335 | Accuracy: 73.8636%
[2025-08-17 20:36:42] [INFO] [lstm_with_conf.py:110] - [Epoch 35] Loss: 0.5010 | Accuracy: 80.6818%
[2025-08-17 20:36:42] [INFO] [lstm_with_conf.py:110] - [Epoch 36] Loss: 0.5317 | Accuracy: 79.5455%
[2025-08-17 20:36:42] [INFO] [lstm_with_conf.py:110] - [Epoch 37] Loss: 0.5463 | Accuracy: 73.8636%
[2025-08-17 20:36:42] [INFO] [lstm_with_conf.py:110] - [Epoch 38] Loss: 0.4302 | Accuracy: 78.4091%
[2025-08-17 20:36:42] [INFO] [lstm_with_conf.py:110] - [Epoch 39] Loss: 0.4248 | Accuracy: 77.2727%
[2025-08-17 20:36:42] [INFO] [lstm_with_conf.py:110] - [Epoch 40] Loss: 0.4741 | Accuracy: 78.4091%
[2025-08-17 20:36:42] [INFO] [lstm_with_conf.py:110] - [Epoch 41] Loss: 0.3997 | Accuracy: 77.2727%
[2025-08-17 20:36:42] [INFO] [lstm_with_conf.py:110] - [Epoch 42] Loss: 0.4872 | Accuracy: 79.5455%
[2025-08-17 20:36:42] [INFO] [lstm_with_conf.py:110] - [Epoch 43] Loss: 0.4629 | Accuracy: 78.4091%
[2025-08-17 20:36:42] [INFO] [lstm_with_conf.py:110] - [Epoch 44] Loss: 0.4164 | Accuracy: 80.6818%
[2025-08-17 20:36:42] [INFO] [lstm_with_conf.py:110] - [Epoch 45] Loss: 0.4791 | Accuracy: 80.6818%
[2025-08-17 20:36:42] [INFO] [lstm_with_conf.py:110] - [Epoch 46] Loss: 0.5176 | Accuracy: 80.6818%
[2025-08-17 20:36:42] [INFO] [lstm_with_conf.py:110] - [Epoch 47] Loss: 0.4150 | Accuracy: 80.6818%
[2025-08-17 20:36:42] [INFO] [lstm_with_conf.py:110] - [Epoch 48] Loss: 0.4834 | Accuracy: 76.1364%
[2025-08-17 20:36:42] [INFO] [lstm_with_conf.py:110] - [Epoch 49] Loss: 0.4993 | Accuracy: 82.9545%
[2025-08-17 20:36:42] [INFO] [lstm_with_conf.py:110] - [Epoch 50] Loss: 0.4106 | Accuracy: 78.4091%
[2025-08-17 20:36:42] [INFO] [lstm_with_conf.py:110] - [Epoch 51] Loss: 0.4200 | Accuracy: 79.5455%
[2025-08-17 20:36:42] [INFO] [lstm_with_conf.py:110] - [Epoch 52] Loss: 0.4545 | Accuracy: 78.4091%
[2025-08-17 20:36:42] [INFO] [lstm_with_conf.py:110] - [Epoch 53] Loss: 0.2985 | Accuracy: 88.6364%
[2025-08-17 20:36:42] [INFO] [lstm_with_conf.py:110] - [Epoch 54] Loss: 0.3840 | Accuracy: 80.6818%
[2025-08-17 20:36:42] [INFO] [lstm_with_conf.py:110] - [Epoch 55] Loss: 0.4326 | Accuracy: 82.9545%
[2025-08-17 20:36:42] [INFO] [lstm_with_conf.py:110] - [Epoch 56] Loss: 0.4694 | Accuracy: 82.9545%
[2025-08-17 20:36:42] [INFO] [lstm_with_conf.py:110] - [Epoch 57] Loss: 0.5020 | Accuracy: 82.9545%
[2025-08-17 20:36:42] [INFO] [lstm_with_conf.py:110] - [Epoch 58] Loss: 0.4087 | Accuracy: 88.6364%
[2025-08-17 20:36:42] [INFO] [lstm_with_conf.py:110] - [Epoch 59] Loss: 0.3253 | Accuracy: 85.2273%
[2025-08-17 20:36:42] [INFO] [lstm_with_conf.py:110] - [Epoch 60] Loss: 0.3602 | Accuracy: 81.8182%
[2025-08-17 20:36:42] [INFO] [lstm_with_conf.py:110] - [Epoch 61] Loss: 0.3921 | Accuracy: 84.0909%
[2025-08-17 20:36:42] [INFO] [lstm_with_conf.py:110] - [Epoch 62] Loss: 0.4965 | Accuracy: 78.4091%
[2025-08-17 20:36:42] [INFO] [lstm_with_conf.py:110] - [Epoch 63] Loss: 0.4426 | Accuracy: 84.0909%
[2025-08-17 20:36:42] [INFO] [lstm_with_conf.py:110] - [Epoch 64] Loss: 0.4353 | Accuracy: 81.8182%
[2025-08-17 20:36:42] [INFO] [lstm_with_conf.py:110] - [Epoch 65] Loss: 0.4551 | Accuracy: 82.9545%
[2025-08-17 20:36:42] [INFO] [lstm_with_conf.py:110] - [Epoch 66] Loss: 0.3825 | Accuracy: 82.9545%
[2025-08-17 20:36:42] [INFO] [lstm_with_conf.py:110] - [Epoch 67] Loss: 0.3686 | Accuracy: 88.6364%
[2025-08-17 20:36:42] [INFO] [lstm_with_conf.py:110] - [Epoch 68] Loss: 0.2526 | Accuracy: 90.9091%
[2025-08-17 20:36:42] [INFO] [lstm_with_conf.py:110] - [Epoch 69] Loss: 0.3324 | Accuracy: 85.2273%
[2025-08-17 20:36:42] [INFO] [lstm_with_conf.py:110] - [Epoch 70] Loss: 0.2914 | Accuracy: 87.5000%
[2025-08-17 20:36:43] [INFO] [lstm_with_conf.py:110] - [Epoch 71] Loss: 0.3306 | Accuracy: 85.2273%
[2025-08-17 20:36:43] [INFO] [lstm_with_conf.py:110] - [Epoch 72] Loss: 0.2198 | Accuracy: 89.7727%
[2025-08-17 20:36:43] [INFO] [lstm_with_conf.py:110] - [Epoch 73] Loss: 0.3399 | Accuracy: 88.6364%
[2025-08-17 20:36:43] [INFO] [lstm_with_conf.py:110] - [Epoch 74] Loss: 0.3584 | Accuracy: 85.2273%
[2025-08-17 20:36:43] [INFO] [lstm_with_conf.py:110] - [Epoch 75] Loss: 0.3258 | Accuracy: 81.8182%
[2025-08-17 20:36:43] [INFO] [lstm_with_conf.py:110] - [Epoch 76] Loss: 0.2495 | Accuracy: 87.5000%
[2025-08-17 20:36:43] [INFO] [lstm_with_conf.py:110] - [Epoch 77] Loss: 0.2535 | Accuracy: 90.9091%
[2025-08-17 20:36:43] [INFO] [lstm_with_conf.py:110] - [Epoch 78] Loss: 0.2540 | Accuracy: 87.5000%
[2025-08-17 20:36:43] [INFO] [lstm_with_conf.py:110] - [Epoch 79] Loss: 0.2790 | Accuracy: 86.3636%
[2025-08-17 20:36:43] [INFO] [lstm_with_conf.py:110] - [Epoch 80] Loss: 0.2082 | Accuracy: 89.7727%
[2025-08-17 20:36:43] [INFO] [lstm_with_conf.py:110] - [Epoch 81] Loss: 0.2985 | Accuracy: 85.2273%
[2025-08-17 20:36:43] [INFO] [lstm_with_conf.py:110] - [Epoch 82] Loss: 0.3136 | Accuracy: 82.9545%
[2025-08-17 20:36:43] [INFO] [lstm_with_conf.py:110] - [Epoch 83] Loss: 0.2050 | Accuracy: 89.7727%
[2025-08-17 20:36:43] [INFO] [lstm_with_conf.py:110] - [Epoch 84] Loss: 0.2724 | Accuracy: 90.9091%
[2025-08-17 20:36:43] [INFO] [lstm_with_conf.py:110] - [Epoch 85] Loss: 0.1995 | Accuracy: 90.9091%
[2025-08-17 20:36:43] [INFO] [lstm_with_conf.py:110] - [Epoch 86] Loss: 0.2794 | Accuracy: 87.5000%
[2025-08-17 20:36:43] [INFO] [lstm_with_conf.py:110] - [Epoch 87] Loss: 0.2570 | Accuracy: 87.5000%
[2025-08-17 20:36:43] [INFO] [lstm_with_conf.py:110] - [Epoch 88] Loss: 0.2555 | Accuracy: 86.3636%
[2025-08-17 20:36:43] [INFO] [lstm_with_conf.py:110] - [Epoch 89] Loss: 0.2218 | Accuracy: 93.1818%
[2025-08-17 20:36:43] [INFO] [lstm_with_conf.py:110] - [Epoch 90] Loss: 0.2747 | Accuracy: 90.9091%
[2025-08-17 20:36:43] [INFO] [lstm_with_conf.py:110] - [Epoch 91] Loss: 0.2574 | Accuracy: 90.9091%
[2025-08-17 20:36:43] [INFO] [lstm_with_conf.py:110] - [Epoch 92] Loss: 0.3104 | Accuracy: 87.5000%
[2025-08-17 20:36:43] [INFO] [lstm_with_conf.py:110] - [Epoch 93] Loss: 0.2636 | Accuracy: 88.6364%
[2025-08-17 20:36:43] [INFO] [lstm_with_conf.py:110] - [Epoch 94] Loss: 0.2076 | Accuracy: 93.1818%
[2025-08-17 20:36:43] [INFO] [lstm_with_conf.py:110] - [Epoch 95] Loss: 0.2121 | Accuracy: 89.7727%
[2025-08-17 20:36:43] [INFO] [lstm_with_conf.py:110] - [Epoch 96] Loss: 0.1925 | Accuracy: 92.0455%
[2025-08-17 20:36:43] [INFO] [lstm_with_conf.py:110] - [Epoch 97] Loss: 0.2471 | Accuracy: 86.3636%
[2025-08-17 20:36:43] [INFO] [lstm_with_conf.py:110] - [Epoch 98] Loss: 0.2508 | Accuracy: 88.6364%
[2025-08-17 20:36:43] [INFO] [lstm_with_conf.py:110] - [Epoch 99] Loss: 0.2085 | Accuracy: 90.9091%
[2025-08-17 20:36:43] [INFO] [lstm_with_conf.py:110] - [Epoch 100] Loss: 0.1733 | Accuracy: 93.1818%
[2025-08-17 20:36:43] [INFO] [lstm_with_conf.py:110] - [Epoch 101] Loss: 0.2396 | Accuracy: 86.3636%
[2025-08-17 20:36:43] [INFO] [lstm_with_conf.py:110] - [Epoch 102] Loss: 0.2322 | Accuracy: 87.5000%
[2025-08-17 20:36:43] [INFO] [lstm_with_conf.py:110] - [Epoch 103] Loss: 0.2093 | Accuracy: 90.9091%
[2025-08-17 20:36:43] [INFO] [lstm_with_conf.py:110] - [Epoch 104] Loss: 0.2512 | Accuracy: 85.2273%
[2025-08-17 20:36:43] [INFO] [lstm_with_conf.py:110] - [Epoch 105] Loss: 0.1707 | Accuracy: 89.7727%
[2025-08-17 20:36:43] [INFO] [lstm_with_conf.py:110] - [Epoch 106] Loss: 0.3253 | Accuracy: 85.2273%
[2025-08-17 20:36:43] [INFO] [lstm_with_conf.py:110] - [Epoch 107] Loss: 0.1861 | Accuracy: 92.0455%
[2025-08-17 20:36:43] [INFO] [lstm_with_conf.py:110] - [Epoch 108] Loss: 0.2135 | Accuracy: 90.9091%
[2025-08-17 20:36:43] [INFO] [lstm_with_conf.py:110] - [Epoch 109] Loss: 0.1574 | Accuracy: 93.1818%
[2025-08-17 20:36:43] [INFO] [lstm_with_conf.py:110] - [Epoch 110] Loss: 0.2745 | Accuracy: 88.6364%
[2025-08-17 20:36:43] [INFO] [lstm_with_conf.py:110] - [Epoch 111] Loss: 0.2800 | Accuracy: 85.2273%
[2025-08-17 20:36:43] [INFO] [lstm_with_conf.py:110] - [Epoch 112] Loss: 0.2041 | Accuracy: 92.0455%
[2025-08-17 20:36:43] [INFO] [lstm_with_conf.py:110] - [Epoch 113] Loss: 0.1539 | Accuracy: 95.4545%
[2025-08-17 20:36:43] [INFO] [lstm_with_conf.py:110] - [Epoch 114] Loss: 0.1795 | Accuracy: 92.0455%
[2025-08-17 20:36:43] [INFO] [lstm_with_conf.py:110] - [Epoch 115] Loss: 0.1785 | Accuracy: 93.1818%
[2025-08-17 20:36:43] [INFO] [lstm_with_conf.py:110] - [Epoch 116] Loss: 0.1981 | Accuracy: 92.0455%
[2025-08-17 20:36:43] [INFO] [lstm_with_conf.py:110] - [Epoch 117] Loss: 0.2000 | Accuracy: 94.3182%
[2025-08-17 20:36:43] [INFO] [lstm_with_conf.py:110] - [Epoch 118] Loss: 0.1493 | Accuracy: 94.3182%
[2025-08-17 20:36:43] [INFO] [lstm_with_conf.py:110] - [Epoch 119] Loss: 0.1240 | Accuracy: 96.5909%
[2025-08-17 20:36:43] [INFO] [lstm_with_conf.py:110] - [Epoch 120] Loss: 0.1626 | Accuracy: 92.0455%
[2025-08-17 20:36:43] [INFO] [lstm_with_conf.py:110] - [Epoch 121] Loss: 0.1666 | Accuracy: 94.3182%
[2025-08-17 20:36:43] [INFO] [lstm_with_conf.py:110] - [Epoch 122] Loss: 0.1868 | Accuracy: 88.6364%
[2025-08-17 20:36:43] [INFO] [lstm_with_conf.py:110] - [Epoch 123] Loss: 0.1799 | Accuracy: 93.1818%
[2025-08-17 20:36:43] [INFO] [lstm_with_conf.py:110] - [Epoch 124] Loss: 0.2338 | Accuracy: 95.4545%
[2025-08-17 20:36:43] [INFO] [lstm_with_conf.py:110] - [Epoch 125] Loss: 0.1549 | Accuracy: 92.0455%
[2025-08-17 20:36:43] [INFO] [lstm_with_conf.py:110] - [Epoch 126] Loss: 0.1957 | Accuracy: 89.7727%
[2025-08-17 20:36:43] [INFO] [lstm_with_conf.py:110] - [Epoch 127] Loss: 0.2451 | Accuracy: 90.9091%
[2025-08-17 20:36:43] [INFO] [lstm_with_conf.py:110] - [Epoch 128] Loss: 0.1755 | Accuracy: 90.9091%
[2025-08-17 20:36:43] [INFO] [lstm_with_conf.py:110] - [Epoch 129] Loss: 0.1961 | Accuracy: 92.0455%
[2025-08-17 20:36:43] [INFO] [lstm_with_conf.py:110] - [Epoch 130] Loss: 0.1561 | Accuracy: 92.0455%
[2025-08-17 20:36:43] [INFO] [lstm_with_conf.py:110] - [Epoch 131] Loss: 0.2001 | Accuracy: 93.1818%
[2025-08-17 20:36:43] [INFO] [lstm_with_conf.py:110] - [Epoch 132] Loss: 0.1468 | Accuracy: 93.1818%
[2025-08-17 20:36:43] [INFO] [lstm_with_conf.py:110] - [Epoch 133] Loss: 0.1906 | Accuracy: 95.4545%
[2025-08-17 20:36:43] [INFO] [lstm_with_conf.py:110] - [Epoch 134] Loss: 0.0970 | Accuracy: 96.5909%
[2025-08-17 20:36:43] [INFO] [lstm_with_conf.py:110] - [Epoch 135] Loss: 0.1424 | Accuracy: 93.1818%
[2025-08-17 20:36:43] [INFO] [lstm_with_conf.py:110] - [Epoch 136] Loss: 0.1438 | Accuracy: 92.0455%
[2025-08-17 20:36:43] [INFO] [lstm_with_conf.py:110] - [Epoch 137] Loss: 0.1721 | Accuracy: 94.3182%
[2025-08-17 20:36:43] [INFO] [lstm_with_conf.py:110] - [Epoch 138] Loss: 0.3254 | Accuracy: 90.9091%
[2025-08-17 20:36:43] [INFO] [lstm_with_conf.py:110] - [Epoch 139] Loss: 0.2335 | Accuracy: 92.0455%
[2025-08-17 20:36:43] [INFO] [lstm_with_conf.py:110] - [Epoch 140] Loss: 0.2091 | Accuracy: 94.3182%
[2025-08-17 20:36:43] [INFO] [lstm_with_conf.py:110] - [Epoch 141] Loss: 0.1294 | Accuracy: 94.3182%
[2025-08-17 20:36:43] [INFO] [lstm_with_conf.py:110] - [Epoch 142] Loss: 0.3018 | Accuracy: 90.9091%
[2025-08-17 20:36:43] [INFO] [lstm_with_conf.py:110] - [Epoch 143] Loss: 0.1634 | Accuracy: 93.1818%
[2025-08-17 20:36:43] [INFO] [lstm_with_conf.py:110] - [Epoch 144] Loss: 0.2094 | Accuracy: 92.0455%
[2025-08-17 20:36:43] [INFO] [lstm_with_conf.py:110] - [Epoch 145] Loss: 0.2071 | Accuracy: 89.7727%
[2025-08-17 20:36:43] [INFO] [lstm_with_conf.py:110] - [Epoch 146] Loss: 0.1347 | Accuracy: 95.4545%
[2025-08-17 20:36:43] [INFO] [lstm_with_conf.py:110] - [Epoch 147] Loss: 0.1545 | Accuracy: 96.5909%
[2025-08-17 20:36:43] [INFO] [lstm_with_conf.py:110] - [Epoch 148] Loss: 0.1221 | Accuracy: 95.4545%
[2025-08-17 20:36:43] [INFO] [lstm_with_conf.py:110] - [Epoch 149] Loss: 0.1412 | Accuracy: 95.4545%
[2025-08-17 20:36:43] [INFO] [lstm_with_conf.py:110] - [Epoch 150] Loss: 0.1224 | Accuracy: 94.3182%
[2025-08-17 20:36:43] [INFO] [lstm_with_conf.py:110] - [Epoch 151] Loss: 0.2117 | Accuracy: 90.9091%
[2025-08-17 20:36:43] [INFO] [lstm_with_conf.py:110] - [Epoch 152] Loss: 0.1579 | Accuracy: 93.1818%
[2025-08-17 20:36:43] [INFO] [lstm_with_conf.py:110] - [Epoch 153] Loss: 0.1143 | Accuracy: 96.5909%
[2025-08-17 20:36:43] [INFO] [lstm_with_conf.py:110] - [Epoch 154] Loss: 0.1868 | Accuracy: 93.1818%
[2025-08-17 20:36:43] [INFO] [lstm_with_conf.py:110] - [Epoch 155] Loss: 0.1263 | Accuracy: 95.4545%
[2025-08-17 20:36:43] [INFO] [lstm_with_conf.py:110] - [Epoch 156] Loss: 0.1120 | Accuracy: 93.1818%
[2025-08-17 20:36:43] [INFO] [lstm_with_conf.py:110] - [Epoch 157] Loss: 0.1610 | Accuracy: 92.0455%
[2025-08-17 20:36:43] [INFO] [lstm_with_conf.py:110] - [Epoch 158] Loss: 0.1433 | Accuracy: 95.4545%
[2025-08-17 20:36:43] [INFO] [lstm_with_conf.py:110] - [Epoch 159] Loss: 0.0993 | Accuracy: 96.5909%
[2025-08-17 20:36:43] [INFO] [lstm_with_conf.py:110] - [Epoch 160] Loss: 0.1378 | Accuracy: 95.4545%
[2025-08-17 20:36:43] [INFO] [lstm_with_conf.py:110] - [Epoch 161] Loss: 0.1587 | Accuracy: 95.4545%
[2025-08-17 20:36:43] [INFO] [lstm_with_conf.py:110] - [Epoch 162] Loss: 0.1254 | Accuracy: 97.7273%
[2025-08-17 20:36:43] [INFO] [lstm_with_conf.py:110] - [Epoch 163] Loss: 0.2046 | Accuracy: 87.5000%
[2025-08-17 20:36:43] [INFO] [lstm_with_conf.py:110] - [Epoch 164] Loss: 0.1763 | Accuracy: 93.1818%
[2025-08-17 20:36:43] [INFO] [lstm_with_conf.py:110] - [Epoch 165] Loss: 0.4939 | Accuracy: 84.0909%
[2025-08-17 20:36:43] [INFO] [lstm_with_conf.py:110] - [Epoch 166] Loss: 0.1172 | Accuracy: 97.7273%
[2025-08-17 20:36:43] [INFO] [lstm_with_conf.py:110] - [Epoch 167] Loss: 0.1457 | Accuracy: 92.0455%
[2025-08-17 20:36:43] [INFO] [lstm_with_conf.py:110] - [Epoch 168] Loss: 0.1199 | Accuracy: 93.1818%
[2025-08-17 20:36:43] [INFO] [lstm_with_conf.py:110] - [Epoch 169] Loss: 0.2025 | Accuracy: 90.9091%
[2025-08-17 20:36:43] [INFO] [lstm_with_conf.py:110] - [Epoch 170] Loss: 0.3002 | Accuracy: 88.6364%
[2025-08-17 20:36:43] [INFO] [lstm_with_conf.py:110] - [Epoch 171] Loss: 0.1527 | Accuracy: 92.0455%
[2025-08-17 20:36:43] [INFO] [lstm_with_conf.py:110] - [Epoch 172] Loss: 0.2049 | Accuracy: 92.0455%
[2025-08-17 20:36:43] [INFO] [lstm_with_conf.py:110] - [Epoch 173] Loss: 0.1562 | Accuracy: 90.9091%
[2025-08-17 20:36:43] [INFO] [lstm_with_conf.py:110] - [Epoch 174] Loss: 0.1950 | Accuracy: 89.7727%
[2025-08-17 20:36:43] [INFO] [lstm_with_conf.py:110] - [Epoch 175] Loss: 0.1627 | Accuracy: 92.0455%
[2025-08-17 20:36:43] [INFO] [lstm_with_conf.py:110] - [Epoch 176] Loss: 0.1791 | Accuracy: 94.3182%
[2025-08-17 20:36:43] [INFO] [lstm_with_conf.py:110] - [Epoch 177] Loss: 0.1337 | Accuracy: 94.3182%
[2025-08-17 20:36:43] [INFO] [lstm_with_conf.py:110] - [Epoch 178] Loss: 0.1926 | Accuracy: 93.1818%
[2025-08-17 20:36:43] [INFO] [lstm_with_conf.py:110] - [Epoch 179] Loss: 0.1640 | Accuracy: 94.3182%
[2025-08-17 20:36:43] [INFO] [lstm_with_conf.py:110] - [Epoch 180] Loss: 0.1408 | Accuracy: 95.4545%
[2025-08-17 20:36:43] [INFO] [lstm_with_conf.py:110] - [Epoch 181] Loss: 0.1145 | Accuracy: 93.1818%
[2025-08-17 20:36:43] [INFO] [lstm_with_conf.py:110] - [Epoch 182] Loss: 0.1798 | Accuracy: 93.1818%
[2025-08-17 20:36:43] [INFO] [lstm_with_conf.py:110] - [Epoch 183] Loss: 0.1904 | Accuracy: 93.1818%
[2025-08-17 20:36:43] [INFO] [lstm_with_conf.py:110] - [Epoch 184] Loss: 0.2409 | Accuracy: 94.3182%
[2025-08-17 20:36:43] [INFO] [lstm_with_conf.py:110] - [Epoch 185] Loss: 0.1377 | Accuracy: 95.4545%
[2025-08-17 20:36:43] [INFO] [lstm_with_conf.py:110] - [Epoch 186] Loss: 0.0946 | Accuracy: 96.5909%
[2025-08-17 20:36:43] [INFO] [lstm_with_conf.py:110] - [Epoch 187] Loss: 0.1285 | Accuracy: 95.4545%
[2025-08-17 20:36:43] [INFO] [lstm_with_conf.py:110] - [Epoch 188] Loss: 0.1451 | Accuracy: 90.9091%
[2025-08-17 20:36:43] [INFO] [lstm_with_conf.py:110] - [Epoch 189] Loss: 0.1271 | Accuracy: 95.4545%
[2025-08-17 20:36:43] [INFO] [lstm_with_conf.py:110] - [Epoch 190] Loss: 0.1255 | Accuracy: 94.3182%
[2025-08-17 20:36:43] [INFO] [lstm_with_conf.py:110] - [Epoch 191] Loss: 0.0768 | Accuracy: 97.7273%
[2025-08-17 20:36:43] [INFO] [lstm_with_conf.py:110] - [Epoch 192] Loss: 0.1463 | Accuracy: 93.1818%
[2025-08-17 20:36:43] [INFO] [lstm_with_conf.py:110] - [Epoch 193] Loss: 0.1852 | Accuracy: 92.0455%
[2025-08-17 20:36:43] [INFO] [lstm_with_conf.py:110] - [Epoch 194] Loss: 0.0985 | Accuracy: 97.7273%
[2025-08-17 20:36:43] [INFO] [lstm_with_conf.py:110] - [Epoch 195] Loss: 0.1271 | Accuracy: 97.7273%
[2025-08-17 20:36:43] [INFO] [lstm_with_conf.py:110] - [Epoch 196] Loss: 0.1220 | Accuracy: 94.3182%
[2025-08-17 20:36:43] [INFO] [lstm_with_conf.py:110] - [Epoch 197] Loss: 0.1284 | Accuracy: 96.5909%
[2025-08-17 20:36:43] [INFO] [lstm_with_conf.py:110] - [Epoch 198] Loss: 0.1077 | Accuracy: 96.5909%
[2025-08-17 20:36:43] [INFO] [lstm_with_conf.py:110] - [Epoch 199] Loss: 0.1246 | Accuracy: 93.1818%
[2025-08-17 20:36:43] [INFO] [lstm_with_conf.py:110] - [Epoch 200] Loss: 0.0837 | Accuracy: 97.7273%
[2025-08-17 20:36:43] [INFO] [lstm_with_conf.py:110] - [Epoch 201] Loss: 0.1115 | Accuracy: 95.4545%
[2025-08-17 20:36:43] [INFO] [lstm_with_conf.py:110] - [Epoch 202] Loss: 0.1252 | Accuracy: 95.4545%
[2025-08-17 20:36:43] [INFO] [lstm_with_conf.py:110] - [Epoch 203] Loss: 0.0773 | Accuracy: 95.4545%
[2025-08-17 20:36:43] [INFO] [lstm_with_conf.py:110] - [Epoch 204] Loss: 0.0930 | Accuracy: 95.4545%
[2025-08-17 20:36:43] [INFO] [lstm_with_conf.py:110] - [Epoch 205] Loss: 0.0825 | Accuracy: 97.7273%
[2025-08-17 20:36:43] [INFO] [lstm_with_conf.py:110] - [Epoch 206] Loss: 0.0858 | Accuracy: 95.4545%
[2025-08-17 20:36:43] [INFO] [lstm_with_conf.py:110] - [Epoch 207] Loss: 0.1077 | Accuracy: 95.4545%
[2025-08-17 20:36:43] [INFO] [lstm_with_conf.py:110] - [Epoch 208] Loss: 0.1693 | Accuracy: 92.0455%
[2025-08-17 20:36:43] [INFO] [lstm_with_conf.py:110] - [Epoch 209] Loss: 0.0795 | Accuracy: 95.4545%
[2025-08-17 20:36:43] [INFO] [lstm_with_conf.py:110] - [Epoch 210] Loss: 0.0587 | Accuracy: 96.5909%
[2025-08-17 20:36:44] [INFO] [lstm_with_conf.py:110] - [Epoch 211] Loss: 0.1238 | Accuracy: 95.4545%
[2025-08-17 20:36:44] [INFO] [lstm_with_conf.py:110] - [Epoch 212] Loss: 0.0848 | Accuracy: 97.7273%
[2025-08-17 20:36:44] [INFO] [lstm_with_conf.py:110] - [Epoch 213] Loss: 0.0749 | Accuracy: 96.5909%
[2025-08-17 20:36:44] [INFO] [lstm_with_conf.py:110] - [Epoch 214] Loss: 0.1314 | Accuracy: 96.5909%
[2025-08-17 20:36:44] [INFO] [lstm_with_conf.py:110] - [Epoch 215] Loss: 0.0603 | Accuracy: 97.7273%
[2025-08-17 20:36:44] [INFO] [lstm_with_conf.py:110] - [Epoch 216] Loss: 0.1108 | Accuracy: 97.7273%
[2025-08-17 20:36:44] [INFO] [lstm_with_conf.py:110] - [Epoch 217] Loss: 0.0617 | Accuracy: 97.7273%
[2025-08-17 20:36:44] [INFO] [lstm_with_conf.py:110] - [Epoch 218] Loss: 0.1026 | Accuracy: 96.5909%
[2025-08-17 20:36:44] [INFO] [lstm_with_conf.py:110] - [Epoch 219] Loss: 0.0649 | Accuracy: 98.8636%
[2025-08-17 20:36:44] [INFO] [lstm_with_conf.py:110] - [Epoch 220] Loss: 0.0662 | Accuracy: 97.7273%
[2025-08-17 20:36:44] [INFO] [lstm_with_conf.py:110] - [Epoch 221] Loss: 0.0876 | Accuracy: 94.3182%
[2025-08-17 20:36:44] [INFO] [lstm_with_conf.py:110] - [Epoch 222] Loss: 0.0603 | Accuracy: 98.8636%
[2025-08-17 20:36:44] [INFO] [lstm_with_conf.py:110] - [Epoch 223] Loss: 0.1060 | Accuracy: 97.7273%
[2025-08-17 20:36:44] [INFO] [lstm_with_conf.py:110] - [Epoch 224] Loss: 0.0889 | Accuracy: 96.5909%
[2025-08-17 20:36:44] [INFO] [lstm_with_conf.py:110] - [Epoch 225] Loss: 0.0680 | Accuracy: 98.8636%
[2025-08-17 20:36:44] [INFO] [lstm_with_conf.py:110] - [Epoch 226] Loss: 0.0788 | Accuracy: 97.7273%
[2025-08-17 20:36:44] [INFO] [lstm_with_conf.py:110] - [Epoch 227] Loss: 0.1251 | Accuracy: 97.7273%
[2025-08-17 20:36:44] [INFO] [lstm_with_conf.py:110] - [Epoch 228] Loss: 0.1124 | Accuracy: 95.4545%
[2025-08-17 20:36:44] [INFO] [lstm_with_conf.py:110] - [Epoch 229] Loss: 0.1287 | Accuracy: 93.1818%
[2025-08-17 20:36:44] [INFO] [lstm_with_conf.py:110] - [Epoch 230] Loss: 0.0775 | Accuracy: 95.4545%
[2025-08-17 20:36:44] [INFO] [lstm_with_conf.py:110] - [Epoch 231] Loss: 0.1126 | Accuracy: 95.4545%
[2025-08-17 20:36:44] [INFO] [lstm_with_conf.py:110] - [Epoch 232] Loss: 0.0554 | Accuracy: 98.8636%
[2025-08-17 20:36:44] [INFO] [lstm_with_conf.py:110] - [Epoch 233] Loss: 0.0577 | Accuracy: 97.7273%
[2025-08-17 20:36:44] [INFO] [lstm_with_conf.py:110] - [Epoch 234] Loss: 0.1441 | Accuracy: 96.5909%
[2025-08-17 20:36:44] [INFO] [lstm_with_conf.py:110] - [Epoch 235] Loss: 0.0751 | Accuracy: 97.7273%
[2025-08-17 20:36:44] [INFO] [lstm_with_conf.py:110] - [Epoch 236] Loss: 0.0710 | Accuracy: 97.7273%
[2025-08-17 20:36:44] [INFO] [lstm_with_conf.py:110] - [Epoch 237] Loss: 0.1128 | Accuracy: 97.7273%
[2025-08-17 20:36:44] [INFO] [lstm_with_conf.py:110] - [Epoch 238] Loss: 0.0759 | Accuracy: 97.7273%
[2025-08-17 20:36:44] [INFO] [lstm_with_conf.py:110] - [Epoch 239] Loss: 0.0908 | Accuracy: 96.5909%
[2025-08-17 20:36:44] [INFO] [lstm_with_conf.py:110] - [Epoch 240] Loss: 0.0703 | Accuracy: 97.7273%
[2025-08-17 20:36:44] [INFO] [lstm_with_conf.py:110] - [Epoch 241] Loss: 0.0742 | Accuracy: 97.7273%
[2025-08-17 20:36:44] [INFO] [lstm_with_conf.py:110] - [Epoch 242] Loss: 0.0849 | Accuracy: 98.8636%
[2025-08-17 20:36:44] [INFO] [lstm_with_conf.py:110] - [Epoch 243] Loss: 0.0736 | Accuracy: 95.4545%
[2025-08-17 20:36:44] [INFO] [lstm_with_conf.py:110] - [Epoch 244] Loss: 0.0736 | Accuracy: 96.5909%
[2025-08-17 20:36:44] [INFO] [lstm_with_conf.py:110] - [Epoch 245] Loss: 0.1586 | Accuracy: 92.0455%
[2025-08-17 20:36:44] [INFO] [lstm_with_conf.py:110] - [Epoch 246] Loss: 0.0868 | Accuracy: 95.4545%
[2025-08-17 20:36:44] [INFO] [lstm_with_conf.py:110] - [Epoch 247] Loss: 0.0744 | Accuracy: 97.7273%
[2025-08-17 20:36:44] [INFO] [lstm_with_conf.py:110] - [Epoch 248] Loss: 0.0702 | Accuracy: 98.8636%
[2025-08-17 20:36:44] [INFO] [lstm_with_conf.py:110] - [Epoch 249] Loss: 0.0488 | Accuracy: 97.7273%
[2025-08-17 20:36:44] [INFO] [lstm_with_conf.py:110] - [Epoch 250] Loss: 0.0979 | Accuracy: 98.8636%
[2025-08-17 20:36:44] [INFO] [lstm_with_conf.py:110] - [Epoch 251] Loss: 0.1132 | Accuracy: 95.4545%
[2025-08-17 20:36:44] [INFO] [lstm_with_conf.py:110] - [Epoch 252] Loss: 0.0439 | Accuracy: 98.8636%
[2025-08-17 20:36:44] [INFO] [lstm_with_conf.py:110] - [Epoch 253] Loss: 0.1728 | Accuracy: 95.4545%
[2025-08-17 20:36:44] [INFO] [lstm_with_conf.py:110] - [Epoch 254] Loss: 0.0754 | Accuracy: 97.7273%
[2025-08-17 20:36:44] [INFO] [lstm_with_conf.py:110] - [Epoch 255] Loss: 0.1086 | Accuracy: 94.3182%
[2025-08-17 20:36:44] [INFO] [lstm_with_conf.py:110] - [Epoch 256] Loss: 0.0836 | Accuracy: 95.4545%
[2025-08-17 20:36:44] [INFO] [lstm_with_conf.py:110] - [Epoch 257] Loss: 0.1025 | Accuracy: 94.3182%
[2025-08-17 20:36:44] [INFO] [lstm_with_conf.py:110] - [Epoch 258] Loss: 0.1819 | Accuracy: 94.3182%
[2025-08-17 20:36:44] [INFO] [lstm_with_conf.py:110] - [Epoch 259] Loss: 0.2132 | Accuracy: 96.5909%
[2025-08-17 20:36:44] [INFO] [lstm_with_conf.py:110] - [Epoch 260] Loss: 0.1006 | Accuracy: 94.3182%
[2025-08-17 20:36:44] [INFO] [lstm_with_conf.py:110] - [Epoch 261] Loss: 0.1320 | Accuracy: 95.4545%
[2025-08-17 20:36:44] [INFO] [lstm_with_conf.py:110] - [Epoch 262] Loss: 0.0503 | Accuracy: 98.8636%
[2025-08-17 20:36:44] [INFO] [lstm_with_conf.py:110] - [Epoch 263] Loss: 0.1700 | Accuracy: 96.5909%
[2025-08-17 20:36:44] [INFO] [lstm_with_conf.py:110] - [Epoch 264] Loss: 0.0633 | Accuracy: 98.8636%
[2025-08-17 20:36:44] [INFO] [lstm_with_conf.py:110] - [Epoch 265] Loss: 0.0732 | Accuracy: 97.7273%
[2025-08-17 20:36:44] [INFO] [lstm_with_conf.py:110] - [Epoch 266] Loss: 0.1518 | Accuracy: 95.4545%
[2025-08-17 20:36:44] [INFO] [lstm_with_conf.py:110] - [Epoch 267] Loss: 0.1343 | Accuracy: 95.4545%
[2025-08-17 20:36:44] [INFO] [lstm_with_conf.py:110] - [Epoch 268] Loss: 0.0614 | Accuracy: 98.8636%
[2025-08-17 20:36:44] [INFO] [lstm_with_conf.py:110] - [Epoch 269] Loss: 0.0754 | Accuracy: 97.7273%
[2025-08-17 20:36:44] [INFO] [lstm_with_conf.py:110] - [Epoch 270] Loss: 0.2455 | Accuracy: 88.6364%
[2025-08-17 20:36:44] [INFO] [lstm_with_conf.py:110] - [Epoch 271] Loss: 0.0853 | Accuracy: 94.3182%
[2025-08-17 20:36:44] [INFO] [lstm_with_conf.py:110] - [Epoch 272] Loss: 0.0999 | Accuracy: 95.4545%
[2025-08-17 20:36:44] [INFO] [lstm_with_conf.py:110] - [Epoch 273] Loss: 0.0603 | Accuracy: 97.7273%
[2025-08-17 20:36:44] [INFO] [lstm_with_conf.py:110] - [Epoch 274] Loss: 0.0521 | Accuracy: 98.8636%
[2025-08-17 20:36:44] [INFO] [lstm_with_conf.py:110] - [Epoch 275] Loss: 0.0973 | Accuracy: 95.4545%
[2025-08-17 20:36:44] [INFO] [lstm_with_conf.py:110] - [Epoch 276] Loss: 0.0466 | Accuracy: 97.7273%
[2025-08-17 20:36:44] [INFO] [lstm_with_conf.py:110] - [Epoch 277] Loss: 0.0615 | Accuracy: 98.8636%
[2025-08-17 20:36:44] [INFO] [lstm_with_conf.py:110] - [Epoch 278] Loss: 0.0749 | Accuracy: 97.7273%
[2025-08-17 20:36:44] [INFO] [lstm_with_conf.py:110] - [Epoch 279] Loss: 0.1084 | Accuracy: 94.3182%
[2025-08-17 20:36:44] [INFO] [lstm_with_conf.py:110] - [Epoch 280] Loss: 0.1253 | Accuracy: 92.0455%
[2025-08-17 20:36:44] [INFO] [lstm_with_conf.py:110] - [Epoch 281] Loss: 0.0590 | Accuracy: 97.7273%
[2025-08-17 20:36:44] [INFO] [lstm_with_conf.py:110] - [Epoch 282] Loss: 0.0625 | Accuracy: 98.8636%
[2025-08-17 20:36:44] [INFO] [lstm_with_conf.py:110] - [Epoch 283] Loss: 0.0405 | Accuracy: 97.7273%
[2025-08-17 20:36:44] [INFO] [lstm_with_conf.py:110] - [Epoch 284] Loss: 0.0933 | Accuracy: 95.4545%
[2025-08-17 20:36:44] [INFO] [lstm_with_conf.py:110] - [Epoch 285] Loss: 0.0800 | Accuracy: 96.5909%
[2025-08-17 20:36:44] [INFO] [lstm_with_conf.py:110] - [Epoch 286] Loss: 0.0972 | Accuracy: 95.4545%
[2025-08-17 20:36:44] [INFO] [lstm_with_conf.py:110] - [Epoch 287] Loss: 0.0554 | Accuracy: 97.7273%
[2025-08-17 20:36:44] [INFO] [lstm_with_conf.py:110] - [Epoch 288] Loss: 0.0549 | Accuracy: 97.7273%
[2025-08-17 20:36:44] [INFO] [lstm_with_conf.py:110] - [Epoch 289] Loss: 0.0448 | Accuracy: 100.0000%
[2025-08-17 20:36:44] [INFO] [lstm_with_conf.py:110] - [Epoch 290] Loss: 0.1159 | Accuracy: 94.3182%
[2025-08-17 20:36:44] [INFO] [lstm_with_conf.py:110] - [Epoch 291] Loss: 0.0822 | Accuracy: 95.4545%
[2025-08-17 20:36:44] [INFO] [lstm_with_conf.py:110] - [Epoch 292] Loss: 0.0489 | Accuracy: 100.0000%
[2025-08-17 20:36:44] [INFO] [lstm_with_conf.py:110] - [Epoch 293] Loss: 0.0340 | Accuracy: 98.8636%
[2025-08-17 20:36:44] [INFO] [lstm_with_conf.py:110] - [Epoch 294] Loss: 0.0663 | Accuracy: 97.7273%
[2025-08-17 20:36:44] [INFO] [lstm_with_conf.py:110] - [Epoch 295] Loss: 0.1084 | Accuracy: 97.7273%
[2025-08-17 20:36:44] [INFO] [lstm_with_conf.py:110] - [Epoch 296] Loss: 0.0492 | Accuracy: 98.8636%
[2025-08-17 20:36:44] [INFO] [lstm_with_conf.py:110] - [Epoch 297] Loss: 0.0725 | Accuracy: 94.3182%
[2025-08-17 20:36:44] [INFO] [lstm_with_conf.py:110] - [Epoch 298] Loss: 0.1012 | Accuracy: 96.5909%
[2025-08-17 20:36:44] [INFO] [lstm_with_conf.py:110] - [Epoch 299] Loss: 0.0672 | Accuracy: 97.7273%
[2025-08-17 20:36:44] [INFO] [lstm_with_conf.py:110] - [Epoch 300] Loss: 0.1175 | Accuracy: 96.5909%
[2025-08-17 20:36:44] [INFO] [lstm_with_conf.py:110] - [Epoch 301] Loss: 0.0873 | Accuracy: 96.5909%
[2025-08-17 20:36:44] [INFO] [lstm_with_conf.py:110] - [Epoch 302] Loss: 0.0414 | Accuracy: 97.7273%
[2025-08-17 20:36:44] [INFO] [lstm_with_conf.py:110] - [Epoch 303] Loss: 0.0756 | Accuracy: 97.7273%
[2025-08-17 20:36:44] [INFO] [lstm_with_conf.py:110] - [Epoch 304] Loss: 0.0723 | Accuracy: 97.7273%
[2025-08-17 20:36:44] [INFO] [lstm_with_conf.py:110] - [Epoch 305] Loss: 0.0711 | Accuracy: 96.5909%
[2025-08-17 20:36:44] [INFO] [lstm_with_conf.py:110] - [Epoch 306] Loss: 0.0400 | Accuracy: 98.8636%
[2025-08-17 20:36:44] [INFO] [lstm_with_conf.py:110] - [Epoch 307] Loss: 0.0616 | Accuracy: 97.7273%
[2025-08-17 20:36:44] [INFO] [lstm_with_conf.py:110] - [Epoch 308] Loss: 0.0444 | Accuracy: 98.8636%
[2025-08-17 20:36:44] [INFO] [lstm_with_conf.py:110] - [Epoch 309] Loss: 0.0807 | Accuracy: 97.7273%
[2025-08-17 20:36:44] [INFO] [lstm_with_conf.py:110] - [Epoch 310] Loss: 0.0523 | Accuracy: 97.7273%
[2025-08-17 20:36:44] [INFO] [lstm_with_conf.py:110] - [Epoch 311] Loss: 0.0521 | Accuracy: 97.7273%
[2025-08-17 20:36:44] [INFO] [lstm_with_conf.py:110] - [Epoch 312] Loss: 0.0689 | Accuracy: 98.8636%
[2025-08-17 20:36:44] [INFO] [lstm_with_conf.py:110] - [Epoch 313] Loss: 0.0772 | Accuracy: 97.7273%
[2025-08-17 20:36:44] [INFO] [lstm_with_conf.py:110] - [Epoch 314] Loss: 0.0381 | Accuracy: 98.8636%
[2025-08-17 20:36:44] [INFO] [lstm_with_conf.py:110] - [Epoch 315] Loss: 0.0693 | Accuracy: 97.7273%
[2025-08-17 20:36:44] [INFO] [lstm_with_conf.py:110] - [Epoch 316] Loss: 0.0736 | Accuracy: 97.7273%
[2025-08-17 20:36:44] [INFO] [lstm_with_conf.py:110] - [Epoch 317] Loss: 0.0812 | Accuracy: 97.7273%
[2025-08-17 20:36:44] [INFO] [lstm_with_conf.py:110] - [Epoch 318] Loss: 0.0387 | Accuracy: 100.0000%
[2025-08-17 20:36:44] [INFO] [lstm_with_conf.py:110] - [Epoch 319] Loss: 0.0644 | Accuracy: 97.7273%
[2025-08-17 20:36:44] [INFO] [lstm_with_conf.py:110] - [Epoch 320] Loss: 0.0661 | Accuracy: 97.7273%
[2025-08-17 20:36:44] [INFO] [lstm_with_conf.py:110] - [Epoch 321] Loss: 0.0701 | Accuracy: 97.7273%
[2025-08-17 20:36:44] [INFO] [lstm_with_conf.py:110] - [Epoch 322] Loss: 0.0559 | Accuracy: 98.8636%
[2025-08-17 20:36:44] [INFO] [lstm_with_conf.py:110] - [Epoch 323] Loss: 0.0361 | Accuracy: 98.8636%
[2025-08-17 20:36:44] [INFO] [lstm_with_conf.py:110] - [Epoch 324] Loss: 0.0497 | Accuracy: 97.7273%
[2025-08-17 20:36:44] [INFO] [lstm_with_conf.py:110] - [Epoch 325] Loss: 0.0380 | Accuracy: 97.7273%
[2025-08-17 20:36:44] [INFO] [lstm_with_conf.py:110] - [Epoch 326] Loss: 0.0433 | Accuracy: 97.7273%
[2025-08-17 20:36:44] [INFO] [lstm_with_conf.py:110] - [Epoch 327] Loss: 0.0278 | Accuracy: 98.8636%
[2025-08-17 20:36:44] [INFO] [lstm_with_conf.py:110] - [Epoch 328] Loss: 0.0470 | Accuracy: 98.8636%
[2025-08-17 20:36:44] [INFO] [lstm_with_conf.py:110] - [Epoch 329] Loss: 0.0570 | Accuracy: 97.7273%
[2025-08-17 20:36:44] [INFO] [lstm_with_conf.py:110] - [Epoch 330] Loss: 0.0400 | Accuracy: 97.7273%
[2025-08-17 20:36:44] [INFO] [lstm_with_conf.py:110] - [Epoch 331] Loss: 0.0261 | Accuracy: 98.8636%
[2025-08-17 20:36:44] [INFO] [lstm_with_conf.py:110] - [Epoch 332] Loss: 0.0336 | Accuracy: 100.0000%
[2025-08-17 20:36:44] [INFO] [lstm_with_conf.py:110] - [Epoch 333] Loss: 0.0578 | Accuracy: 98.8636%
[2025-08-17 20:36:44] [INFO] [lstm_with_conf.py:110] - [Epoch 334] Loss: 0.0482 | Accuracy: 98.8636%
[2025-08-17 20:36:44] [INFO] [lstm_with_conf.py:110] - [Epoch 335] Loss: 0.1192 | Accuracy: 95.4545%
[2025-08-17 20:36:44] [INFO] [lstm_with_conf.py:110] - [Epoch 336] Loss: 0.1191 | Accuracy: 97.7273%
[2025-08-17 20:36:44] [INFO] [lstm_with_conf.py:110] - [Epoch 337] Loss: 0.1265 | Accuracy: 96.5909%
[2025-08-17 20:36:44] [INFO] [lstm_with_conf.py:110] - [Epoch 338] Loss: 0.0773 | Accuracy: 95.4545%
[2025-08-17 20:36:44] [INFO] [lstm_with_conf.py:110] - [Epoch 339] Loss: 0.1223 | Accuracy: 96.5909%
[2025-08-17 20:36:44] [INFO] [lstm_with_conf.py:110] - [Epoch 340] Loss: 0.0520 | Accuracy: 97.7273%
[2025-08-17 20:36:44] [INFO] [lstm_with_conf.py:110] - [Epoch 341] Loss: 0.0702 | Accuracy: 98.8636%
[2025-08-17 20:36:44] [INFO] [lstm_with_conf.py:110] - [Epoch 342] Loss: 0.0513 | Accuracy: 97.7273%
[2025-08-17 20:36:44] [INFO] [lstm_with_conf.py:110] - [Epoch 343] Loss: 0.0305 | Accuracy: 100.0000%
[2025-08-17 20:36:44] [INFO] [lstm_with_conf.py:110] - [Epoch 344] Loss: 0.0608 | Accuracy: 97.7273%
[2025-08-17 20:36:44] [INFO] [lstm_with_conf.py:110] - [Epoch 345] Loss: 0.0730 | Accuracy: 98.8636%
[2025-08-17 20:36:44] [INFO] [lstm_with_conf.py:110] - [Epoch 346] Loss: 0.0259 | Accuracy: 100.0000%
[2025-08-17 20:36:44] [INFO] [lstm_with_conf.py:110] - [Epoch 347] Loss: 0.0306 | Accuracy: 98.8636%
[2025-08-17 20:36:44] [INFO] [lstm_with_conf.py:110] - [Epoch 348] Loss: 0.0488 | Accuracy: 97.7273%
[2025-08-17 20:36:45] [INFO] [lstm_with_conf.py:110] - [Epoch 349] Loss: 0.0272 | Accuracy: 98.8636%
[2025-08-17 20:36:45] [INFO] [lstm_with_conf.py:110] - [Epoch 350] Loss: 0.0539 | Accuracy: 98.8636%
[2025-08-17 20:36:45] [INFO] [lstm_with_conf.py:110] - [Epoch 351] Loss: 0.0451 | Accuracy: 98.8636%
[2025-08-17 20:36:45] [INFO] [lstm_with_conf.py:110] - [Epoch 352] Loss: 0.0407 | Accuracy: 98.8636%
[2025-08-17 20:36:45] [INFO] [lstm_with_conf.py:110] - [Epoch 353] Loss: 0.0346 | Accuracy: 96.5909%
[2025-08-17 20:36:45] [INFO] [lstm_with_conf.py:110] - [Epoch 354] Loss: 0.0339 | Accuracy: 100.0000%
[2025-08-17 20:36:45] [INFO] [lstm_with_conf.py:110] - [Epoch 355] Loss: 0.0321 | Accuracy: 98.8636%
[2025-08-17 20:36:45] [INFO] [lstm_with_conf.py:110] - [Epoch 356] Loss: 0.0419 | Accuracy: 97.7273%
[2025-08-17 20:36:45] [INFO] [lstm_with_conf.py:110] - [Epoch 357] Loss: 0.0533 | Accuracy: 97.7273%
[2025-08-17 20:36:45] [INFO] [lstm_with_conf.py:110] - [Epoch 358] Loss: 0.0467 | Accuracy: 98.8636%
[2025-08-17 20:36:45] [INFO] [lstm_with_conf.py:110] - [Epoch 359] Loss: 0.0387 | Accuracy: 98.8636%
[2025-08-17 20:36:45] [INFO] [lstm_with_conf.py:110] - [Epoch 360] Loss: 0.0950 | Accuracy: 95.4545%
[2025-08-17 20:36:45] [INFO] [lstm_with_conf.py:110] - [Epoch 361] Loss: 0.0277 | Accuracy: 100.0000%
[2025-08-17 20:36:45] [INFO] [lstm_with_conf.py:110] - [Epoch 362] Loss: 0.0409 | Accuracy: 97.7273%
[2025-08-17 20:36:45] [INFO] [lstm_with_conf.py:110] - [Epoch 363] Loss: 0.0428 | Accuracy: 98.8636%
[2025-08-17 20:36:45] [INFO] [lstm_with_conf.py:110] - [Epoch 364] Loss: 0.0444 | Accuracy: 100.0000%
[2025-08-17 20:36:45] [INFO] [lstm_with_conf.py:110] - [Epoch 365] Loss: 0.0384 | Accuracy: 98.8636%
[2025-08-17 20:36:45] [INFO] [lstm_with_conf.py:110] - [Epoch 366] Loss: 0.0376 | Accuracy: 96.5909%
[2025-08-17 20:36:45] [INFO] [lstm_with_conf.py:110] - [Epoch 367] Loss: 0.0466 | Accuracy: 98.8636%
[2025-08-17 20:36:45] [INFO] [lstm_with_conf.py:110] - [Epoch 368] Loss: 0.0322 | Accuracy: 98.8636%
[2025-08-17 20:36:45] [INFO] [lstm_with_conf.py:110] - [Epoch 369] Loss: 0.0345 | Accuracy: 98.8636%
[2025-08-17 20:36:45] [INFO] [lstm_with_conf.py:110] - [Epoch 370] Loss: 0.0419 | Accuracy: 100.0000%
[2025-08-17 20:36:45] [INFO] [lstm_with_conf.py:110] - [Epoch 371] Loss: 0.0309 | Accuracy: 98.8636%
[2025-08-17 20:36:45] [INFO] [lstm_with_conf.py:110] - [Epoch 372] Loss: 0.0576 | Accuracy: 97.7273%
[2025-08-17 20:36:45] [INFO] [lstm_with_conf.py:110] - [Epoch 373] Loss: 0.0458 | Accuracy: 95.4545%
[2025-08-17 20:36:45] [INFO] [lstm_with_conf.py:110] - [Epoch 374] Loss: 0.0325 | Accuracy: 98.8636%
[2025-08-17 20:36:45] [INFO] [lstm_with_conf.py:110] - [Epoch 375] Loss: 0.0425 | Accuracy: 98.8636%
[2025-08-17 20:36:45] [INFO] [lstm_with_conf.py:110] - [Epoch 376] Loss: 0.0268 | Accuracy: 98.8636%
[2025-08-17 20:36:45] [INFO] [lstm_with_conf.py:110] - [Epoch 377] Loss: 0.0737 | Accuracy: 98.8636%
[2025-08-17 20:36:45] [INFO] [lstm_with_conf.py:110] - [Epoch 378] Loss: 0.0220 | Accuracy: 100.0000%
[2025-08-17 20:36:45] [INFO] [lstm_with_conf.py:110] - [Epoch 379] Loss: 0.0610 | Accuracy: 97.7273%
[2025-08-17 20:36:45] [INFO] [lstm_with_conf.py:110] - [Epoch 380] Loss: 0.0363 | Accuracy: 98.8636%
[2025-08-17 20:36:45] [INFO] [lstm_with_conf.py:110] - [Epoch 381] Loss: 0.0221 | Accuracy: 100.0000%
[2025-08-17 20:36:45] [INFO] [lstm_with_conf.py:110] - [Epoch 382] Loss: 0.0422 | Accuracy: 98.8636%
[2025-08-17 20:36:45] [INFO] [lstm_with_conf.py:110] - [Epoch 383] Loss: 0.0293 | Accuracy: 100.0000%
[2025-08-17 20:36:45] [INFO] [lstm_with_conf.py:110] - [Epoch 384] Loss: 0.0275 | Accuracy: 98.8636%
[2025-08-17 20:36:45] [INFO] [lstm_with_conf.py:110] - [Epoch 385] Loss: 0.1171 | Accuracy: 97.7273%
[2025-08-17 20:36:45] [INFO] [lstm_with_conf.py:110] - [Epoch 386] Loss: 0.0310 | Accuracy: 100.0000%
[2025-08-17 20:36:45] [INFO] [lstm_with_conf.py:110] - [Epoch 387] Loss: 0.0369 | Accuracy: 97.7273%
[2025-08-17 20:36:45] [INFO] [lstm_with_conf.py:110] - [Epoch 388] Loss: 0.0471 | Accuracy: 96.5909%
[2025-08-17 20:36:45] [INFO] [lstm_with_conf.py:110] - [Epoch 389] Loss: 0.0211 | Accuracy: 98.8636%
[2025-08-17 20:36:45] [INFO] [lstm_with_conf.py:110] - [Epoch 390] Loss: 0.0830 | Accuracy: 97.7273%
[2025-08-17 20:36:45] [INFO] [lstm_with_conf.py:110] - [Epoch 391] Loss: 0.0926 | Accuracy: 95.4545%
[2025-08-17 20:36:45] [INFO] [lstm_with_conf.py:110] - [Epoch 392] Loss: 0.0244 | Accuracy: 100.0000%
[2025-08-17 20:36:45] [INFO] [lstm_with_conf.py:110] - [Epoch 393] Loss: 0.0212 | Accuracy: 100.0000%
[2025-08-17 20:36:45] [INFO] [lstm_with_conf.py:110] - [Epoch 394] Loss: 0.0349 | Accuracy: 98.8636%
[2025-08-17 20:36:45] [INFO] [lstm_with_conf.py:110] - [Epoch 395] Loss: 0.0377 | Accuracy: 97.7273%
[2025-08-17 20:36:45] [INFO] [lstm_with_conf.py:110] - [Epoch 396] Loss: 0.0369 | Accuracy: 98.8636%
[2025-08-17 20:36:45] [INFO] [lstm_with_conf.py:110] - [Epoch 397] Loss: 0.0343 | Accuracy: 98.8636%
[2025-08-17 20:36:45] [INFO] [lstm_with_conf.py:110] - [Epoch 398] Loss: 0.0558 | Accuracy: 97.7273%
[2025-08-17 20:36:45] [INFO] [lstm_with_conf.py:110] - [Epoch 399] Loss: 0.0250 | Accuracy: 98.8636%
[2025-08-17 20:36:45] [INFO] [lstm_with_conf.py:110] - [Epoch 400] Loss: 0.1250 | Accuracy: 97.7273%
[2025-08-17 20:36:45] [INFO] [lstm_with_conf.py:110] - [Epoch 401] Loss: 0.0583 | Accuracy: 96.5909%
[2025-08-17 20:36:45] [INFO] [lstm_with_conf.py:110] - [Epoch 402] Loss: 0.0423 | Accuracy: 98.8636%
[2025-08-17 20:36:45] [INFO] [lstm_with_conf.py:110] - [Epoch 403] Loss: 0.0267 | Accuracy: 98.8636%
[2025-08-17 20:36:45] [INFO] [lstm_with_conf.py:110] - [Epoch 404] Loss: 0.0496 | Accuracy: 98.8636%
[2025-08-17 20:36:45] [INFO] [lstm_with_conf.py:110] - [Epoch 405] Loss: 0.0198 | Accuracy: 98.8636%
[2025-08-17 20:36:45] [INFO] [lstm_with_conf.py:110] - [Epoch 406] Loss: 0.0460 | Accuracy: 97.7273%
[2025-08-17 20:36:45] [INFO] [lstm_with_conf.py:110] - [Epoch 407] Loss: 0.0550 | Accuracy: 97.7273%
[2025-08-17 20:36:45] [INFO] [lstm_with_conf.py:110] - [Epoch 408] Loss: 0.0206 | Accuracy: 100.0000%
[2025-08-17 20:36:45] [INFO] [lstm_with_conf.py:110] - [Epoch 409] Loss: 0.0929 | Accuracy: 98.8636%
[2025-08-17 20:36:45] [INFO] [lstm_with_conf.py:110] - [Epoch 410] Loss: 0.1552 | Accuracy: 97.7273%
[2025-08-17 20:36:45] [INFO] [lstm_with_conf.py:110] - [Epoch 411] Loss: 0.0589 | Accuracy: 97.7273%
[2025-08-17 20:36:45] [INFO] [lstm_with_conf.py:110] - [Epoch 412] Loss: 0.0385 | Accuracy: 100.0000%
[2025-08-17 20:36:45] [INFO] [lstm_with_conf.py:110] - [Epoch 413] Loss: 0.0644 | Accuracy: 97.7273%
[2025-08-17 20:36:45] [INFO] [lstm_with_conf.py:110] - [Epoch 414] Loss: 0.0713 | Accuracy: 98.8636%
[2025-08-17 20:36:45] [INFO] [lstm_with_conf.py:110] - [Epoch 415] Loss: 0.0830 | Accuracy: 98.8636%
[2025-08-17 20:36:45] [INFO] [lstm_with_conf.py:110] - [Epoch 416] Loss: 0.0648 | Accuracy: 98.8636%
[2025-08-17 20:36:45] [INFO] [lstm_with_conf.py:110] - [Epoch 417] Loss: 0.0568 | Accuracy: 96.5909%
[2025-08-17 20:36:45] [INFO] [lstm_with_conf.py:110] - [Epoch 418] Loss: 0.0276 | Accuracy: 98.8636%
[2025-08-17 20:36:45] [INFO] [lstm_with_conf.py:110] - [Epoch 419] Loss: 0.0573 | Accuracy: 97.7273%
[2025-08-17 20:36:45] [INFO] [lstm_with_conf.py:110] - [Epoch 420] Loss: 0.0414 | Accuracy: 98.8636%
[2025-08-17 20:36:45] [INFO] [lstm_with_conf.py:110] - [Epoch 421] Loss: 0.1015 | Accuracy: 97.7273%
[2025-08-17 20:36:45] [INFO] [lstm_with_conf.py:110] - [Epoch 422] Loss: 0.0497 | Accuracy: 98.8636%
[2025-08-17 20:36:45] [INFO] [lstm_with_conf.py:110] - [Epoch 423] Loss: 0.0412 | Accuracy: 98.8636%
[2025-08-17 20:36:45] [INFO] [lstm_with_conf.py:110] - [Epoch 424] Loss: 0.0418 | Accuracy: 96.5909%
[2025-08-17 20:36:45] [INFO] [lstm_with_conf.py:110] - [Epoch 425] Loss: 0.0513 | Accuracy: 98.8636%
[2025-08-17 20:36:45] [INFO] [lstm_with_conf.py:110] - [Epoch 426] Loss: 0.0384 | Accuracy: 97.7273%
[2025-08-17 20:36:45] [INFO] [lstm_with_conf.py:110] - [Epoch 427] Loss: 0.0649 | Accuracy: 98.8636%
[2025-08-17 20:36:45] [INFO] [lstm_with_conf.py:110] - [Epoch 428] Loss: 0.0359 | Accuracy: 97.7273%
[2025-08-17 20:36:45] [INFO] [lstm_with_conf.py:110] - [Epoch 429] Loss: 0.0533 | Accuracy: 97.7273%
[2025-08-17 20:36:45] [INFO] [lstm_with_conf.py:110] - [Epoch 430] Loss: 0.0384 | Accuracy: 97.7273%
[2025-08-17 20:36:45] [INFO] [lstm_with_conf.py:110] - [Epoch 431] Loss: 0.0203 | Accuracy: 98.8636%
[2025-08-17 20:36:45] [INFO] [lstm_with_conf.py:110] - [Epoch 432] Loss: 0.0251 | Accuracy: 98.8636%
[2025-08-17 20:36:45] [INFO] [lstm_with_conf.py:110] - [Epoch 433] Loss: 0.0585 | Accuracy: 95.4545%
[2025-08-17 20:36:45] [INFO] [lstm_with_conf.py:110] - [Epoch 434] Loss: 0.0547 | Accuracy: 94.3182%
[2025-08-17 20:36:45] [INFO] [lstm_with_conf.py:110] - [Epoch 435] Loss: 0.0666 | Accuracy: 97.7273%
[2025-08-17 20:36:45] [INFO] [lstm_with_conf.py:110] - [Epoch 436] Loss: 0.0264 | Accuracy: 98.8636%
[2025-08-17 20:36:45] [INFO] [lstm_with_conf.py:110] - [Epoch 437] Loss: 0.0225 | Accuracy: 98.8636%
[2025-08-17 20:36:45] [INFO] [lstm_with_conf.py:110] - [Epoch 438] Loss: 0.0880 | Accuracy: 96.5909%
[2025-08-17 20:36:45] [INFO] [lstm_with_conf.py:110] - [Epoch 439] Loss: 0.0237 | Accuracy: 98.8636%
[2025-08-17 20:36:45] [INFO] [lstm_with_conf.py:110] - [Epoch 440] Loss: 0.0217 | Accuracy: 98.8636%
[2025-08-17 20:36:45] [INFO] [lstm_with_conf.py:110] - [Epoch 441] Loss: 0.0606 | Accuracy: 98.8636%
[2025-08-17 20:36:45] [INFO] [lstm_with_conf.py:110] - [Epoch 442] Loss: 0.0395 | Accuracy: 97.7273%
[2025-08-17 20:36:45] [INFO] [lstm_with_conf.py:110] - [Epoch 443] Loss: 0.0571 | Accuracy: 98.8636%
[2025-08-17 20:36:45] [INFO] [lstm_with_conf.py:110] - [Epoch 444] Loss: 0.0673 | Accuracy: 96.5909%
[2025-08-17 20:36:45] [INFO] [lstm_with_conf.py:110] - [Epoch 445] Loss: 0.1102 | Accuracy: 94.3182%
[2025-08-17 20:36:45] [INFO] [lstm_with_conf.py:110] - [Epoch 446] Loss: 0.0476 | Accuracy: 97.7273%
[2025-08-17 20:36:45] [INFO] [lstm_with_conf.py:110] - [Epoch 447] Loss: 0.0136 | Accuracy: 100.0000%
[2025-08-17 20:36:45] [INFO] [lstm_with_conf.py:110] - [Epoch 448] Loss: 0.0630 | Accuracy: 98.8636%
[2025-08-17 20:36:45] [INFO] [lstm_with_conf.py:110] - [Epoch 449] Loss: 0.0914 | Accuracy: 97.7273%
[2025-08-17 20:36:45] [INFO] [lstm_with_conf.py:110] - [Epoch 450] Loss: 0.0341 | Accuracy: 98.8636%
[2025-08-17 20:36:45] [INFO] [lstm_with_conf.py:110] - [Epoch 451] Loss: 0.0227 | Accuracy: 100.0000%
[2025-08-17 20:36:45] [INFO] [lstm_with_conf.py:110] - [Epoch 452] Loss: 0.0432 | Accuracy: 97.7273%
[2025-08-17 20:36:45] [INFO] [lstm_with_conf.py:110] - [Epoch 453] Loss: 0.0394 | Accuracy: 98.8636%
[2025-08-17 20:36:45] [INFO] [lstm_with_conf.py:110] - [Epoch 454] Loss: 0.0492 | Accuracy: 96.5909%
[2025-08-17 20:36:45] [INFO] [lstm_with_conf.py:110] - [Epoch 455] Loss: 0.0450 | Accuracy: 98.8636%
[2025-08-17 20:36:45] [INFO] [lstm_with_conf.py:110] - [Epoch 456] Loss: 0.0325 | Accuracy: 98.8636%
[2025-08-17 20:36:45] [INFO] [lstm_with_conf.py:110] - [Epoch 457] Loss: 0.0282 | Accuracy: 100.0000%
[2025-08-17 20:36:45] [INFO] [lstm_with_conf.py:110] - [Epoch 458] Loss: 0.0249 | Accuracy: 98.8636%
[2025-08-17 20:36:45] [INFO] [lstm_with_conf.py:110] - [Epoch 459] Loss: 0.0464 | Accuracy: 97.7273%
[2025-08-17 20:36:45] [INFO] [lstm_with_conf.py:110] - [Epoch 460] Loss: 0.0218 | Accuracy: 100.0000%
[2025-08-17 20:36:45] [INFO] [lstm_with_conf.py:110] - [Epoch 461] Loss: 0.0207 | Accuracy: 100.0000%
[2025-08-17 20:36:45] [INFO] [lstm_with_conf.py:110] - [Epoch 462] Loss: 0.0366 | Accuracy: 97.7273%
[2025-08-17 20:36:45] [INFO] [lstm_with_conf.py:110] - [Epoch 463] Loss: 0.0459 | Accuracy: 98.8636%
[2025-08-17 20:36:45] [INFO] [lstm_with_conf.py:110] - [Epoch 464] Loss: 0.0449 | Accuracy: 97.7273%
[2025-08-17 20:36:45] [INFO] [lstm_with_conf.py:110] - [Epoch 465] Loss: 0.0308 | Accuracy: 98.8636%
[2025-08-17 20:36:45] [INFO] [lstm_with_conf.py:110] - [Epoch 466] Loss: 0.0376 | Accuracy: 97.7273%
[2025-08-17 20:36:45] [INFO] [lstm_with_conf.py:110] - [Epoch 467] Loss: 0.0220 | Accuracy: 100.0000%
[2025-08-17 20:36:45] [INFO] [lstm_with_conf.py:110] - [Epoch 468] Loss: 0.0169 | Accuracy: 100.0000%
[2025-08-17 20:36:45] [INFO] [lstm_with_conf.py:110] - [Epoch 469] Loss: 0.0501 | Accuracy: 97.7273%
[2025-08-17 20:36:45] [INFO] [lstm_with_conf.py:110] - [Epoch 470] Loss: 0.0287 | Accuracy: 98.8636%
[2025-08-17 20:36:45] [INFO] [lstm_with_conf.py:110] - [Epoch 471] Loss: 0.0358 | Accuracy: 98.8636%
[2025-08-17 20:36:45] [INFO] [lstm_with_conf.py:110] - [Epoch 472] Loss: 0.0376 | Accuracy: 98.8636%
[2025-08-17 20:36:45] [INFO] [lstm_with_conf.py:110] - [Epoch 473] Loss: 0.0266 | Accuracy: 100.0000%
[2025-08-17 20:36:45] [INFO] [lstm_with_conf.py:110] - [Epoch 474] Loss: 0.0270 | Accuracy: 98.8636%
[2025-08-17 20:36:45] [INFO] [lstm_with_conf.py:110] - [Epoch 475] Loss: 0.0196 | Accuracy: 98.8636%
[2025-08-17 20:36:45] [INFO] [lstm_with_conf.py:110] - [Epoch 476] Loss: 0.0350 | Accuracy: 97.7273%
[2025-08-17 20:36:45] [INFO] [lstm_with_conf.py:110] - [Epoch 477] Loss: 0.0211 | Accuracy: 98.8636%
[2025-08-17 20:36:45] [INFO] [lstm_with_conf.py:110] - [Epoch 478] Loss: 0.0566 | Accuracy: 96.5909%
[2025-08-17 20:36:45] [INFO] [lstm_with_conf.py:110] - [Epoch 479] Loss: 0.0235 | Accuracy: 98.8636%
[2025-08-17 20:36:45] [INFO] [lstm_with_conf.py:110] - [Epoch 480] Loss: 0.0405 | Accuracy: 97.7273%
[2025-08-17 20:36:45] [INFO] [lstm_with_conf.py:110] - [Epoch 481] Loss: 0.1012 | Accuracy: 97.7273%
[2025-08-17 20:36:45] [INFO] [lstm_with_conf.py:110] - [Epoch 482] Loss: 0.0482 | Accuracy: 98.8636%
[2025-08-17 20:36:45] [INFO] [lstm_with_conf.py:110] - [Epoch 483] Loss: 0.0187 | Accuracy: 100.0000%
[2025-08-17 20:36:45] [INFO] [lstm_with_conf.py:110] - [Epoch 484] Loss: 0.0291 | Accuracy: 98.8636%
[2025-08-17 20:36:45] [INFO] [lstm_with_conf.py:110] - [Epoch 485] Loss: 0.0674 | Accuracy: 98.8636%
[2025-08-17 20:36:45] [INFO] [lstm_with_conf.py:110] - [Epoch 486] Loss: 0.0670 | Accuracy: 95.4545%
[2025-08-17 20:36:45] [INFO] [lstm_with_conf.py:110] - [Epoch 487] Loss: 0.1006 | Accuracy: 94.3182%
[2025-08-17 20:36:45] [INFO] [lstm_with_conf.py:110] - [Epoch 488] Loss: 0.1152 | Accuracy: 98.8636%
[2025-08-17 20:36:45] [INFO] [lstm_with_conf.py:110] - [Epoch 489] Loss: 0.0504 | Accuracy: 97.7273%
[2025-08-17 20:36:45] [INFO] [lstm_with_conf.py:110] - [Epoch 490] Loss: 0.0423 | Accuracy: 98.8636%
[2025-08-17 20:36:45] [INFO] [lstm_with_conf.py:110] - [Epoch 491] Loss: 0.0358 | Accuracy: 100.0000%
[2025-08-17 20:36:45] [INFO] [lstm_with_conf.py:110] - [Epoch 492] Loss: 0.0895 | Accuracy: 96.5909%
[2025-08-17 20:36:45] [INFO] [lstm_with_conf.py:110] - [Epoch 493] Loss: 0.0557 | Accuracy: 97.7273%
[2025-08-17 20:36:45] [INFO] [lstm_with_conf.py:110] - [Epoch 494] Loss: 0.0456 | Accuracy: 96.5909%
[2025-08-17 20:36:45] [INFO] [lstm_with_conf.py:110] - [Epoch 495] Loss: 0.0447 | Accuracy: 97.7273%
[2025-08-17 20:36:45] [INFO] [lstm_with_conf.py:110] - [Epoch 496] Loss: 0.0914 | Accuracy: 95.4545%
[2025-08-17 20:36:46] [INFO] [lstm_with_conf.py:110] - [Epoch 497] Loss: 0.0392 | Accuracy: 97.7273%
[2025-08-17 20:36:46] [INFO] [lstm_with_conf.py:110] - [Epoch 498] Loss: 0.0327 | Accuracy: 98.8636%
[2025-08-17 20:36:46] [INFO] [lstm_with_conf.py:110] - [Epoch 499] Loss: 0.0120 | Accuracy: 100.0000%
[2025-08-17 20:36:46] [INFO] [lstm_with_conf.py:110] - [Epoch 500] Loss: 0.1034 | Accuracy: 97.7273%
[2025-08-17 20:36:46] [INFO] [lstm_with_conf.py:115] - ==== Test Evaluation Results ====
[2025-08-17 20:36:46] [INFO] [lstm_with_conf.py:116] - Confusion Matrix:
[2025-08-17 20:36:46] [INFO] [lstm_with_conf.py:117] -   TP: 7, TN: 14, FP: 0, FN: 2
[2025-08-17 20:36:46] [INFO] [lstm_with_conf.py:118] - Precision : 1.0000
[2025-08-17 20:36:46] [INFO] [lstm_with_conf.py:119] - Recall    : 0.7778
[2025-08-17 20:36:46] [INFO] [lstm_with_conf.py:120] - F1 Score  : 0.8750
[2025-08-17 20:36:46] [INFO] [lstm_with_conf.py:121] - Accuracy  : 91.30%
