[2025-07-25 14:59:00] [INFO] [gru.py:27] - Loading dataset from: dataset\YouTube\processed\extracted_labels_Youtube.csv
[2025-07-25 14:59:00] [INFO] [gru.py:32] - Using device: cuda
[2025-07-25 14:59:01] [INFO] [gru.py:84] - [Epoch 1] Loss: 1.1721 | Accuracy: 46.5909%
[2025-07-25 14:59:01] [INFO] [gru.py:84] - [Epoch 2] Loss: 1.2916 | Accuracy: 47.7273%
[2025-07-25 14:59:01] [INFO] [gru.py:84] - [Epoch 3] Loss: 1.1214 | Accuracy: 51.1364%
[2025-07-25 14:59:01] [INFO] [gru.py:84] - [Epoch 4] Loss: 1.0535 | Accuracy: 48.8636%
[2025-07-25 14:59:02] [INFO] [gru.py:84] - [Epoch 5] Loss: 1.0851 | Accuracy: 48.8636%
[2025-07-25 14:59:02] [INFO] [gru.py:84] - [Epoch 6] Loss: 1.1336 | Accuracy: 47.7273%
[2025-07-25 14:59:02] [INFO] [gru.py:84] - [Epoch 7] Loss: 0.9855 | Accuracy: 52.2727%
[2025-07-25 14:59:02] [INFO] [gru.py:84] - [Epoch 8] Loss: 0.8521 | Accuracy: 63.6364%
[2025-07-25 14:59:02] [INFO] [gru.py:84] - [Epoch 9] Loss: 0.7406 | Accuracy: 68.1818%
[2025-07-25 14:59:02] [INFO] [gru.py:84] - [Epoch 10] Loss: 0.7645 | Accuracy: 67.0455%
[2025-07-25 14:59:02] [INFO] [gru.py:84] - [Epoch 11] Loss: 0.7866 | Accuracy: 67.0455%
[2025-07-25 14:59:02] [INFO] [gru.py:84] - [Epoch 12] Loss: 0.6132 | Accuracy: 65.9091%
[2025-07-25 14:59:02] [INFO] [gru.py:84] - [Epoch 13] Loss: 0.6616 | Accuracy: 69.3182%
[2025-07-25 14:59:02] [INFO] [gru.py:84] - [Epoch 14] Loss: 0.7253 | Accuracy: 72.7273%
[2025-07-25 14:59:02] [INFO] [gru.py:84] - [Epoch 15] Loss: 0.6462 | Accuracy: 70.4545%
[2025-07-25 14:59:02] [INFO] [gru.py:84] - [Epoch 16] Loss: 0.5763 | Accuracy: 76.1364%
[2025-07-25 14:59:02] [INFO] [gru.py:84] - [Epoch 17] Loss: 0.7596 | Accuracy: 72.7273%
[2025-07-25 14:59:02] [INFO] [gru.py:84] - [Epoch 18] Loss: 0.5112 | Accuracy: 71.5909%
[2025-07-25 14:59:02] [INFO] [gru.py:84] - [Epoch 19] Loss: 0.7038 | Accuracy: 76.1364%
[2025-07-25 14:59:02] [INFO] [gru.py:84] - [Epoch 20] Loss: 0.7179 | Accuracy: 68.1818%
[2025-07-25 14:59:02] [INFO] [gru.py:84] - [Epoch 21] Loss: 0.6758 | Accuracy: 78.4091%
[2025-07-25 14:59:02] [INFO] [gru.py:84] - [Epoch 22] Loss: 0.4952 | Accuracy: 80.6818%
[2025-07-25 14:59:02] [INFO] [gru.py:84] - [Epoch 23] Loss: 0.5178 | Accuracy: 79.5455%
[2025-07-25 14:59:02] [INFO] [gru.py:84] - [Epoch 24] Loss: 0.6373 | Accuracy: 70.4545%
[2025-07-25 14:59:02] [INFO] [gru.py:84] - [Epoch 25] Loss: 0.5657 | Accuracy: 80.6818%
[2025-07-25 14:59:02] [INFO] [gru.py:84] - [Epoch 26] Loss: 0.4548 | Accuracy: 80.6818%
[2025-07-25 14:59:02] [INFO] [gru.py:84] - [Epoch 27] Loss: 0.4648 | Accuracy: 84.0909%
[2025-07-25 14:59:02] [INFO] [gru.py:84] - [Epoch 28] Loss: 0.4943 | Accuracy: 79.5455%
[2025-07-25 14:59:02] [INFO] [gru.py:84] - [Epoch 29] Loss: 0.3979 | Accuracy: 82.9545%
[2025-07-25 14:59:02] [INFO] [gru.py:84] - [Epoch 30] Loss: 0.4188 | Accuracy: 85.2273%
[2025-07-25 14:59:02] [INFO] [gru.py:84] - [Epoch 31] Loss: 0.3969 | Accuracy: 80.6818%
[2025-07-25 14:59:02] [INFO] [gru.py:84] - [Epoch 32] Loss: 0.5098 | Accuracy: 78.4091%
[2025-07-25 14:59:02] [INFO] [gru.py:84] - [Epoch 33] Loss: 0.3505 | Accuracy: 86.3636%
[2025-07-25 14:59:02] [INFO] [gru.py:84] - [Epoch 34] Loss: 0.4788 | Accuracy: 78.4091%
[2025-07-25 14:59:02] [INFO] [gru.py:84] - [Epoch 35] Loss: 0.2417 | Accuracy: 92.0455%
[2025-07-25 14:59:02] [INFO] [gru.py:84] - [Epoch 36] Loss: 0.3328 | Accuracy: 85.2273%
[2025-07-25 14:59:02] [INFO] [gru.py:84] - [Epoch 37] Loss: 0.4615 | Accuracy: 84.0909%
[2025-07-25 14:59:02] [INFO] [gru.py:84] - [Epoch 38] Loss: 0.4283 | Accuracy: 78.4091%
[2025-07-25 14:59:02] [INFO] [gru.py:84] - [Epoch 39] Loss: 0.4146 | Accuracy: 86.3636%
[2025-07-25 14:59:02] [INFO] [gru.py:84] - [Epoch 40] Loss: 0.3461 | Accuracy: 87.5000%
[2025-07-25 14:59:02] [INFO] [gru.py:84] - [Epoch 41] Loss: 0.4891 | Accuracy: 78.4091%
[2025-07-25 14:59:02] [INFO] [gru.py:84] - [Epoch 42] Loss: 0.5253 | Accuracy: 84.0909%
[2025-07-25 14:59:02] [INFO] [gru.py:84] - [Epoch 43] Loss: 0.4215 | Accuracy: 85.2273%
[2025-07-25 14:59:02] [INFO] [gru.py:84] - [Epoch 44] Loss: 0.3973 | Accuracy: 84.0909%
[2025-07-25 14:59:02] [INFO] [gru.py:84] - [Epoch 45] Loss: 0.3805 | Accuracy: 84.0909%
[2025-07-25 14:59:02] [INFO] [gru.py:84] - [Epoch 46] Loss: 0.4601 | Accuracy: 84.0909%
[2025-07-25 14:59:02] [INFO] [gru.py:84] - [Epoch 47] Loss: 0.3933 | Accuracy: 86.3636%
[2025-07-25 14:59:02] [INFO] [gru.py:84] - [Epoch 48] Loss: 0.4097 | Accuracy: 82.9545%
[2025-07-25 14:59:02] [INFO] [gru.py:84] - [Epoch 49] Loss: 0.4445 | Accuracy: 86.3636%
[2025-07-25 14:59:02] [INFO] [gru.py:84] - [Epoch 50] Loss: 0.3244 | Accuracy: 88.6364%
[2025-07-25 14:59:02] [INFO] [gru.py:84] - [Epoch 51] Loss: 0.3600 | Accuracy: 92.0455%
[2025-07-25 14:59:02] [INFO] [gru.py:84] - [Epoch 52] Loss: 0.3556 | Accuracy: 82.9545%
[2025-07-25 14:59:02] [INFO] [gru.py:84] - [Epoch 53] Loss: 0.3065 | Accuracy: 89.7727%
[2025-07-25 14:59:02] [INFO] [gru.py:84] - [Epoch 54] Loss: 0.3986 | Accuracy: 81.8182%
[2025-07-25 14:59:02] [INFO] [gru.py:84] - [Epoch 55] Loss: 0.3751 | Accuracy: 85.2273%
[2025-07-25 14:59:02] [INFO] [gru.py:84] - [Epoch 56] Loss: 0.2701 | Accuracy: 88.6364%
[2025-07-25 14:59:02] [INFO] [gru.py:84] - [Epoch 57] Loss: 0.3701 | Accuracy: 86.3636%
[2025-07-25 14:59:02] [INFO] [gru.py:84] - [Epoch 58] Loss: 0.3330 | Accuracy: 88.6364%
[2025-07-25 14:59:02] [INFO] [gru.py:84] - [Epoch 59] Loss: 0.3525 | Accuracy: 86.3636%
[2025-07-25 14:59:02] [INFO] [gru.py:84] - [Epoch 60] Loss: 0.2196 | Accuracy: 88.6364%
[2025-07-25 14:59:02] [INFO] [gru.py:84] - [Epoch 61] Loss: 0.3301 | Accuracy: 87.5000%
[2025-07-25 14:59:02] [INFO] [gru.py:84] - [Epoch 62] Loss: 0.4193 | Accuracy: 84.0909%
[2025-07-25 14:59:02] [INFO] [gru.py:84] - [Epoch 63] Loss: 0.3139 | Accuracy: 89.7727%
[2025-07-25 14:59:02] [INFO] [gru.py:84] - [Epoch 64] Loss: 0.2318 | Accuracy: 92.0455%
[2025-07-25 14:59:02] [INFO] [gru.py:84] - [Epoch 65] Loss: 0.3603 | Accuracy: 87.5000%
[2025-07-25 14:59:02] [INFO] [gru.py:84] - [Epoch 66] Loss: 0.3223 | Accuracy: 88.6364%
[2025-07-25 14:59:02] [INFO] [gru.py:84] - [Epoch 67] Loss: 0.2763 | Accuracy: 90.9091%
[2025-07-25 14:59:02] [INFO] [gru.py:84] - [Epoch 68] Loss: 0.3242 | Accuracy: 92.0455%
[2025-07-25 14:59:02] [INFO] [gru.py:84] - [Epoch 69] Loss: 0.3102 | Accuracy: 87.5000%
[2025-07-25 14:59:02] [INFO] [gru.py:84] - [Epoch 70] Loss: 0.2803 | Accuracy: 85.2273%
[2025-07-25 14:59:02] [INFO] [gru.py:84] - [Epoch 71] Loss: 0.2494 | Accuracy: 90.9091%
[2025-07-25 14:59:02] [INFO] [gru.py:84] - [Epoch 72] Loss: 0.4158 | Accuracy: 84.0909%
[2025-07-25 14:59:02] [INFO] [gru.py:84] - [Epoch 73] Loss: 0.4719 | Accuracy: 87.5000%
[2025-07-25 14:59:02] [INFO] [gru.py:84] - [Epoch 74] Loss: 0.3129 | Accuracy: 92.0455%
[2025-07-25 14:59:02] [INFO] [gru.py:84] - [Epoch 75] Loss: 0.2916 | Accuracy: 88.6364%
[2025-07-25 14:59:02] [INFO] [gru.py:84] - [Epoch 76] Loss: 0.2497 | Accuracy: 92.0455%
[2025-07-25 14:59:02] [INFO] [gru.py:84] - [Epoch 77] Loss: 0.3631 | Accuracy: 84.0909%
[2025-07-25 14:59:02] [INFO] [gru.py:84] - [Epoch 78] Loss: 0.2972 | Accuracy: 90.9091%
[2025-07-25 14:59:02] [INFO] [gru.py:84] - [Epoch 79] Loss: 0.3073 | Accuracy: 89.7727%
[2025-07-25 14:59:02] [INFO] [gru.py:84] - [Epoch 80] Loss: 0.3049 | Accuracy: 86.3636%
[2025-07-25 14:59:02] [INFO] [gru.py:84] - [Epoch 81] Loss: 0.2849 | Accuracy: 90.9091%
[2025-07-25 14:59:02] [INFO] [gru.py:84] - [Epoch 82] Loss: 0.4306 | Accuracy: 84.0909%
[2025-07-25 14:59:02] [INFO] [gru.py:84] - [Epoch 83] Loss: 0.2458 | Accuracy: 94.3182%
[2025-07-25 14:59:02] [INFO] [gru.py:84] - [Epoch 84] Loss: 0.2054 | Accuracy: 89.7727%
[2025-07-25 14:59:02] [INFO] [gru.py:84] - [Epoch 85] Loss: 0.3249 | Accuracy: 92.0455%
[2025-07-25 14:59:02] [INFO] [gru.py:84] - [Epoch 86] Loss: 0.3385 | Accuracy: 89.7727%
[2025-07-25 14:59:02] [INFO] [gru.py:84] - [Epoch 87] Loss: 0.4286 | Accuracy: 90.9091%
[2025-07-25 14:59:02] [INFO] [gru.py:84] - [Epoch 88] Loss: 0.2465 | Accuracy: 90.9091%
[2025-07-25 14:59:02] [INFO] [gru.py:84] - [Epoch 89] Loss: 0.4241 | Accuracy: 85.2273%
[2025-07-25 14:59:02] [INFO] [gru.py:84] - [Epoch 90] Loss: 0.3212 | Accuracy: 89.7727%
[2025-07-25 14:59:02] [INFO] [gru.py:84] - [Epoch 91] Loss: 0.3662 | Accuracy: 87.5000%
[2025-07-25 14:59:03] [INFO] [gru.py:84] - [Epoch 92] Loss: 0.2758 | Accuracy: 89.7727%
[2025-07-25 14:59:03] [INFO] [gru.py:84] - [Epoch 93] Loss: 0.4529 | Accuracy: 86.3636%
[2025-07-25 14:59:03] [INFO] [gru.py:84] - [Epoch 94] Loss: 0.3027 | Accuracy: 90.9091%
[2025-07-25 14:59:03] [INFO] [gru.py:84] - [Epoch 95] Loss: 0.2687 | Accuracy: 90.9091%
[2025-07-25 14:59:03] [INFO] [gru.py:84] - [Epoch 96] Loss: 0.2182 | Accuracy: 90.9091%
[2025-07-25 14:59:03] [INFO] [gru.py:84] - [Epoch 97] Loss: 0.2382 | Accuracy: 89.7727%
[2025-07-25 14:59:03] [INFO] [gru.py:84] - [Epoch 98] Loss: 0.3938 | Accuracy: 93.1818%
[2025-07-25 14:59:03] [INFO] [gru.py:84] - [Epoch 99] Loss: 0.2409 | Accuracy: 89.7727%
[2025-07-25 14:59:03] [INFO] [gru.py:84] - [Epoch 100] Loss: 0.2525 | Accuracy: 89.7727%
[2025-07-25 14:59:03] [INFO] [gru.py:84] - [Epoch 101] Loss: 0.2748 | Accuracy: 89.7727%
[2025-07-25 14:59:03] [INFO] [gru.py:84] - [Epoch 102] Loss: 0.2944 | Accuracy: 90.9091%
[2025-07-25 14:59:03] [INFO] [gru.py:84] - [Epoch 103] Loss: 0.3009 | Accuracy: 86.3636%
[2025-07-25 14:59:03] [INFO] [gru.py:84] - [Epoch 104] Loss: 0.2258 | Accuracy: 93.1818%
[2025-07-25 14:59:03] [INFO] [gru.py:84] - [Epoch 105] Loss: 0.2819 | Accuracy: 88.6364%
[2025-07-25 14:59:03] [INFO] [gru.py:84] - [Epoch 106] Loss: 0.2358 | Accuracy: 90.9091%
[2025-07-25 14:59:03] [INFO] [gru.py:84] - [Epoch 107] Loss: 0.3523 | Accuracy: 93.1818%
[2025-07-25 14:59:03] [INFO] [gru.py:84] - [Epoch 108] Loss: 0.2581 | Accuracy: 90.9091%
[2025-07-25 14:59:03] [INFO] [gru.py:84] - [Epoch 109] Loss: 0.2667 | Accuracy: 88.6364%
[2025-07-25 14:59:03] [INFO] [gru.py:84] - [Epoch 110] Loss: 0.1969 | Accuracy: 92.0455%
[2025-07-25 14:59:03] [INFO] [gru.py:84] - [Epoch 111] Loss: 0.2662 | Accuracy: 87.5000%
[2025-07-25 14:59:03] [INFO] [gru.py:84] - [Epoch 112] Loss: 0.2074 | Accuracy: 92.0455%
[2025-07-25 14:59:03] [INFO] [gru.py:84] - [Epoch 113] Loss: 0.2382 | Accuracy: 89.7727%
[2025-07-25 14:59:03] [INFO] [gru.py:84] - [Epoch 114] Loss: 0.2525 | Accuracy: 92.0455%
[2025-07-25 14:59:03] [INFO] [gru.py:84] - [Epoch 115] Loss: 0.2189 | Accuracy: 93.1818%
[2025-07-25 14:59:03] [INFO] [gru.py:84] - [Epoch 116] Loss: 0.2648 | Accuracy: 88.6364%
[2025-07-25 14:59:03] [INFO] [gru.py:84] - [Epoch 117] Loss: 0.2427 | Accuracy: 92.0455%
[2025-07-25 14:59:03] [INFO] [gru.py:84] - [Epoch 118] Loss: 0.1711 | Accuracy: 93.1818%
[2025-07-25 14:59:03] [INFO] [gru.py:84] - [Epoch 119] Loss: 0.1899 | Accuracy: 93.1818%
[2025-07-25 14:59:03] [INFO] [gru.py:84] - [Epoch 120] Loss: 0.3957 | Accuracy: 88.6364%
[2025-07-25 14:59:03] [INFO] [gru.py:84] - [Epoch 121] Loss: 0.2091 | Accuracy: 92.0455%
[2025-07-25 14:59:03] [INFO] [gru.py:84] - [Epoch 122] Loss: 0.2605 | Accuracy: 92.0455%
[2025-07-25 14:59:03] [INFO] [gru.py:84] - [Epoch 123] Loss: 0.1941 | Accuracy: 92.0455%
[2025-07-25 14:59:03] [INFO] [gru.py:84] - [Epoch 124] Loss: 0.2237 | Accuracy: 89.7727%
[2025-07-25 14:59:03] [INFO] [gru.py:84] - [Epoch 125] Loss: 0.2276 | Accuracy: 90.9091%
[2025-07-25 14:59:03] [INFO] [gru.py:84] - [Epoch 126] Loss: 0.1932 | Accuracy: 89.7727%
[2025-07-25 14:59:03] [INFO] [gru.py:84] - [Epoch 127] Loss: 0.1627 | Accuracy: 93.1818%
[2025-07-25 14:59:03] [INFO] [gru.py:84] - [Epoch 128] Loss: 0.2702 | Accuracy: 87.5000%
[2025-07-25 14:59:03] [INFO] [gru.py:84] - [Epoch 129] Loss: 0.1836 | Accuracy: 92.0455%
[2025-07-25 14:59:03] [INFO] [gru.py:84] - [Epoch 130] Loss: 0.2242 | Accuracy: 93.1818%
[2025-07-25 14:59:03] [INFO] [gru.py:84] - [Epoch 131] Loss: 0.2355 | Accuracy: 90.9091%
[2025-07-25 14:59:03] [INFO] [gru.py:84] - [Epoch 132] Loss: 0.2176 | Accuracy: 88.6364%
[2025-07-25 14:59:03] [INFO] [gru.py:84] - [Epoch 133] Loss: 0.2499 | Accuracy: 88.6364%
[2025-07-25 14:59:03] [INFO] [gru.py:84] - [Epoch 134] Loss: 0.2699 | Accuracy: 90.9091%
[2025-07-25 14:59:03] [INFO] [gru.py:84] - [Epoch 135] Loss: 0.1426 | Accuracy: 93.1818%
[2025-07-25 14:59:03] [INFO] [gru.py:84] - [Epoch 136] Loss: 0.2099 | Accuracy: 92.0455%
[2025-07-25 14:59:03] [INFO] [gru.py:84] - [Epoch 137] Loss: 0.1704 | Accuracy: 89.7727%
[2025-07-25 14:59:03] [INFO] [gru.py:84] - [Epoch 138] Loss: 0.2056 | Accuracy: 94.3182%
[2025-07-25 14:59:03] [INFO] [gru.py:84] - [Epoch 139] Loss: 0.1962 | Accuracy: 92.0455%
[2025-07-25 14:59:03] [INFO] [gru.py:84] - [Epoch 140] Loss: 0.2627 | Accuracy: 86.3636%
[2025-07-25 14:59:03] [INFO] [gru.py:84] - [Epoch 141] Loss: 0.2369 | Accuracy: 94.3182%
[2025-07-25 14:59:03] [INFO] [gru.py:84] - [Epoch 142] Loss: 0.2325 | Accuracy: 90.9091%
[2025-07-25 14:59:03] [INFO] [gru.py:84] - [Epoch 143] Loss: 0.1670 | Accuracy: 93.1818%
[2025-07-25 14:59:03] [INFO] [gru.py:84] - [Epoch 144] Loss: 0.1705 | Accuracy: 94.3182%
[2025-07-25 14:59:03] [INFO] [gru.py:84] - [Epoch 145] Loss: 0.2658 | Accuracy: 85.2273%
[2025-07-25 14:59:03] [INFO] [gru.py:84] - [Epoch 146] Loss: 0.1723 | Accuracy: 93.1818%
[2025-07-25 14:59:03] [INFO] [gru.py:84] - [Epoch 147] Loss: 0.1780 | Accuracy: 94.3182%
[2025-07-25 14:59:03] [INFO] [gru.py:84] - [Epoch 148] Loss: 0.2256 | Accuracy: 90.9091%
[2025-07-25 14:59:03] [INFO] [gru.py:84] - [Epoch 149] Loss: 0.2109 | Accuracy: 92.0455%
[2025-07-25 14:59:03] [INFO] [gru.py:84] - [Epoch 150] Loss: 0.2015 | Accuracy: 94.3182%
[2025-07-25 14:59:03] [INFO] [gru.py:84] - [Epoch 151] Loss: 0.1967 | Accuracy: 93.1818%
[2025-07-25 14:59:03] [INFO] [gru.py:84] - [Epoch 152] Loss: 0.1601 | Accuracy: 92.0455%
[2025-07-25 14:59:03] [INFO] [gru.py:84] - [Epoch 153] Loss: 0.2987 | Accuracy: 92.0455%
[2025-07-25 14:59:03] [INFO] [gru.py:84] - [Epoch 154] Loss: 0.2572 | Accuracy: 93.1818%
[2025-07-25 14:59:03] [INFO] [gru.py:84] - [Epoch 155] Loss: 0.2056 | Accuracy: 92.0455%
[2025-07-25 14:59:03] [INFO] [gru.py:84] - [Epoch 156] Loss: 0.2293 | Accuracy: 89.7727%
[2025-07-25 14:59:03] [INFO] [gru.py:84] - [Epoch 157] Loss: 0.2043 | Accuracy: 93.1818%
[2025-07-25 14:59:03] [INFO] [gru.py:84] - [Epoch 158] Loss: 0.2178 | Accuracy: 87.5000%
[2025-07-25 14:59:03] [INFO] [gru.py:84] - [Epoch 159] Loss: 0.1816 | Accuracy: 92.0455%
[2025-07-25 14:59:03] [INFO] [gru.py:84] - [Epoch 160] Loss: 0.1942 | Accuracy: 89.7727%
[2025-07-25 14:59:03] [INFO] [gru.py:84] - [Epoch 161] Loss: 0.1685 | Accuracy: 92.0455%
[2025-07-25 14:59:03] [INFO] [gru.py:84] - [Epoch 162] Loss: 0.1493 | Accuracy: 92.0455%
[2025-07-25 14:59:03] [INFO] [gru.py:84] - [Epoch 163] Loss: 0.1901 | Accuracy: 90.9091%
[2025-07-25 14:59:03] [INFO] [gru.py:84] - [Epoch 164] Loss: 0.2235 | Accuracy: 93.1818%
[2025-07-25 14:59:03] [INFO] [gru.py:84] - [Epoch 165] Loss: 0.1604 | Accuracy: 93.1818%
[2025-07-25 14:59:03] [INFO] [gru.py:84] - [Epoch 166] Loss: 0.1716 | Accuracy: 92.0455%
[2025-07-25 14:59:03] [INFO] [gru.py:84] - [Epoch 167] Loss: 0.1463 | Accuracy: 94.3182%
[2025-07-25 14:59:03] [INFO] [gru.py:84] - [Epoch 168] Loss: 0.1630 | Accuracy: 92.0455%
[2025-07-25 14:59:03] [INFO] [gru.py:84] - [Epoch 169] Loss: 0.1975 | Accuracy: 92.0455%
[2025-07-25 14:59:03] [INFO] [gru.py:84] - [Epoch 170] Loss: 0.1631 | Accuracy: 94.3182%
[2025-07-25 14:59:03] [INFO] [gru.py:84] - [Epoch 171] Loss: 0.1494 | Accuracy: 95.4545%
[2025-07-25 14:59:03] [INFO] [gru.py:84] - [Epoch 172] Loss: 0.1914 | Accuracy: 92.0455%
[2025-07-25 14:59:03] [INFO] [gru.py:84] - [Epoch 173] Loss: 0.1492 | Accuracy: 95.4545%
[2025-07-25 14:59:03] [INFO] [gru.py:84] - [Epoch 174] Loss: 0.3513 | Accuracy: 87.5000%
[2025-07-25 14:59:03] [INFO] [gru.py:84] - [Epoch 175] Loss: 0.2215 | Accuracy: 88.6364%
[2025-07-25 14:59:03] [INFO] [gru.py:84] - [Epoch 176] Loss: 0.2169 | Accuracy: 90.9091%
[2025-07-25 14:59:03] [INFO] [gru.py:84] - [Epoch 177] Loss: 0.1857 | Accuracy: 93.1818%
[2025-07-25 14:59:03] [INFO] [gru.py:84] - [Epoch 178] Loss: 0.2261 | Accuracy: 93.1818%
[2025-07-25 14:59:03] [INFO] [gru.py:84] - [Epoch 179] Loss: 0.1323 | Accuracy: 96.5909%
[2025-07-25 14:59:03] [INFO] [gru.py:84] - [Epoch 180] Loss: 0.1683 | Accuracy: 94.3182%
[2025-07-25 14:59:03] [INFO] [gru.py:84] - [Epoch 181] Loss: 0.1413 | Accuracy: 96.5909%
[2025-07-25 14:59:03] [INFO] [gru.py:84] - [Epoch 182] Loss: 0.1686 | Accuracy: 94.3182%
[2025-07-25 14:59:03] [INFO] [gru.py:84] - [Epoch 183] Loss: 0.1556 | Accuracy: 92.0455%
[2025-07-25 14:59:04] [INFO] [gru.py:84] - [Epoch 184] Loss: 0.1224 | Accuracy: 96.5909%
[2025-07-25 14:59:04] [INFO] [gru.py:84] - [Epoch 185] Loss: 0.1830 | Accuracy: 92.0455%
[2025-07-25 14:59:04] [INFO] [gru.py:84] - [Epoch 186] Loss: 0.1581 | Accuracy: 94.3182%
[2025-07-25 14:59:04] [INFO] [gru.py:84] - [Epoch 187] Loss: 0.1565 | Accuracy: 96.5909%
[2025-07-25 14:59:04] [INFO] [gru.py:84] - [Epoch 188] Loss: 0.2104 | Accuracy: 92.0455%
[2025-07-25 14:59:04] [INFO] [gru.py:84] - [Epoch 189] Loss: 0.1660 | Accuracy: 92.0455%
[2025-07-25 14:59:04] [INFO] [gru.py:84] - [Epoch 190] Loss: 0.2394 | Accuracy: 89.7727%
[2025-07-25 14:59:04] [INFO] [gru.py:84] - [Epoch 191] Loss: 0.1801 | Accuracy: 89.7727%
[2025-07-25 14:59:04] [INFO] [gru.py:84] - [Epoch 192] Loss: 0.1590 | Accuracy: 93.1818%
[2025-07-25 14:59:04] [INFO] [gru.py:84] - [Epoch 193] Loss: 0.1778 | Accuracy: 90.9091%
[2025-07-25 14:59:04] [INFO] [gru.py:84] - [Epoch 194] Loss: 0.1060 | Accuracy: 96.5909%
[2025-07-25 14:59:04] [INFO] [gru.py:84] - [Epoch 195] Loss: 0.1216 | Accuracy: 95.4545%
[2025-07-25 14:59:04] [INFO] [gru.py:84] - [Epoch 196] Loss: 0.1622 | Accuracy: 93.1818%
[2025-07-25 14:59:04] [INFO] [gru.py:84] - [Epoch 197] Loss: 0.1392 | Accuracy: 94.3182%
[2025-07-25 14:59:04] [INFO] [gru.py:84] - [Epoch 198] Loss: 0.1946 | Accuracy: 92.0455%
[2025-07-25 14:59:04] [INFO] [gru.py:84] - [Epoch 199] Loss: 0.2922 | Accuracy: 89.7727%
[2025-07-25 14:59:04] [INFO] [gru.py:84] - [Epoch 200] Loss: 0.2192 | Accuracy: 92.0455%
[2025-07-25 14:59:04] [INFO] [gru.py:84] - [Epoch 201] Loss: 0.2270 | Accuracy: 90.9091%
[2025-07-25 14:59:04] [INFO] [gru.py:84] - [Epoch 202] Loss: 0.2027 | Accuracy: 92.0455%
[2025-07-25 14:59:04] [INFO] [gru.py:84] - [Epoch 203] Loss: 0.1930 | Accuracy: 90.9091%
[2025-07-25 14:59:04] [INFO] [gru.py:84] - [Epoch 204] Loss: 0.1586 | Accuracy: 92.0455%
[2025-07-25 14:59:04] [INFO] [gru.py:84] - [Epoch 205] Loss: 0.2076 | Accuracy: 94.3182%
[2025-07-25 14:59:04] [INFO] [gru.py:84] - [Epoch 206] Loss: 0.1280 | Accuracy: 94.3182%
[2025-07-25 14:59:04] [INFO] [gru.py:84] - [Epoch 207] Loss: 0.1805 | Accuracy: 92.0455%
[2025-07-25 14:59:04] [INFO] [gru.py:84] - [Epoch 208] Loss: 0.1529 | Accuracy: 93.1818%
[2025-07-25 14:59:04] [INFO] [gru.py:84] - [Epoch 209] Loss: 0.2085 | Accuracy: 90.9091%
[2025-07-25 14:59:04] [INFO] [gru.py:84] - [Epoch 210] Loss: 0.2116 | Accuracy: 92.0455%
[2025-07-25 14:59:04] [INFO] [gru.py:84] - [Epoch 211] Loss: 0.1858 | Accuracy: 92.0455%
[2025-07-25 14:59:04] [INFO] [gru.py:84] - [Epoch 212] Loss: 0.1875 | Accuracy: 93.1818%
[2025-07-25 14:59:04] [INFO] [gru.py:84] - [Epoch 213] Loss: 0.1575 | Accuracy: 94.3182%
[2025-07-25 14:59:04] [INFO] [gru.py:84] - [Epoch 214] Loss: 0.1356 | Accuracy: 94.3182%
[2025-07-25 14:59:04] [INFO] [gru.py:84] - [Epoch 215] Loss: 0.1542 | Accuracy: 92.0455%
[2025-07-25 14:59:04] [INFO] [gru.py:84] - [Epoch 216] Loss: 0.1404 | Accuracy: 90.9091%
[2025-07-25 14:59:04] [INFO] [gru.py:84] - [Epoch 217] Loss: 0.1250 | Accuracy: 96.5909%
[2025-07-25 14:59:04] [INFO] [gru.py:84] - [Epoch 218] Loss: 0.1235 | Accuracy: 95.4545%
[2025-07-25 14:59:04] [INFO] [gru.py:84] - [Epoch 219] Loss: 0.1225 | Accuracy: 94.3182%
[2025-07-25 14:59:04] [INFO] [gru.py:84] - [Epoch 220] Loss: 0.1450 | Accuracy: 95.4545%
[2025-07-25 14:59:04] [INFO] [gru.py:84] - [Epoch 221] Loss: 0.1251 | Accuracy: 95.4545%
[2025-07-25 14:59:04] [INFO] [gru.py:84] - [Epoch 222] Loss: 0.1405 | Accuracy: 93.1818%
[2025-07-25 14:59:04] [INFO] [gru.py:84] - [Epoch 223] Loss: 0.1473 | Accuracy: 95.4545%
[2025-07-25 14:59:04] [INFO] [gru.py:84] - [Epoch 224] Loss: 0.1165 | Accuracy: 93.1818%
[2025-07-25 14:59:04] [INFO] [gru.py:84] - [Epoch 225] Loss: 0.1306 | Accuracy: 95.4545%
[2025-07-25 14:59:04] [INFO] [gru.py:84] - [Epoch 226] Loss: 0.1269 | Accuracy: 95.4545%
[2025-07-25 14:59:04] [INFO] [gru.py:84] - [Epoch 227] Loss: 0.1517 | Accuracy: 95.4545%
[2025-07-25 14:59:04] [INFO] [gru.py:84] - [Epoch 228] Loss: 0.0833 | Accuracy: 95.4545%
[2025-07-25 14:59:04] [INFO] [gru.py:84] - [Epoch 229] Loss: 0.0768 | Accuracy: 97.7273%
[2025-07-25 14:59:04] [INFO] [gru.py:84] - [Epoch 230] Loss: 0.0868 | Accuracy: 98.8636%
[2025-07-25 14:59:04] [INFO] [gru.py:84] - [Epoch 231] Loss: 0.1122 | Accuracy: 97.7273%
[2025-07-25 14:59:04] [INFO] [gru.py:84] - [Epoch 232] Loss: 0.1520 | Accuracy: 93.1818%
[2025-07-25 14:59:04] [INFO] [gru.py:84] - [Epoch 233] Loss: 0.1233 | Accuracy: 95.4545%
[2025-07-25 14:59:04] [INFO] [gru.py:84] - [Epoch 234] Loss: 0.1309 | Accuracy: 95.4545%
[2025-07-25 14:59:04] [INFO] [gru.py:84] - [Epoch 235] Loss: 0.1032 | Accuracy: 95.4545%
[2025-07-25 14:59:04] [INFO] [gru.py:84] - [Epoch 236] Loss: 0.1756 | Accuracy: 94.3182%
[2025-07-25 14:59:04] [INFO] [gru.py:84] - [Epoch 237] Loss: 0.1010 | Accuracy: 95.4545%
[2025-07-25 14:59:04] [INFO] [gru.py:84] - [Epoch 238] Loss: 0.1155 | Accuracy: 95.4545%
[2025-07-25 14:59:04] [INFO] [gru.py:84] - [Epoch 239] Loss: 0.1100 | Accuracy: 95.4545%
[2025-07-25 14:59:04] [INFO] [gru.py:84] - [Epoch 240] Loss: 0.1015 | Accuracy: 94.3182%
[2025-07-25 14:59:04] [INFO] [gru.py:84] - [Epoch 241] Loss: 0.1027 | Accuracy: 95.4545%
[2025-07-25 14:59:04] [INFO] [gru.py:84] - [Epoch 242] Loss: 0.1186 | Accuracy: 94.3182%
[2025-07-25 14:59:04] [INFO] [gru.py:84] - [Epoch 243] Loss: 0.1280 | Accuracy: 94.3182%
[2025-07-25 14:59:04] [INFO] [gru.py:84] - [Epoch 244] Loss: 0.0997 | Accuracy: 95.4545%
[2025-07-25 14:59:04] [INFO] [gru.py:84] - [Epoch 245] Loss: 0.1445 | Accuracy: 92.0455%
[2025-07-25 14:59:04] [INFO] [gru.py:84] - [Epoch 246] Loss: 0.1971 | Accuracy: 93.1818%
[2025-07-25 14:59:04] [INFO] [gru.py:84] - [Epoch 247] Loss: 0.1308 | Accuracy: 94.3182%
[2025-07-25 14:59:04] [INFO] [gru.py:84] - [Epoch 248] Loss: 0.1020 | Accuracy: 95.4545%
[2025-07-25 14:59:04] [INFO] [gru.py:84] - [Epoch 249] Loss: 0.1808 | Accuracy: 95.4545%
[2025-07-25 14:59:04] [INFO] [gru.py:84] - [Epoch 250] Loss: 0.0872 | Accuracy: 97.7273%
[2025-07-25 14:59:04] [INFO] [gru.py:84] - [Epoch 251] Loss: 0.1046 | Accuracy: 95.4545%
[2025-07-25 14:59:04] [INFO] [gru.py:84] - [Epoch 252] Loss: 0.1124 | Accuracy: 96.5909%
[2025-07-25 14:59:04] [INFO] [gru.py:84] - [Epoch 253] Loss: 0.1057 | Accuracy: 95.4545%
[2025-07-25 14:59:04] [INFO] [gru.py:84] - [Epoch 254] Loss: 0.1398 | Accuracy: 95.4545%
[2025-07-25 14:59:04] [INFO] [gru.py:84] - [Epoch 255] Loss: 0.1845 | Accuracy: 93.1818%
[2025-07-25 14:59:04] [INFO] [gru.py:84] - [Epoch 256] Loss: 0.0821 | Accuracy: 95.4545%
[2025-07-25 14:59:04] [INFO] [gru.py:84] - [Epoch 257] Loss: 0.0814 | Accuracy: 95.4545%
[2025-07-25 14:59:04] [INFO] [gru.py:84] - [Epoch 258] Loss: 0.1039 | Accuracy: 96.5909%
[2025-07-25 14:59:04] [INFO] [gru.py:84] - [Epoch 259] Loss: 0.1026 | Accuracy: 98.8636%
[2025-07-25 14:59:04] [INFO] [gru.py:84] - [Epoch 260] Loss: 0.1192 | Accuracy: 96.5909%
[2025-07-25 14:59:04] [INFO] [gru.py:84] - [Epoch 261] Loss: 0.0760 | Accuracy: 97.7273%
[2025-07-25 14:59:04] [INFO] [gru.py:84] - [Epoch 262] Loss: 0.0796 | Accuracy: 95.4545%
[2025-07-25 14:59:04] [INFO] [gru.py:84] - [Epoch 263] Loss: 0.1181 | Accuracy: 95.4545%
[2025-07-25 14:59:04] [INFO] [gru.py:84] - [Epoch 264] Loss: 0.2124 | Accuracy: 92.0455%
[2025-07-25 14:59:04] [INFO] [gru.py:84] - [Epoch 265] Loss: 0.0707 | Accuracy: 98.8636%
[2025-07-25 14:59:04] [INFO] [gru.py:84] - [Epoch 266] Loss: 0.0875 | Accuracy: 94.3182%
[2025-07-25 14:59:04] [INFO] [gru.py:84] - [Epoch 267] Loss: 0.2628 | Accuracy: 96.5909%
[2025-07-25 14:59:04] [INFO] [gru.py:84] - [Epoch 268] Loss: 0.0947 | Accuracy: 96.5909%
[2025-07-25 14:59:04] [INFO] [gru.py:84] - [Epoch 269] Loss: 0.1715 | Accuracy: 92.0455%
[2025-07-25 14:59:04] [INFO] [gru.py:84] - [Epoch 270] Loss: 0.1295 | Accuracy: 93.1818%
[2025-07-25 14:59:04] [INFO] [gru.py:84] - [Epoch 271] Loss: 0.0981 | Accuracy: 95.4545%
[2025-07-25 14:59:04] [INFO] [gru.py:84] - [Epoch 272] Loss: 0.1070 | Accuracy: 93.1818%
[2025-07-25 14:59:04] [INFO] [gru.py:84] - [Epoch 273] Loss: 0.0788 | Accuracy: 97.7273%
[2025-07-25 14:59:04] [INFO] [gru.py:84] - [Epoch 274] Loss: 0.0968 | Accuracy: 96.5909%
[2025-07-25 14:59:04] [INFO] [gru.py:84] - [Epoch 275] Loss: 0.1319 | Accuracy: 94.3182%
[2025-07-25 14:59:04] [INFO] [gru.py:84] - [Epoch 276] Loss: 0.1185 | Accuracy: 97.7273%
[2025-07-25 14:59:04] [INFO] [gru.py:84] - [Epoch 277] Loss: 0.1244 | Accuracy: 94.3182%
[2025-07-25 14:59:04] [INFO] [gru.py:84] - [Epoch 278] Loss: 0.0952 | Accuracy: 95.4545%
[2025-07-25 14:59:05] [INFO] [gru.py:84] - [Epoch 279] Loss: 0.1071 | Accuracy: 95.4545%
[2025-07-25 14:59:05] [INFO] [gru.py:84] - [Epoch 280] Loss: 0.0651 | Accuracy: 96.5909%
[2025-07-25 14:59:05] [INFO] [gru.py:84] - [Epoch 281] Loss: 0.1631 | Accuracy: 97.7273%
[2025-07-25 14:59:05] [INFO] [gru.py:84] - [Epoch 282] Loss: 0.1005 | Accuracy: 97.7273%
[2025-07-25 14:59:05] [INFO] [gru.py:84] - [Epoch 283] Loss: 0.1112 | Accuracy: 96.5909%
[2025-07-25 14:59:05] [INFO] [gru.py:84] - [Epoch 284] Loss: 0.1131 | Accuracy: 95.4545%
[2025-07-25 14:59:05] [INFO] [gru.py:84] - [Epoch 285] Loss: 0.1275 | Accuracy: 95.4545%
[2025-07-25 14:59:05] [INFO] [gru.py:84] - [Epoch 286] Loss: 0.1051 | Accuracy: 96.5909%
[2025-07-25 14:59:05] [INFO] [gru.py:84] - [Epoch 287] Loss: 0.1395 | Accuracy: 95.4545%
[2025-07-25 14:59:05] [INFO] [gru.py:84] - [Epoch 288] Loss: 0.1510 | Accuracy: 93.1818%
[2025-07-25 14:59:05] [INFO] [gru.py:84] - [Epoch 289] Loss: 0.0736 | Accuracy: 95.4545%
[2025-07-25 14:59:05] [INFO] [gru.py:84] - [Epoch 290] Loss: 0.1432 | Accuracy: 95.4545%
[2025-07-25 14:59:05] [INFO] [gru.py:84] - [Epoch 291] Loss: 0.0673 | Accuracy: 96.5909%
[2025-07-25 14:59:05] [INFO] [gru.py:84] - [Epoch 292] Loss: 0.0817 | Accuracy: 96.5909%
[2025-07-25 14:59:05] [INFO] [gru.py:84] - [Epoch 293] Loss: 0.0773 | Accuracy: 94.3182%
[2025-07-25 14:59:05] [INFO] [gru.py:84] - [Epoch 294] Loss: 0.0721 | Accuracy: 97.7273%
[2025-07-25 14:59:05] [INFO] [gru.py:84] - [Epoch 295] Loss: 0.0951 | Accuracy: 96.5909%
[2025-07-25 14:59:05] [INFO] [gru.py:84] - [Epoch 296] Loss: 0.0858 | Accuracy: 97.7273%
[2025-07-25 14:59:05] [INFO] [gru.py:84] - [Epoch 297] Loss: 0.0597 | Accuracy: 97.7273%
[2025-07-25 14:59:05] [INFO] [gru.py:84] - [Epoch 298] Loss: 0.0480 | Accuracy: 98.8636%
[2025-07-25 14:59:05] [INFO] [gru.py:84] - [Epoch 299] Loss: 0.0810 | Accuracy: 96.5909%
[2025-07-25 14:59:05] [INFO] [gru.py:84] - [Epoch 300] Loss: 0.0475 | Accuracy: 98.8636%
[2025-07-25 14:59:05] [INFO] [gru.py:89] - ==== Test Evaluation Results ====
[2025-07-25 14:59:05] [INFO] [gru.py:90] - Confusion Matrix:
[2025-07-25 14:59:05] [INFO] [gru.py:91] -   TP: 7, TN: 14, FP: 0, FN: 2
[2025-07-25 14:59:05] [INFO] [gru.py:92] - Precision : 1.0000
[2025-07-25 14:59:05] [INFO] [gru.py:93] - Recall    : 0.7778
[2025-07-25 14:59:05] [INFO] [gru.py:94] - F1 Score  : 0.8750
[2025-07-25 14:59:05] [INFO] [gru.py:95] - Accuracy  : 91.30%
